


                     eT 1.8 - an electronic structure program

  ------------------------------------------------------------------------
   Author list in alphabetical order:
  ------------------------------------------------------------------------
   J. H. Andersen, A. Balbi, S. Coriani, S. D. Folkestad, T. Giovannini, 
   L. Goletto, T. S. Haugland, A. Hutcheson, I-M. Høyvik, E. F. Kjønstad, 
   H. Koch, R. Matveeva, T. Moitra, R. H. Myhre, A. C. Paul, S. Roet, 
   E. Ronca, M. Scavino, A. K. Schnack-Petersen, A. S. Skeidsvoll, Å. 
   H. Tveten
  ------------------------------------------------------------------------
   J. Chem. Phys. 152, 184103 (2020); https://doi.org/10.1063/5.0004713


   This is eT 1.8.0 Ibiza (development)
  ------------------------------------------------------------
  Configuration date: 2022-06-28 14:36:05 UTC +02:00
  Git branch:         hf_grad_print
  Git hash:           6eaabd79ae7f420cb2aa77a3e6b7aa29a93bfbfa
  Fortran compiler:   GNU 12.1.0
  C compiler:         GNU 12.1.0
  C++ compiler:       GNU 12.1.0
  LAPACK type:        MKL
  BLAS type:          MKL
  64-bit integers:    ON
  OpenMP:             ON
  PCM:                OFF
  Forced batching:    OFF
  Runtime checks:     OFF
  ------------------------------------------------------------


  :: Input file
  ================

     Note: geometry section is excluded from this print

     system
         name: gradient
         charge: 0
     end system

     do
         ground state
     end do

     memory
         available: 128
     end memory

     method
         hf
     end method

     solver scf
         gradient threshold: 1d-10
     end solver scf


  Calculation start:2022-06-28 21:10:35 UTC +02:00

  Running on 1 OMP thread
  Memory available for calculation: 128.000000 GB


  :: RHF wavefunction
  ===================

     ==============================================================================
                                     Geometry (angstrom)
     ==============================================================================
        Atom           X                  Y                  Z         # in input
     ==============================================================================
        Basis: sto-3g
        1  O    -0.935681155496     1.293832044714    -3.203613092117        1
        2  H    -1.668901017043     1.284131106619    -2.475455530274        2
        3  H    -1.186122805907     0.795436774294    -3.938913297956        3
        4  O    -2.689742643680    -2.737671808555    -0.013961155899        4
        5  H    -2.204164704186    -2.836737427801    -0.804666660652        5
        6  H    -2.088019738577    -2.635922364290     0.664860309572        6
        7  O    -2.590837027412     1.495467473259    -0.749886795436        7
        8  H    -2.060297125684     1.380149121049     0.009490263899        8
        9  H    -3.339970641318     0.962015136014    -0.535663200215        9
       10  O    -0.507744677527    -2.076933832236     2.164642126020       10
       11  H     0.031586798842    -1.594802155623     1.558530237117       11
       12  H    -1.213748443019    -1.445283531751     2.362753801042       12
       13  O     1.485114136033     2.853796476038    -2.848866790881       13
       14  H     1.954275932567     2.750091719240    -3.699484744325       14
       15  H     0.669117807590     2.456672582581    -3.073242693429       15
       16  O     0.675733858088    -0.943514168478    -0.728376412203       16
       17  H     1.603657804272    -0.936765204732    -0.986848269162       17
       18  H     0.256644990491    -0.364868099893    -1.359955531953       18
       19  O    -0.933078536109     1.216791065587     1.708046093125       19
       20  H     0.009652921984     1.344142419824     1.615150212413       20
       21  H    -1.027961017298     1.159348287660     2.679394560238       21
       22  O    -4.644114430301    -0.687526447080     0.202977862937       22
       23  H    -4.125947611639    -1.407564910522    -0.006544644326       23
       24  H    -5.503427916356    -1.017289295794     0.443217878493       24
       25  O    -2.990962351983    -0.756981157049     2.832394484270       25
       26  H    -3.602977181662    -0.596444968598     2.134328551469       26
       27  H    -3.485313939567    -1.262505661828     3.453654812405       27
       28  O     2.081186967113     2.469445826504     0.124326554623       28
       29  H     1.753736013096     2.720284731475    -0.721537252985       29
       30  H     2.998954582478     2.587215850684     0.228786795868       30
     ==============================================================================

     ==============================================================================
                                     Geometry (a.u.)
     ==============================================================================
        Atom           X                  Y                  Z         # in input
     ==============================================================================
        Basis: sto-3g
        1  O    -1.768181123803     2.444988215695    -6.053951353173        1
        2  H    -3.153765851219     2.426656099545    -4.677932985757        2
        3  H    -2.241447253265     1.503157652823    -7.443467361544        3
        4  O    -5.082876942118    -5.173449937112    -0.026382761032        4
        5  H    -4.165267624344    -5.360656825846    -1.520599610201        5
        6  H    -3.945785448597    -4.981171354124     1.256403896185        6
        7  O    -4.895972415191     2.826023952655    -1.417080667802        7
        8  H    -3.893397302771     2.608103849842     0.017933999620        8
        9  H    -6.311629776179     1.817945134753    -1.012256743414        9
       10  O    -0.959498381731    -3.924836121769     4.090580775874       10
       11  H     0.059690398964    -3.013739296994     2.945195305004       11
       12  H    -2.293652141423    -2.731190047354     4.464957583745       12
       13  O     2.806458980822     5.392893754962    -5.383578000134       13
       14  H     3.693046284380     5.196920166798    -6.991012968781       14
       15  H     1.264449401414     4.642438358806    -5.807587004901       15
       16  O     1.276951924882    -1.782983373071    -1.376431934657       16
       17  H     3.030474047596    -1.770229679967    -1.864872955218       17
       18  H     0.484988743270    -0.689500780388    -2.569943496978       18
       19  O    -1.763262885956     2.299401864776     3.227739324139       19
       20  H     0.018241378852     2.540061045877     3.052191551493       20
       21  H    -1.942564789423     2.190850746660     5.063321898500       21
       22  O    -8.776104364410    -1.299236688376     0.383572570300       22
       23  H    -7.796910990301    -2.659912183435    -0.012367585359       23
       24  H   -10.399971508198    -1.922398158502     0.837560403863       24
       25  O    -5.652099694132    -1.430487068279     5.352449851999       25
       26  H    -6.808640106399    -1.127117639025     4.033296422115       26
       27  H    -6.586288803910    -2.385789931568     6.526461724233       27
       28  O     3.932873381858     4.666576291542     0.234943138249       28
       29  H     3.314080759539     5.140593123323    -1.363507796812       29
       30  H     5.667202820893     4.889129382927     0.432344385108       30
     ==============================================================================

  - Cholesky decomposition of AO overlap to get linearly independent AOs:

     Linear dependence threshold:             0.10E-05
     Number of atomic orbitals:               70
     Number of orthonormal atomic orbitals:   70

  - Molecular orbital details:

     Number of occupied orbitals:        50
     Number of virtual orbitals:         20
     Number of molecular orbitals:       70


  Generating initial SAD density
  ==============================


  Determining reference state
  ===========================

  - Setting initial AO density to sad

     Energy of initial guess:              -747.165984956724
     Number of electrons in guess:          100.000000000000

  - Screening and integral thresholds:

     Coulomb screening threshold:    0.1000E-15
     Exchange screening threshold:   0.1000E-13
     ERI cutoff:                     0.1000E-15
     One-electron integral  cutoff:  0.1000E-20
     Cumulative Fock threshold:      0.1000E+01

  - SCF solver settings:

     Maximum iterations:                   100
     Acceleration type:                   diis

  - Convergence thresholds

     Residual threshold:            0.1000E-09

  - DIIS tool settings:

     DIIS dimension:   8

     Storage (solver scf_errors): memory
     Storage (solver scf_parameters): memory

  Iteration       Energy (a.u.)      Max(grad.)    Delta E (a.u.)
  ---------------------------------------------------------------
     1          -749.363611918948     0.1080E+00     0.7494E+03
     2          -749.661219667651     0.1078E-01     0.2976E+00
     3          -749.665328440723     0.2329E-02     0.4109E-02
     4          -749.665624610907     0.2332E-03     0.2962E-03
     5          -749.665625750218     0.7385E-04     0.1139E-05
     6          -749.665625868585     0.1253E-04     0.1184E-06
     7          -749.665625871776     0.2326E-05     0.3191E-08
     8          -749.665625871934     0.3118E-06     0.1583E-09
     9          -749.665625871936     0.6877E-07     0.2046E-11
    10          -749.665625871936     0.1891E-07     0.3411E-12
    11          -749.665625871936     0.3223E-08     0.1137E-12
    12          -749.665625871936     0.6941E-09     0.2274E-12
    13          -749.665625871936     0.1213E-09     0.2274E-12
    14          -749.665625871936     0.2934E-10     0.2274E-12
  ---------------------------------------------------------------
  Convergence criterion met in 14 iterations!

  - Summary of RHF wavefunction energetics (a.u.):

                        Molecular gradient (Hartree/bohr)
  ==================================================================================
                 1                         2                         3
    1       -0.0210560145510563       -0.0705624868935058       -0.1182943891652129
    2       -0.0277134485002934        0.0077874506371954        0.0457381528349067
    3        0.0470895539696823        0.0540009768999915        0.0620206227175240
    4        0.1305560680969569       -0.0015430339694618        0.0187347657885748
    5       -0.0465448344212000        0.0064048957852942        0.0500732758693889
    6       -0.0822301857997250       -0.0099262369431636       -0.0720102838457232
    7       -0.0082281485095140       -0.0346928616077648        0.0760637083376809
    8       -0.0455779080736445        0.0055932855276912       -0.0623326231988183
    9        0.0472509284907021        0.0317474833635448       -0.0114680693433354
   10        0.0231477176695792        0.0477827477600872       -0.0261176134825560
   11       -0.0326905538291096       -0.0323931543501507        0.0389857305576873
   12        0.0185400533906974       -0.0167693656128354       -0.0065618285955565
   13       -0.0527692085286484       -0.0301468062698959       -0.0232129482773024
   14       -0.0104602460178478       -0.0014783846094617        0.0068671168132561
   15        0.0732886277148900        0.0346561081076810        0.0106669630515279
   16        0.0165581633840798        0.0352019843114005       -0.0472131934919637
   17       -0.0254586716599456       -0.0060163236697525        0.0127616815723040
   18        0.0116546291671061       -0.0292193293005620        0.0315147871897219
   19        0.0413364325758183        0.0089314578018448        0.0094549151051817
   20       -0.0415211393867347       -0.0070431148614901        0.0054233769028000
   21        0.0024632008344866        0.0004408838163990       -0.0084522272178550
   22        0.0135051141191510       -0.1196029271318101       -0.0212523109586940
   23       -0.0580999022339239        0.0994955660856156        0.0230759066755000
   24        0.0320589213888696        0.0244972060435985       -0.0059364409324503
   25       -0.0815869972264442       -0.0221831788389638       -0.0010057535975686
   26        0.0416977222173385       -0.0085043811533475        0.0450187295378978
   27        0.0347117453841116        0.0323015503260583       -0.0367197923177666
   28        0.0833346285445720        0.0433097822999411       -0.0781278066376704
   29       -0.0115868633030171       -0.0218119769178803        0.0599684235277514
   30       -0.0699476995124282       -0.0202579245991839        0.0223372051388829
  ==================================================================================

     HOMO-LUMO gap:                  0.907966228707
     Nuclear repulsion energy:     650.370955495409
     Electronic energy:          -1400.036581367346
     Total energy:                -749.665625871936

  Peak memory usage during the execution of eT: 14.541080 MB

  Total wall time in eT (sec):             31.99348
  Total cpu time in eT (sec):              31.90446

  Calculation end:2022-06-28 21:11:07 UTC +02:00

  - Implementation references:

     eT: https://doi.org/10.1063/5.0004713

  eT terminated successfully!
