


                     eT 1.8 - an electronic structure program

  ------------------------------------------------------------------------
   Author list in alphabetical order:
  ------------------------------------------------------------------------
   J. H. Andersen, A. Balbi, S. Coriani, S. D. Folkestad, T. Giovannini, 
   L. Goletto, T. S. Haugland, A. Hutcheson, I-M. Høyvik, E. F. Kjønstad, 
   H. Koch, R. Matveeva, T. Moitra, R. H. Myhre, A. C. Paul, S. Roet, 
   E. Ronca, M. Scavino, A. K. Schnack-Petersen, A. S. Skeidsvoll, Å. 
   H. Tveten
  ------------------------------------------------------------------------
   J. Chem. Phys. 152, 184103 (2020); https://doi.org/10.1063/5.0004713


   This is eT 1.8.0 Ibiza (development)
  ------------------------------------------------------------
  Configuration date: 2022-05-19 10:17:14 UTC +02:00
  Git branch:         development
  Git hash:           5fa33bb5e0a3c085205f2bdb99c7dd22b9ca1819
  Fortran compiler:   GNU 10.3.0
  C compiler:         GNU 10.3.0
  C++ compiler:       GNU 10.3.0
  LAPACK type:        MKL
  BLAS type:          MKL
  64-bit integers:    ON
  OpenMP:             ON
  PCM:                OFF
  Forced batching:    OFF
  Runtime checks:     OFF
  ------------------------------------------------------------


  :: Input file
  ================

     Note: geometry section is excluded from this print

     system
         name: Dipole
         charge: 0
     end system

     do
         ground state
     end do

     memory
         available: 8
     end memory

     method
         hf
     end method

     hf mean value
        dipole
     end hf mean value


  Calculation start:2022-06-14 13:29:36 UTC +02:00

  Running on 4 OMP threads
  Memory available for calculation: 8.000000 GB


  :: RHF wavefunction
  ======================

     ==============================================================================
                                     Geometry (angstrom)
     ==============================================================================
        Atom           X                  Y                  Z         # in input
     ==============================================================================
        Basis: cc-pvdz
        1  O     1.166662164507    -0.656871744471    -1.021097743752        1
        2  H     1.166663121192    -1.589340174608    -0.865801445723        2
        3  H     1.166663135893    -0.268493966213    -0.154285658084        3
        4  O     1.166666861375     0.620270145322     1.700913361352        4
        5  H     1.166659174360     0.328533676893     2.600615182184        5
        6  H     1.166669542777     1.565899063294     1.739636104387        6
     ==============================================================================

     ==============================================================================
                                     Geometry (a.u.)
     ==============================================================================
        Atom           X                  Y                  Z         # in input
     ==============================================================================
        Basis: cc-pvdz
        1  O     2.204671970810    -1.241307696015    -1.929595082103        1
        2  H     2.204673778682    -3.003417648777    -1.636127610670        2
        3  H     2.204673806463    -0.507380062241    -0.291557638727        3
        4  O     2.204680846604     1.172140697903     3.214260414568        4
        5  H     2.204666320252     0.620838672025     4.914450449714        5
        6  H     2.204685913721     2.959120368339     3.287435793697        6
     ==============================================================================

  - Cholesky decomposition of AO overlap to get linearly independent AOs:

     Linear dependence threshold:             0.10E-05
     Number of atomic orbitals:               48
     Number of orthonormal atomic orbitals:   48

  - Molecular orbital details:

     Number of occupied orbitals:        10
     Number of virtual orbitals:         38
     Number of molecular orbitals:       48


  :: Hartree-Fock engine
  =========================

  Drives the calculation of the Hartree-Fock state.

  This is a RHF ground state calculation.
  The following tasks will be performed:

     1) Generate initial SAD density
     2) Calculation of reference state (SCF-DIIS algorithm)
     3) Calculate dipole and/or quadrupole moments


  1) Generate initial SAD density


  2) Calculation of reference state (SCF-DIIS algorithm)

  - Setting initial AO density to sad

     Energy of initial guess:              -151.857473499702
     Number of electrons in guess:           20.000000000000

  - Screening and integral thresholds:

     Coulomb screening threshold:    0.1000E-12
     Exchange screening threshold:   0.1000E-10
     ERI cutoff:                     0.1000E-12
     One-electron integral  cutoff:  0.1000E-17
     Cumulative Fock threshold:      0.1000E+01

  - SCF solver settings:

     Maximum iterations:                   100
     Acceleration type:                   diis

  - Convergence thresholds

     Residual threshold:            0.1000E-06

  - DIIS tool settings:

     DIIS dimension:   8

     Storage (solver scf_errors): memory
     Storage (solver scf_parameters): memory

  Iteration       Energy (a.u.)      Max(grad.)    Delta E (a.u.)
  ---------------------------------------------------------------
     1          -151.990956006472     0.8294E-01     0.1520E+03
     2          -152.045951655213     0.6032E-01     0.5500E-01
     3          -152.061991583635     0.4364E-02     0.1604E-01
     4          -152.062346581097     0.1261E-02     0.3550E-03
     5          -152.062369381797     0.3738E-03     0.2280E-04
     6          -152.062370339513     0.1035E-03     0.9577E-06
     7          -152.062370409484     0.2702E-04     0.6997E-07
     8          -152.062370415034     0.1653E-05     0.5550E-08
     9          -152.062370415107     0.4310E-06     0.7341E-10
    10          -152.062370415113     0.1593E-06     0.5230E-11
    11          -152.062370415124     0.2842E-07     0.1194E-10
  ---------------------------------------------------------------
  Convergence criterion met in 11 iterations!

  - Summary of RHF wavefunction energetics (a.u.):

     HOMO-LUMO gap:                  0.627076991126
     Nuclear repulsion energy:      36.133472666629
     Electronic energy:           -188.195843081754
     Total energy:                -152.062370415124


  3) Calculate dipole and/or quadrupole moments

  - Operator: dipole moment [a.u.]

     x:         -0.0000019
     y:          0.1789514
     z:          1.5365067

     |mu|:       1.5468925

  - Operator: dipole moment [Debye]

     x:         -0.0000049
     y:          0.4548490
     z:          3.9054106

     |mu|:       3.9318086

  - Timings for the RHF ground state calculation

     Total wall time (sec):              0.78698
     Total cpu time (sec):               3.12382

  ------------------------------------------------------------

  Peak memory usage during the execution of eT: 494.688 KB

  Total wall time in eT (sec):              0.80811
  Total cpu time in eT (sec):               3.14761

  Calculation end:2022-06-14 13:29:36 UTC +02:00

  - Implementation references:

     eT: https://doi.org/10.1063/5.0004713

  eT terminated successfully!
