  ------------------------------------------------------------
  Configuration date: 2022-06-13 17:02:17 UTC +02:00
  Git branch:         qed_hf_grad_print
  Git hash:           1b830a2157ab757a7b1b600791231fefed439bcd
  Fortran compiler:   GNU 9.4.0
  C compiler:         GNU 9.4.0
  C++ compiler:       GNU 9.4.0
  LAPACK type:        MKL
  BLAS type:          MKL
  64-bit integers:    ON
  OpenMP:             ON
  PCM:                OFF
  Forced batching:    OFF
  Runtime checks:     OFF
  ------------------------------------------------------------

  Description                                 wall[s]         cpu[s]    cpu/wall
  -------------------------------------------------------------------------------------
  One-electron integrals (overlap)             0.00            0.01      2.81
  Cholesky decomposition of AO        
  overlap                                      0.03            0.36     11.78
  Time initializing AO tool                    0.06            0.47      7.42
  One-electron integrals (overlap)             0.00            0.04     73.06
  One-electron integrals (dipole)              0.00            0.00      1.00

  :: Hartree-Fock engine
  =========================

  1) Generate initial SAD density

  Description                                 wall[s]         cpu[s]    cpu/wall
  -------------------------------------------------------------------------------------
  SAD generation time                          0.08            1.16     14.36

  2) Calculation of reference state (SCF-DIIS algorithm)

  Description                                 wall[s]         cpu[s]    cpu/wall
  -------------------------------------------------------------------------------------
  One-electron integrals              
  (hamiltonian)                                0.00            0.00      1.00
  AO G construction                            0.08            1.14     14.95
  AO G construction                            0.30            4.80     15.76
  SCF diagonalization                          0.00            0.00      1.54
  SCF iteration                                0.31            4.86     15.58
  AO G construction                            0.30            4.77     15.87
  SCF diagonalization                          0.00            0.04     14.03
  SCF iteration                                0.31            4.83     15.68
  AO G construction                            0.30            4.74     15.86
  SCF diagonalization                          0.00            0.00      1.56
  SCF iteration                                0.31            4.76     15.53
  AO G construction                            0.29            4.57     15.86
  SCF diagonalization                          0.00            0.00      1.85
  SCF iteration                                0.30            4.63     15.68
  AO G construction                            0.28            4.44     15.95
  SCF diagonalization                          0.00            0.00      1.76
  SCF iteration                                0.29            4.46     15.61
  AO G construction                            0.27            4.35     15.94
  SCF diagonalization                          0.00            0.01      1.91
  SCF iteration                                0.28            4.37     15.57
  AO G construction                            0.26            4.05     15.68
  SCF diagonalization                          0.00            0.00      1.42
  SCF iteration                                0.27            4.14     15.56
  AO G construction                            0.25            3.97     15.72
  SCF diagonalization                          0.00            0.00      1.51
  SCF iteration                                0.26            4.02     15.51
  AO G construction                            0.24            3.80     15.83
  SCF diagonalization                          0.00            0.03     12.66
  SCF iteration                                0.25            3.85     15.56
  AO G construction                            0.23            3.66     15.77
  SCF diagonalization                          0.00            0.03     11.96
  SCF iteration                                0.24            3.71     15.48
  AO G construction                            0.22            3.50     15.88
  SCF iteration                                0.23            3.52     15.57
  SCF solver                                   3.03           47.16     15.58
  Hartree-Fock engine                          5.70           89.01     15.62
  Total time in eT                             5.77           89.53     15.53
