


                     eT 1.8 - an electronic structure program

  ------------------------------------------------------------------------
   Author list in alphabetical order:
  ------------------------------------------------------------------------
   J. H. Andersen, A. Balbi, S. Coriani, S. D. Folkestad, T. Giovannini, 
   L. Goletto, T. S. Haugland, A. Hutcheson, I-M. Høyvik, E. F. Kjønstad, 
   H. Koch, R. Matveeva, T. Moitra, R. H. Myhre, A. C. Paul, S. Roet, 
   E. Ronca, M. Scavino, A. K. Schnack-Petersen, A. S. Skeidsvoll, Å. 
   H. Tveten
  ------------------------------------------------------------------------
   J. Chem. Phys. 152, 184103 (2020); https://doi.org/10.1063/5.0004713


   This is eT 1.8.0 Ibiza (development)
  ------------------------------------------------------------
  Configuration date: 2022-06-13 17:02:17 UTC +02:00
  Git branch:         qed_hf_grad_print
  Git hash:           1b830a2157ab757a7b1b600791231fefed439bcd
  Fortran compiler:   GNU 9.4.0
  C compiler:         GNU 9.4.0
  C++ compiler:       GNU 9.4.0
  LAPACK type:        MKL
  BLAS type:          MKL
  64-bit integers:    ON
  OpenMP:             ON
  PCM:                OFF
  Forced batching:    OFF
  Runtime checks:     OFF
  ------------------------------------------------------------


  :: Input file
  ================

     Note: geometry section is excluded from this print

     system
         name: Gradient
         charge: 0
     end system

     do
         ground state
     end do

     memory
         available: 8
     end memory

     method
         qed-hf
     end method

     solver scf
         restart
     end solver scf

     qed
         modes:        1
         frequency:    {0.5}
         polarization: {0.09901475429766743, 0.9901475429766743, 0.09901475429766743}
         coupling:     {0.1}
     end qed


  Calculation start:2022-06-14 20:31:24 UTC +02:00

  Running on 8 OMP threads
  Memory available for calculation: 8.000000 GB


  :: QED-RHF wavefunction
  ==========================

     ==============================================================================
                                     Geometry (angstrom)
     ==============================================================================
        Atom           X                  Y                  Z         # in input
     ==============================================================================
        Basis: cc-pvdz
        1  O     0.137914839387     0.750063013627     0.144788814585        1
        2  H     0.268223455237     0.189729039704     0.932006453160        2
        3  H    -0.769237013093     0.971697603035     0.208515738264        3
        4  O    -0.108173046702    -0.732134257287     2.614430476184        4
        5  H     0.663288221617    -0.909051723559     3.105723901515        5
        6  H    -0.854212401764    -0.958300294796     3.150909425894        6
     ==============================================================================

     ==============================================================================
                                     Geometry (a.u.)
     ==============================================================================
        Atom           X                  Y                  Z         # in input
     ==============================================================================
        Basis: cc-pvdz
        1  O     0.260621274955     1.417413671921     0.273611205466        1
        2  H     0.506868870583     0.358535922918     1.761236942799        2
        3  H    -1.453647279624     1.836242345632     0.394037637980        3
        4  O    -0.204417432327    -1.383533232684     4.940557571705        4
        5  H     1.253433080506    -1.717858790591     5.868967592379        5
        6  H    -1.614227491541    -1.810925102254     5.954355858251        6
     ==============================================================================

  - Cholesky decomposition of AO overlap to get linearly independent AOs:

     Linear dependence threshold:             0.10E-05
     Number of atomic orbitals:               48
     Number of orthonormal atomic orbitals:   48

  - Molecular orbital details:

     Number of occupied orbitals:        10
     Number of virtual orbitals:         38
     Number of molecular orbitals:       48


  :: Hartree-Fock engine
  =========================

  Drives the calculation of the Hartree-Fock state.

  This is a QED-RHF ground state calculation.
  The following tasks will be performed:

     1) Calculation of reference state (SCF-DIIS algorithm)


  1) Calculation of reference state (SCF-DIIS algorithm)

  - Requested restart. Reading orbitals from file

  - Screening and integral thresholds:

     Coulomb screening threshold:    0.1000E-12
     Exchange screening threshold:   0.1000E-10
     ERI cutoff:                     0.1000E-12
     One-electron integral  cutoff:  0.1000E-17
     Cumulative Fock threshold:      0.1000E+01

  - SCF solver settings:

     Maximum iterations:                   100
     Acceleration type:                   diis

  - Convergence thresholds

     Residual threshold:            0.1000E-06

  - DIIS tool settings:

     DIIS dimension:   8

     Storage (solver scf_errors): memory
     Storage (solver scf_parameters): memory

  Iteration       Energy (a.u.)      Max(grad.)    Delta E (a.u.)
  ---------------------------------------------------------------
     1          -152.043247454752     0.7743E-02     0.1520E+03
     2          -152.032711603202     0.7497E-03     0.1054E-01
     3          -152.032716886369     0.3814E-03     0.5283E-05
     4          -152.032717869572     0.7323E-04     0.9832E-06
     5          -152.032717998093     0.2238E-04     0.1285E-06
     6          -152.032718015089     0.7048E-05     0.1700E-07
     7          -152.032718016658     0.1245E-05     0.1569E-08
     8          -152.032718016700     0.4952E-06     0.4192E-10
     9          -152.032718016700     0.1444E-06     0.0000E+00
    10          -152.032718016695     0.4041E-07     0.4746E-11
  ---------------------------------------------------------------
  Convergence criterion met in 10 iterations!

  - Summary of QED-RHF wavefunction energetics (a.u.):

     HOMO-LUMO gap:                  0.639886714848
     Nuclear repulsion energy:      36.978143400426
     Electronic energy:           -189.010861417121
     Total energy:                -152.032718016695

  - QED Parameters and properties

     Optimize photons?   :    True
     Complete basis?     :    False

     Mode 1
      Frequency          :    0.500000000000
      Polarization       :    0.099014754298    0.990147542977    0.099014754298
      Coupling
       sqrt(1/eps V)     :    0.100000000000
       Bilinear          :    0.050000000000
       Quadratic         :    0.005000000000
      Coherent state     :    0.052890623007

                                                      QEDHF Molecular Gradient
  =====================================================================================================================================
                1                         2                         3                         4                         5
   1       -0.0147806501076877        0.0042102389101898        0.0117545109663380        0.0145237011344727       -0.0120580347443319
   2        0.0205038667122520       -0.0185940581695803       -0.0035869031196364       -0.0023195902231973        0.0046823899204603
   3       -0.0219787867278445        0.0237511338889460        0.0014423395198987        0.0109734745892818       -0.0129379348989760

                6
   1       -0.0036497661589785
   2       -0.0006857051193567
   3       -0.0012502263720526
  =====================================================================================================================================

  - Timings for the QED-RHF ground state calculation

     Total wall time (sec):              0.42534
     Total cpu time (sec):               3.37518

  ------------------------------------------------------------

  Peak memory usage during the execution of eT: 3.943384 MB

  Total wall time in eT (sec):              0.45399
  Total cpu time in eT (sec):               3.42053

  Calculation end:2022-06-14 20:31:24 UTC +02:00

  - Implementation references:

     eT: https://doi.org/10.1063/5.0004713
     QED-HF: https://doi.org/10.1103/PhysRevX.10.041043

  eT terminated successfully!
