  ------------------------------------------------------------
  Configuration date: 2022-06-21 13:37:29 UTC +02:00
  Git branch:         qed_hf_grad_print
  Git hash:           63a7bc1af471fe678300b3c6320b871e76c51d54
  Fortran compiler:   GNU 12.1.0
  C compiler:         GNU 12.1.0
  C++ compiler:       GNU 12.1.0
  LAPACK type:        MKL
  BLAS type:          MKL
  64-bit integers:    ON
  OpenMP:             ON
  PCM:                OFF
  Forced batching:    OFF
  Runtime checks:     OFF
  ------------------------------------------------------------

  Description                                 wall[s]         cpu[s]    cpu/wall
  -------------------------------------------------------------------------------------
  One-electron integrals (overlap)             0.00            0.03     20.15
  Cholesky decomposition of AO        
  overlap                                      0.05            0.73     15.18
  Time initializing AO tool                    0.19            1.09      5.77
  One-electron integrals (overlap)             0.00            0.02     34.35
  One-electron integrals (dipole)              0.00            0.03     33.57


  Generating initial SAD density
  ==============================
  SAD generation time                          0.07            2.24     30.05
  Generating initial SAD density               0.20            2.88     14.36


  Determining reference state
  ===========================
  One-electron integrals              
  (hamiltonian)                                0.01            0.37     33.57
  AO G construction                            0.24            8.02     33.89
  AO G construction                            1.09           37.03     33.90
  SCF diagonalization                          0.02            0.54     29.74
  SCF iteration                                1.13           38.23     33.72
  AO G construction                            1.06           35.94     33.89
  SCF diagonalization                          0.01            0.37     28.19
  SCF iteration                                1.09           36.74     33.73
  AO G construction                            1.03           34.79     33.89
  SCF diagonalization                          0.01            0.41     28.69
  SCF iteration                                1.06           35.62     33.70
  AO G construction                            0.93           31.65     33.89
  SCF diagonalization                          0.02            0.46     29.23
  SCF iteration                                0.97           32.56     33.67
  AO G construction                            0.88           29.91     33.89
  SCF diagonalization                          0.02            0.45     29.14
  SCF iteration                                0.91           30.73     33.71
  AO G construction                            0.79           26.62     33.83
  SCF diagonalization                          0.01            0.41     28.64
  SCF iteration                                0.81           27.39     33.61
  AO G construction                            0.73           24.86     33.89
  SCF diagonalization                          0.01            0.40     28.66
  SCF iteration                                0.76           25.65     33.69
  AO G construction                            0.65           22.08     33.88
  SCF diagonalization                          0.01            0.40     28.61
  SCF iteration                                0.68           22.86     33.63
  AO G construction                            0.60           20.49     33.89
  SCF diagonalization                          0.01            0.41     28.15
  SCF iteration                                0.63           21.25     33.62
  AO G construction                            0.54           18.38     33.83
  SCF diagonalization                          0.01            0.40     29.10
  SCF iteration                                0.57           19.21     33.48
  AO G construction                            0.49           16.63     33.87
  SCF diagonalization                          0.01            0.37     28.40
  SCF iteration                                0.52           17.35     33.57
  AO G construction                            0.45           15.29     33.87
  SCF diagonalization                          0.01            0.38     28.26
  SCF iteration                                0.48           16.02     33.50
  AO G construction                            0.40           13.57     33.87
  SCF diagonalization                          0.02            0.45     28.88
  SCF iteration                                0.43           14.39     33.50
  AO G construction                            0.37           12.69     33.86
  SCF diagonalization                          0.01            0.37     28.26
  SCF iteration                                0.40           13.41     33.50
  AO G construction                            0.33           11.21     33.86
  SCF diagonalization                          0.01            0.39     28.06
  SCF iteration                                0.36           11.96     33.39
  AO G construction                            0.29            9.81     33.85
  SCF iteration                                0.30           10.08     33.67
  SCF solver                                  11.10          373.50     33.64
  QED-HF gradient                             10.41          337.47     32.43
  Determining reference state                 22.88          757.03     33.09
  Total time in eT                            23.27          761.18     32.70
