


                     eT 1.8 - an electronic structure program

  ------------------------------------------------------------------------
   Author list in alphabetical order:
  ------------------------------------------------------------------------
   J. H. Andersen, A. Balbi, S. Coriani, S. D. Folkestad, T. Giovannini, 
   L. Goletto, T. S. Haugland, A. Hutcheson, I-M. Høyvik, E. F. Kjønstad, 
   H. Koch, R. Matveeva, T. Moitra, R. H. Myhre, A. C. Paul, S. Roet, 
   E. Ronca, M. Scavino, A. K. Schnack-Petersen, A. S. Skeidsvoll, Å. 
   H. Tveten
  ------------------------------------------------------------------------
   J. Chem. Phys. 152, 184103 (2020); https://doi.org/10.1063/5.0004713


   This is eT 1.8.0 Ibiza (development)
  ------------------------------------------------------------
  Configuration date: 2022-06-21 13:37:29 UTC +02:00
  Git branch:         qed_hf_grad_print
  Git hash:           63a7bc1af471fe678300b3c6320b871e76c51d54
  Fortran compiler:   GNU 12.1.0
  C compiler:         GNU 12.1.0
  C++ compiler:       GNU 12.1.0
  LAPACK type:        MKL
  BLAS type:          MKL
  64-bit integers:    ON
  OpenMP:             ON
  PCM:                OFF
  Forced batching:    OFF
  Runtime checks:     OFF
  ------------------------------------------------------------


  :: Input file
  ================

     Note: geometry section is excluded from this print

     system
         name: gradient
         charge: 0
     end system

     do
         ground state
     end do

     memory
         available: 8
     end memory

     method
         qed-hf
     end method

     solver scf
         restart
     end solver scf

     qed
         modes:        1
         frequency:    {0.5}
         polarization: {0.0, 1.0, 0.0}
         coupling:     {0.1}
     end qed


  Calculation start:2022-06-21 15:45:23 UTC +02:00

  Running on 34 OMP threads
  Memory available for calculation: 8.000000 GB


  :: QED-RHF wavefunction
  =======================

     ==============================================================================
                                     Geometry (angstrom)
     ==============================================================================
        Atom           X                  Y                  Z         # in input
     ==============================================================================
        Basis: cc-pvdz
        1  O    -1.073204609913     1.331266976685    -3.175890417382        1
        2  H    -1.698847970869     1.336355291869    -2.490132440961        2
        3  H    -1.674080650180     1.523645508603    -3.885076694905        3
        4  O    -2.785115256450    -2.834398549839     0.033406129308        4
        5  H    -2.370143108677    -3.029159607161    -0.792063104950        5
        6  H    -2.011233697630    -2.779871796621     0.713595134286        6
        7  O    -2.366553413396     1.294778318477    -0.790635295146        7
        8  H    -1.822951159989     1.323418418488    -0.036458816522        8
        9  H    -3.091326212356     0.804040603111    -0.453034108555        9
       10  O    -0.737049482027    -2.270900563613     1.905030282803       10
       11  H    -0.077673498891    -1.776051617386     1.391776837798       11
       12  H    -1.391845128417    -1.581775923200     2.080519328398       12
       13  O     1.474226216032     2.735546610003    -2.917574828871       13
       14  H     1.807668715753     2.395761088462    -3.758111704310       14
       15  H     0.539614410303     2.421756854133    -2.961175679247       15
       16  O     0.518739464784    -0.933179605815    -0.223724622705       16
       17  H     1.046500990949    -0.148012885042    -0.039245417367       17
       18  H    -0.239379118225    -0.565040433543    -0.645841909809       18
       19  O    -0.367298249920     1.387785677154     1.124336224749       19
       20  H     0.491899162301     1.739300417680     0.946122003564       20
       21  H    -0.553324281990     1.597566453527     2.024843897335       21
       22  O    -4.370639784331    -0.408715261524     0.351432913221       22
       23  H    -3.853611666151    -1.205711819969     0.137907050901       23
       24  H    -5.254369090312    -0.641312918446     0.132790681450       24
       25  O    -3.075409253354    -0.309633373792     2.860128924591       25
       26  H    -3.689644354025    -0.114016501026     2.128581591291       26
       27  H    -3.559501948816    -0.768484195965     3.539366404159       27
       28  O     2.269035804049     2.058661904342     0.093236990518       28
       29  H     2.233549687989     2.210232763652    -0.810978585904       29
       30  H     3.170059033833     2.097047967986     0.372346179116       30
     ==============================================================================

     ==============================================================================
                                     Geometry (a.u.)
     ==============================================================================
        Atom           X                  Y                  Z         # in input
     ==============================================================================
        Basis: cc-pvdz
        1  O    -2.028062788357     2.515729984612    -6.001563090482        1
        2  H    -3.210357392216     2.525345506746    -4.705668327311        2
        3  H    -3.163553939274     2.879272722183    -7.341730926301        3
        4  O    -5.263105060038    -5.356236987059     0.063128435275        4
        5  H    -4.478921351425    -5.724282045130    -1.496782341728        5
        6  H    -3.800680861016    -5.253196357016     1.348499367622        6
        7  O    -4.472137810474     2.446776413946    -1.494084172241        7
        8  H    -3.444878430837     2.500898359147    -0.068897178053        8
        9  H    -5.841759903042     1.519416532910    -0.856110390256        9
       10  O    -1.392821661283    -4.291380121349     3.599985493500       10
       11  H    -0.146781640041    -3.356251139951     2.630077049951       11
       12  H    -2.630206100518    -2.989123285279     3.931611727536       12
       13  O     2.785883793954     5.169433893889    -5.513417374491       13
       14  H     3.415998796718     4.527332317084    -7.101801866668       14
       15  H     1.019723448340     4.576457194599    -5.595811040499       15
       16  O     0.980275518445    -1.763453880019    -0.422778264234       16
       17  H     1.977600261980    -0.279703815637    -0.074163090468       17
       18  H    -0.452360973385    -1.067771668702    -1.220464329304       18
       19  O    -0.694093098381     2.622534849415     2.124687536704       19
       20  H     0.929554697653     3.286801437756     1.787911467161       20
       21  H    -1.045631351034     3.018963062959     3.826400410961       21
       22  O    -8.259312181514    -0.772359907211     0.664111957145       22
       23  H    -7.282270639455    -2.278465124892     0.260606556849       23
       24  H    -9.929318538069    -1.211905776008     0.250938019835       24
       25  O    -5.811681209793    -0.585122275492     5.404860348424       25
       26  H    -6.972417326155    -0.215459960621     4.022436241332       26
       27  H    -6.726483823119    -1.452224661430     6.688433158347       27
       28  O     4.287856236484     3.890307182281     0.176192376758       28
       29  H     4.220797195907     4.176734594843    -1.532527420245       29
       30  H     5.990543372649     3.962846329569     0.703632302058       30
     ==============================================================================

  - Cholesky decomposition of AO overlap to get linearly independent AOs:

     Linear dependence threshold:             0.10E-05
     Number of atomic orbitals:               240
     Number of orthonormal atomic orbitals:   240

  - Molecular orbital details:

     Number of occupied orbitals:        50
     Number of virtual orbitals:        190
     Number of molecular orbitals:      240


  Generating initial SAD density
  ==============================


  Determining reference state
  ===========================

  - Setting initial AO density to sad

     Energy of initial guess:              -759.027723302062
     Number of electrons in guess:          100.000000000000

  - Screening and integral thresholds:

     Coulomb screening threshold:    0.1000E-12
     Exchange screening threshold:   0.1000E-10
     ERI cutoff:                     0.1000E-12
     One-electron integral  cutoff:  0.1000E-17
     Cumulative Fock threshold:      0.1000E+01

  - SCF solver settings:

     Maximum iterations:                   100
     Acceleration type:                   diis

  - Convergence thresholds

     Residual threshold:            0.1000E-06

  - DIIS tool settings:

     DIIS dimension:   8

     Storage (solver scf_errors): memory
     Storage (solver scf_parameters): memory

  Iteration       Energy (a.u.)      Max(grad.)    Delta E (a.u.)
  ---------------------------------------------------------------
     1          -759.901026572977     0.7574E-01     0.7599E+03
     2          -760.173721149415     0.4218E-01     0.2727E+00
     3          -760.221199929754     0.8038E-02     0.4748E-01
     4          -760.224168442456     0.2938E-02     0.2969E-02
     5          -760.224441773938     0.7152E-03     0.2733E-03
     6          -760.224471574917     0.3761E-03     0.2980E-04
     7          -760.224476419362     0.1710E-03     0.4844E-05
     8          -760.224476971029     0.6894E-04     0.5517E-06
     9          -760.224477076424     0.3267E-04     0.1054E-06
    10          -760.224477088968     0.1511E-04     0.1254E-07
    11          -760.224477090938     0.7147E-05     0.1970E-08
    12          -760.224477091374     0.2427E-05     0.4362E-09
    13          -760.224477091379     0.9477E-06     0.4434E-11
    14          -760.224477091385     0.2554E-06     0.5912E-11
    15          -760.224477091391     0.1078E-06     0.6708E-11
    16          -760.224477091403     0.5593E-07     0.1137E-10
  ---------------------------------------------------------------
  Convergence criterion met in 16 iterations!

  - Summary of QED-RHF wavefunction energetics (a.u.):

     HOMO-LUMO gap:                  0.674118773690
     Nuclear repulsion energy:     670.973018115497
     Electronic energy:          -1431.197495206900
     Total energy:                -760.224477091403

  - QED Parameters and properties

     Optimize photons?   :    True
     Complete basis?     :    False

     Mode 1
      Frequency          :    0.500000000000
      Polarization       :    0.000000000000    1.000000000000    0.000000000000
      Coupling
       sqrt(1/eps V)     :    0.100000000000
       Bilinear          :    0.050000000000
       Quadratic         :    0.005000000000
      Coherent state     :   -0.056715053147

                                                      QEDHF Molecular Gradient
  =====================================================================================================================================
                 1                         2                         3                         4                         5
   1       -0.0014736798429486        0.0086655615513104       -0.0113303300868734       -0.0398104759208755       -0.0026927806811895
   2       -0.0058012170386941        0.0030718240708635        0.0012864710177227       -0.0090493328410528        0.0007432075530769
   3        0.0331892341765846       -0.0415163550022824        0.0109852974816921       -0.0398676908143534        0.0015326973243311

                 6                         7                         8                         9                        10
   1        0.0422172877456876        0.0128400947304180       -0.0269937220907989        0.0183657984424291        0.0030977303028281
   2        0.0065227339778303        0.0049610396418234       -0.0101966959660212        0.0030106066453485       -0.0341760889670173
   3        0.0404239635381242        0.0131406906508643       -0.0154283325556945        0.0051668031532967        0.0090496610397979

                11                        12                        13                        14                        15
   1        0.0111102974717070       -0.0107320078938252        0.0252934559172515        0.0014697580061249       -0.0284411237417834
   2        0.0173708038415772        0.0150320852872608        0.0244917243172455       -0.0104683780966365       -0.0110273954981130
   3       -0.0058814631943947       -0.0078415900500233        0.0213558133472807       -0.0192240223147576       -0.0066534374058526

                16                        17                        18                        19                        20
   1       -0.0182909978561896        0.0076719811704189        0.0065799849606022        0.0053385086755373       -0.0070803235353259
   2       -0.0215256710918034        0.0217689821965222        0.0014581281274842       -0.0031067874224783       -0.0036067666229551
   3       -0.0005997538278755        0.0030675170112610        0.0026368367116292       -0.0057830434338957        0.0026868880224393

                21                        22                        23                        24                        25
   1        0.0014334838693121       -0.0146103820919008        0.0075220071352234        0.0086171722015236        0.0104379999845738
   2        0.0013452786503470        0.0211177078493893       -0.0131899957914183       -0.0019849552608046       -0.0030216542629148
   3       -0.0041063629922011        0.0053858590738659       -0.0066413727045398        0.0014849965096196        0.0122776075006658

                26                        27                        28                        29                        30
   1       -0.0126170142220663       -0.0007843046688861        0.0051281810147550       -0.0003326422017025       -0.0010857462921354
   2        0.0111155208369634       -0.0065022255364623        0.0113629518039297       -0.0102366363903067       -0.0007500854751838
   3       -0.0216736001171476        0.0089011733789580       -0.0452328691291987        0.0455881740566607        0.0035486435866746
  =====================================================================================================================================

  Peak memory usage during the execution of eT: 1.541692 GB

  Total wall time in eT (sec):             23.27435
  Total cpu time in eT (sec):             761.17638

  Calculation end:2022-06-21 15:45:46 UTC +02:00

  - Implementation references:

     eT: https://doi.org/10.1063/5.0004713
     QED-HF: https://doi.org/10.1103/PhysRevX.10.041043

  eT terminated successfully!
