


                     eT 1.8 - an electronic structure program

  ------------------------------------------------------------------------
   Author list in alphabetical order:
  ------------------------------------------------------------------------
   J. H. Andersen, A. Balbi, S. Coriani, S. D. Folkestad, T. Giovannini, 
   L. Goletto, T. S. Haugland, A. Hutcheson, I-M. Høyvik, E. F. Kjønstad, 
   H. Koch, R. Matveeva, T. Moitra, R. H. Myhre, A. C. Paul, S. Roet, 
   E. Ronca, M. Scavino, A. K. Schnack-Petersen, A. S. Skeidsvoll, Å. 
   H. Tveten
  ------------------------------------------------------------------------
   J. Chem. Phys. 152, 184103 (2020); https://doi.org/10.1063/5.0004713


   This is eT 1.8.0 Ibiza (development)
  ------------------------------------------------------------
  Configuration date: 2022-06-13 12:08:26 UTC +02:00
  Git branch:         qed_hf_grad_print
  Git hash:           1d80afe65baf8170a5972349e49da4560634c0a0
  Fortran compiler:   GNU 10.3.0
  C compiler:         GNU 10.3.0
  C++ compiler:       GNU 10.3.0
  LAPACK type:        MKL
  BLAS type:          MKL
  64-bit integers:    ON
  OpenMP:             ON
  PCM:                OFF
  Forced batching:    OFF
  Runtime checks:     OFF
  ------------------------------------------------------------


  :: Input file
  ================

     Note: geometry section is excluded from this print

     system
         name: Gradient
         charge: 0
     end system

     do
         ground state
     end do

     memory
         available: 8
     end memory

     method
         qed-hf
     end method

     solver scf
         restart
     end solver scf

     qed
         modes:        1
         frequency:    {0.5}
         polarization: {0.09901475429766743, 0.9901475429766743, 0.09901475429766743}
         coupling:     {0.1}
     end qed


  Calculation start:2022-06-14 17:23:02 UTC +02:00

  Running on 4 OMP threads
  Memory available for calculation: 8.000000 GB


  :: QED-RHF wavefunction
  ==========================

     ==============================================================================
                                     Geometry (angstrom)
     ==============================================================================
        Atom           X                  Y                  Z         # in input
     ==============================================================================
        Basis: cc-pvdz
        1  O     0.007397006223    -0.046171729163    -0.300356186908        1
        2  H    -0.030586967774     0.199067678852     0.576247348428        2
        3  H    -0.196026243080     0.729026944186    -0.779787513196        3
        4  O    -0.016518417142    -0.028461973810     3.081795489413        4
        5  H     0.793404363096    -0.191102508279     3.489104056404        5
        6  H    -0.641891198572     0.026236063691     3.758916195173        6
     ==============================================================================

     ==============================================================================
                                     Geometry (a.u.)
     ==============================================================================
        Atom           X                  Y                  Z         # in input
     ==============================================================================
        Basis: cc-pvdz
        1  O     0.013978315904    -0.087251922817    -0.567590933074        1
        2  H    -0.057800992074     0.376183393283     1.088949668536        2
        3  H    -0.370435912649     1.377661261940    -1.473584835296        3
        4  O    -0.031215284410    -0.053785335466     5.823749446911        4
        5  H     1.499316952286    -0.361131402365     6.593451086712        5
        6  H    -1.212998567071     0.049578974963     7.103322134069        6
     ==============================================================================

  - Cholesky decomposition of AO overlap to get linearly independent AOs:

     Linear dependence threshold:             0.10E-05
     Number of atomic orbitals:               48
     Number of orthonormal atomic orbitals:   48

  - Molecular orbital details:

     Number of occupied orbitals:        10
     Number of virtual orbitals:         38
     Number of molecular orbitals:       48


  :: Hartree-Fock engine
  =========================

  Drives the calculation of the Hartree-Fock state.

  This is a QED-RHF ground state calculation.
  The following tasks will be performed:

     1) Calculation of reference state (SCF-DIIS algorithm)


  1) Calculation of reference state (SCF-DIIS algorithm)

  - Requested restart. Reading orbitals from file

  - Screening and integral thresholds:

     Coulomb screening threshold:    0.1000E-12
     Exchange screening threshold:   0.1000E-10
     ERI cutoff:                     0.1000E-12
     One-electron integral  cutoff:  0.1000E-17
     Cumulative Fock threshold:      0.1000E+01

  - SCF solver settings:

     Maximum iterations:                   100
     Acceleration type:                   diis

  - Convergence thresholds

     Residual threshold:            0.1000E-06

  - DIIS tool settings:

     DIIS dimension:   8

     Storage (solver scf_errors): memory
     Storage (solver scf_parameters): memory

  Iteration       Energy (a.u.)      Max(grad.)    Delta E (a.u.)
  ---------------------------------------------------------------
     1          -152.073380254737     0.3023E-01     0.1521E+03
     2          -152.028309723844     0.3455E-02     0.4507E-01
     3          -152.028401306482     0.1910E-02     0.9158E-04
     4          -152.028419195681     0.2676E-03     0.1789E-04
     5          -152.028420867804     0.1064E-03     0.1672E-05
     6          -152.028421079985     0.3228E-04     0.2122E-06
     7          -152.028421096878     0.4325E-05     0.1689E-07
     8          -152.028421097209     0.9565E-06     0.3314E-09
     9          -152.028421097222     0.3436E-06     0.1245E-10
    10          -152.028421097223     0.9630E-07     0.9379E-12
  ---------------------------------------------------------------
  Convergence criterion met in 10 iterations!

  - Summary of QED-RHF wavefunction energetics (a.u.):

     HOMO-LUMO gap:                  0.649053902924
     Nuclear repulsion energy:      34.543023534430
     Electronic energy:           -186.571444631652
     Total energy:                -152.028421097223

  - QED Parameters and properties

     Optimize photons?   :    True
     Complete basis?     :    False

     Mode 1
      Frequency          :    0.500000000000
      Polarization       :    0.099014754298    0.990147542977    0.099014754298
      Coupling
       sqrt(1/eps V)     :    0.100000000000
       Bilinear          :    0.050000000000
       Quadratic         :    0.005000000000
      Coherent state     :   -0.074624317366

                                                      QEDHF Molecular Gradient
  =====================================================================================================================================
                1                         2                         3                         4                         5
   1       -0.0049752624773739        0.0021917002995259        0.0029270374639552        0.0084893395452980       -0.0274713323316096
   2        0.0146293550305383       -0.0077164910527565       -0.0059888515707001       -0.0057358633307668        0.0057869363903081
   3        0.0384995753344250       -0.0486100262773216        0.0077554668076017        0.0371771460096552       -0.0142634292704238

                6
   1        0.0188385175002139
   2       -0.0009750854665941
   3       -0.0205587326041303
  =====================================================================================================================================

  - Timings for the QED-RHF ground state calculation

     Total wall time (sec):              1.07720
     Total cpu time (sec):               4.29380

  ------------------------------------------------------------

  Peak memory usage during the execution of eT: 2.616472 MB

  Total wall time in eT (sec):              1.10507
  Total cpu time in eT (sec):               4.32210

  Calculation end:2022-06-14 17:23:03 UTC +02:00

  - Implementation references:

     eT: https://doi.org/10.1063/5.0004713
     QED-HF: https://doi.org/10.1103/PhysRevX.10.041043

  eT terminated successfully!
