  ------------------------------------------------------------
  Configuration date: 2022-06-13 12:08:26 UTC +02:00
  Git branch:         qed_hf_grad_print
  Git hash:           1d80afe65baf8170a5972349e49da4560634c0a0
  Fortran compiler:   GNU 10.3.0
  C compiler:         GNU 10.3.0
  C++ compiler:       GNU 10.3.0
  LAPACK type:        MKL
  BLAS type:          MKL
  64-bit integers:    ON
  OpenMP:             ON
  PCM:                OFF
  Forced batching:    OFF
  Runtime checks:     OFF
  ------------------------------------------------------------

  Description                                 wall[s]         cpu[s]    cpu/wall
  -------------------------------------------------------------------------------------
  One-electron integrals (overlap)             0.00            0.00      1.84
  Cholesky decomposition of AO        
  overlap                                      0.00            0.00      1.00
  Time initializing AO tool                    0.02            0.03      1.02
  One-electron integrals (overlap)             0.00            0.00      1.00
  One-electron integrals (dipole)              0.00            0.00      1.01

  :: Hartree-Fock engine
  =========================

  1) Calculation of reference state (SCF-DIIS algorithm)

  Description                                 wall[s]         cpu[s]    cpu/wall
  -------------------------------------------------------------------------------------
  One-electron integrals              
  (hamiltonian)                                0.00            0.00      1.00
  AO G construction                            0.05            0.20      3.80
  SCF diagonalization                          0.00            0.02     17.45
  SCF iteration                                0.06            0.22      4.03
  AO G construction                            0.05            0.18      3.81
  SCF diagonalization                          0.00            0.00      1.00
  SCF iteration                                0.05            0.18      3.75
  AO G construction                            0.06            0.24      4.10
  SCF diagonalization                          0.00            0.00      1.00
  SCF iteration                                0.06            0.24      4.02
  AO G construction                            0.05            0.20      3.95
  SCF diagonalization                          0.00            0.00      1.00
  SCF iteration                                0.05            0.20      3.88
  AO G construction                            0.06            0.24      3.94
  SCF diagonalization                          0.00            0.00      1.00
  SCF iteration                                0.06            0.24      3.88
  AO G construction                            0.06            0.27      4.31
  SCF diagonalization                          0.00            0.00      1.00
  SCF iteration                                0.06            0.27      4.25
  AO G construction                            0.05            0.20      3.80
  SCF diagonalization                          0.00            0.00      1.00
  SCF iteration                                0.06            0.21      3.70
  AO G construction                            0.05            0.20      4.01
  SCF diagonalization                          0.00            0.00      1.00
  SCF iteration                                0.05            0.23      4.53
  AO G construction                            0.05            0.17      3.46
  SCF diagonalization                          0.00            0.00      1.00
  SCF iteration                                0.05            0.17      3.40
  AO G construction                            0.05            0.17      3.59
  SCF iteration                                0.05            0.18      3.77
  SCF solver                                   0.55            2.16      3.96
  Hartree-Fock engine                          1.08            4.29      3.99
  Total time in eT                             1.11            4.32      3.91
