


                     eT 1.8 - an electronic structure program

  ------------------------------------------------------------------------
   Author list in alphabetical order:
  ------------------------------------------------------------------------
   J. H. Andersen, A. Balbi, S. Coriani, S. D. Folkestad, T. Giovannini, 
   L. Goletto, T. S. Haugland, A. Hutcheson, I-M. Høyvik, E. F. Kjønstad, 
   H. Koch, R. Matveeva, T. Moitra, R. H. Myhre, A. C. Paul, S. Roet, 
   E. Ronca, M. Scavino, A. K. Schnack-Petersen, A. S. Skeidsvoll, Å. 
   H. Tveten
  ------------------------------------------------------------------------
   J. Chem. Phys. 152, 184103 (2020); https://doi.org/10.1063/5.0004713


   This is eT 1.8.0 Ibiza (development)
  ------------------------------------------------------------
  Configuration date: 2022-06-27 13:39:14 UTC +02:00
  Git branch:         qed_hf_grad_debug
  Git hash:           5319614efd0ad404db53106547522f391ae25557
  Fortran compiler:   GNU 12.1.0
  C compiler:         GNU 12.1.0
  C++ compiler:       GNU 12.1.0
  LAPACK type:        MKL
  BLAS type:          MKL
  64-bit integers:    ON
  OpenMP:             ON
  PCM:                OFF
  Forced batching:    OFF
  Runtime checks:     OFF
  ------------------------------------------------------------


  :: Input file
  ================

     Note: geometry section is excluded from this print

     system
         name: gradient
         charge: 0
     end system

     do
         ground state
     end do

     memory
         available: 8
     end memory

     method
         qed-hf
     end method

     solver scf
         gradient threshold: 1d-10
     end solver scf

     qed
         modes:        1
         frequency:    {0.5}
         polarization: {0.0, 1.0, 0.0}
         coupling:     {0.1}
     end qed


  Calculation start:2022-06-28 10:30:16 UTC +02:00

  Running on 44 OMP threads
  Memory available for calculation: 8.000000 GB


  :: QED-RHF wavefunction
  =======================

     ==============================================================================
                                     Geometry (angstrom)
     ==============================================================================
        Atom           X                  Y                  Z         # in input
     ==============================================================================
        Basis: sto-3g
        1  O    -0.935681155496     1.293832044714    -3.203613092117        1
        2  H    -1.668901017043     1.284131106619    -2.475455530274        2
        3  H    -1.186122805907     0.795436774294    -3.938913297956        3
        4  O    -2.689742643680    -2.737671808555    -0.013961155899        4
        5  H    -2.204164704186    -2.836737427801    -0.804666660652        5
        6  H    -2.088019738577    -2.635922364290     0.664860309572        6
        7  O    -2.590837027412     1.495467473259    -0.749886795436        7
        8  H    -2.060297125684     1.380149121049     0.009490263899        8
        9  H    -3.339970641318     0.962015136014    -0.535663200215        9
       10  O    -0.507744677527    -2.076933832236     2.164642126020       10
       11  H     0.031586798842    -1.594802155623     1.558530237117       11
       12  H    -1.213748443019    -1.445283531751     2.362753801042       12
       13  O     1.485114136033     2.853796476038    -2.848866790881       13
       14  H     1.954275932567     2.750091719240    -3.699484744325       14
       15  H     0.669117807590     2.456672582581    -3.073242693429       15
       16  O     0.675733858088    -0.943514168478    -0.728376412203       16
       17  H     1.603657804272    -0.936765204732    -0.986848269162       17
       18  H     0.256644990491    -0.364868099893    -1.359955531953       18
       19  O    -0.933078536109     1.216791065587     1.708046093125       19
       20  H     0.009652921984     1.344142419824     1.615150212413       20
       21  H    -1.027961017298     1.159348287660     2.679394560238       21
       22  O    -4.644114430301    -0.687526447080     0.202977862937       22
       23  H    -4.125947611639    -1.407564910522    -0.006544644326       23
       24  H    -5.503427916356    -1.017289295794     0.443217878493       24
       25  O    -2.990962351983    -0.756981157049     2.832394484270       25
       26  H    -3.602977181662    -0.596444968598     2.134328551469       26
       27  H    -3.485313939567    -1.262505661828     3.453654812405       27
       28  O     2.081186967113     2.469445826504     0.124326554623       28
       29  H     1.753736013096     2.720284731475    -0.721537252985       29
       30  H     2.998954582478     2.587215850684     0.228786795868       30
     ==============================================================================

     ==============================================================================
                                     Geometry (a.u.)
     ==============================================================================
        Atom           X                  Y                  Z         # in input
     ==============================================================================
        Basis: sto-3g
        1  O    -1.768181123803     2.444988215695    -6.053951353173        1
        2  H    -3.153765851219     2.426656099545    -4.677932985757        2
        3  H    -2.241447253265     1.503157652823    -7.443467361544        3
        4  O    -5.082876942118    -5.173449937112    -0.026382761032        4
        5  H    -4.165267624344    -5.360656825846    -1.520599610201        5
        6  H    -3.945785448597    -4.981171354124     1.256403896185        6
        7  O    -4.895972415191     2.826023952655    -1.417080667802        7
        8  H    -3.893397302771     2.608103849842     0.017933999620        8
        9  H    -6.311629776179     1.817945134753    -1.012256743414        9
       10  O    -0.959498381731    -3.924836121769     4.090580775874       10
       11  H     0.059690398964    -3.013739296994     2.945195305004       11
       12  H    -2.293652141423    -2.731190047354     4.464957583745       12
       13  O     2.806458980822     5.392893754962    -5.383578000134       13
       14  H     3.693046284380     5.196920166798    -6.991012968781       14
       15  H     1.264449401414     4.642438358806    -5.807587004901       15
       16  O     1.276951924882    -1.782983373071    -1.376431934657       16
       17  H     3.030474047596    -1.770229679967    -1.864872955218       17
       18  H     0.484988743270    -0.689500780388    -2.569943496978       18
       19  O    -1.763262885956     2.299401864776     3.227739324139       19
       20  H     0.018241378852     2.540061045877     3.052191551493       20
       21  H    -1.942564789423     2.190850746660     5.063321898500       21
       22  O    -8.776104364410    -1.299236688376     0.383572570300       22
       23  H    -7.796910990301    -2.659912183435    -0.012367585359       23
       24  H   -10.399971508198    -1.922398158502     0.837560403863       24
       25  O    -5.652099694132    -1.430487068279     5.352449851999       25
       26  H    -6.808640106399    -1.127117639025     4.033296422115       26
       27  H    -6.586288803910    -2.385789931568     6.526461724233       27
       28  O     3.932873381858     4.666576291542     0.234943138249       28
       29  H     3.314080759539     5.140593123323    -1.363507796812       29
       30  H     5.667202820893     4.889129382927     0.432344385108       30
     ==============================================================================

  - Cholesky decomposition of AO overlap to get linearly independent AOs:

     Linear dependence threshold:             0.10E-05
     Number of atomic orbitals:               70
     Number of orthonormal atomic orbitals:   70

  - Molecular orbital details:

     Number of occupied orbitals:        50
     Number of virtual orbitals:         20
     Number of molecular orbitals:       70


  Generating initial SAD density
  ==============================


  Determining reference state
  ===========================

  - Setting initial AO density to sad

     Energy of initial guess:              -746.630189924751
     Number of electrons in guess:          100.000000000000

  - Screening and integral thresholds:

     Coulomb screening threshold:    0.1000E-15
     Exchange screening threshold:   0.1000E-13
     ERI cutoff:                     0.1000E-15
     One-electron integral  cutoff:  0.1000E-20
     Cumulative Fock threshold:      0.1000E+01

  - SCF solver settings:

     Maximum iterations:                   100
     Acceleration type:                   diis

  - Convergence thresholds

     Residual threshold:            0.1000E-09

  - DIIS tool settings:

     DIIS dimension:   8

     Storage (solver scf_errors): memory
     Storage (solver scf_parameters): memory

  Iteration       Energy (a.u.)      Max(grad.)    Delta E (a.u.)
  ---------------------------------------------------------------
     1          -749.311879304177     0.1124E+00     0.7493E+03
     2          -749.627540206149     0.2302E-01     0.3157E+00
     3          -749.636955414372     0.5717E-02     0.9415E-02
     4          -749.637741131104     0.1258E-02     0.7857E-03
     5          -749.637760360354     0.3393E-03     0.1923E-04
     6          -749.637762376705     0.1149E-03     0.2016E-05
     7          -749.637762560607     0.2343E-04     0.1839E-06
     8          -749.637762568336     0.5999E-05     0.7729E-08
     9          -749.637762568618     0.2267E-05     0.2826E-09
    10          -749.637762568664     0.4218E-06     0.4536E-10
    11          -749.637762568665     0.8256E-07     0.1478E-11
    12          -749.637762568665     0.1484E-07     0.2274E-12
    13          -749.637762568665     0.3947E-08     0.2274E-12
    14          -749.637762568665     0.1116E-08     0.1137E-12
    15          -749.637762568665     0.3410E-09     0.2274E-12
    16          -749.637762568665     0.8751E-10     0.2274E-12
  ---------------------------------------------------------------
  Convergence criterion met in 16 iterations!

  - Summary of QED-RHF wavefunction energetics (a.u.):

     HOMO-LUMO gap:                  0.971226262303
     Nuclear repulsion energy:     650.370955495409
     Electronic energy:          -1400.008718064075
     Total energy:                -749.637762568665

  - QED Parameters and properties

     Optimize photons?   :    True
     Complete basis?     :    False

     Mode 1
      Frequency          :    0.500000000000
      Polarization       :    0.000000000000    1.000000000000    0.000000000000
      Coupling
       sqrt(1/eps V)     :    0.100000000000
       Bilinear          :    0.050000000000
       Quadratic         :    0.005000000000
      Coherent state     :    0.068644829361

                                                              Only HF
  =====================================================================================================================================
                 1                         2                         3                         4                         5
   1       -0.0203028082934549       -0.0278866462199291        0.0468137046625138        0.1302968793308330       -0.0466174779326324
   2       -0.0700919775760787        0.0077179498781862        0.0538319694586630       -0.0013909660501607        0.0065099905316074
   3       -0.1178912477585740        0.0457994710888944        0.0616558141537426        0.0187401881509488        0.0499932439374101

                 6                         7                         8                         9                        10
   1       -0.0822860924178830       -0.0078305956921662       -0.0456607502468667        0.0467777890984815        0.0235818053747615
   2       -0.0098185171149533       -0.0343379043565685        0.0054656577797859        0.0312550573764667        0.0461325968302863
   3       -0.0718908725073291        0.0754812787106331       -0.0621155570364975       -0.0110135021098073       -0.0254746788734469

                11                        12                        13                        14                        15
   1       -0.0327574308209252        0.0181164811552930       -0.0525382885774138       -0.0105375483176463        0.0727616550547233
   2       -0.0315708582893139       -0.0157588329932732       -0.0300697048908425       -0.0014955239544415        0.0343486450987684
   3        0.0385705897065443       -0.0068402539053703       -0.0229194713868280        0.0067658813240751        0.0104387211569354

                16                        17                        18                        19                        20
   1        0.0164942064263952       -0.0253872471550712        0.0115996861582662        0.0413248005826378       -0.0414734584877051
   2        0.0348056002806667       -0.0058840649969005       -0.0289206113920056        0.0088619338694001       -0.0071104974408748
   3       -0.0464081475016579        0.0125489003402590        0.0309008494685426        0.0094756542625365        0.0053757485931048

                21                        22                        23                        24                        25
   1        0.0023953824802496        0.0138144955693218       -0.0575499862228347        0.0317901875390788       -0.0809271923684630
   2        0.0003530298452973       -0.1175299904075684        0.0980403481668901        0.0238314781511433       -0.0219162852472304
   3       -0.0084397843324870       -0.0212513759779643        0.0229760496223295       -0.0059348114636798       -0.0012046756785879

                26                        27                        28                        29                        30
   1        0.0415360086677270        0.0343306143524368        0.0832301910548059       -0.0115731472976716       -0.0698838121955420
   2       -0.0086134606203619        0.0321434104850413        0.0433829616616783       -0.0218836025157299       -0.0202879243803200
   3        0.0449743261544711       -0.0365192008930699       -0.0779130087107790        0.0598355049674207        0.0222844321010238
  =====================================================================================================================================

                                                            After First
  =====================================================================================================================================
                 1                         2                         3                         4                         5
   1       -0.0202947129546164       -0.0276590995793721        0.0479391110959419        0.1325389694051991       -0.0454670889495694
   2       -0.0652317645758851        0.0073630027416963        0.0498724421253432       -0.0072650194601730        0.0068370592057525
   3       -0.1206570881403354        0.0459022945329603        0.0642646056994229        0.0216712504616239        0.0479860314644132

                 6                         7                         8                         9                        10
   1       -0.0827239466506033       -0.0108618054759565       -0.0456041683560147        0.0497987862319699        0.0217911106232358
   2       -0.0069676083983700       -0.0287294455112722        0.0039759734981321        0.0275253933388041        0.0417167549305595
   3       -0.0723784757016670        0.0770471860431584       -0.0625052331392651       -0.0119523038169257       -0.0292197650327356

                11                        12                        13                        14                        15
   1       -0.0360618797099878        0.0217253551500627       -0.0562545903172799       -0.0110924922876894        0.0757053936679983
   2       -0.0296757132808490       -0.0132217191324818       -0.0246976063202257       -0.0034637469752444        0.0304212116186722
   3        0.0427382650350522       -0.0076016282303557       -0.0259449471702864        0.0080574255034460        0.0116776825219153

                16                        17                        18                        19                        20
   1        0.0145800451844902       -0.0250557426276703        0.0131553141337755        0.0400945670805445       -0.0404028776003545
   2        0.0303131273013155       -0.0056349857572845       -0.0247771297673625        0.0089964148720893       -0.0061663840056268
   3       -0.0489961374069959        0.0127777309612600        0.0334571778848424        0.0095688859937218        0.0053037564325502

                21                        22                        23                        24                        25
   1        0.0024394239210033        0.0143872396769152       -0.0587040224162225        0.0297705204003961       -0.0780450770415869
   2       -0.0006827258616151       -0.1049454806037635        0.0915265550619609        0.0202856152874788       -0.0173025912537997
   3       -0.0085462540015994       -0.0210927992653537        0.0222877560949833       -0.0053614648602966       -0.0048582967281019

                26                        27                        28                        29                        30
   1        0.0419899267900262        0.0321121028933149        0.0818201234746258       -0.0122926102754982       -0.0676764702257571
   2       -0.0064691986400062        0.0251935057544768        0.0409585044176488       -0.0197037360552510       -0.0200507973674622
   3        0.0456482661960039       -0.0338231088938281       -0.0742870481499313        0.0568153289980524        0.0220209723170642
  =====================================================================================================================================

                                                      QEDHF Molecular Gradient
  =====================================================================================================================================
                 1                         2                         3                         4                         5
   1       -0.0203622347265701       -0.0279077498602987        0.0470713689971356        0.1301272906760647       -0.0466287338979286
   2       -0.0655966184587773        0.0076777030776491        0.0490810519375236       -0.0016739755953013        0.0054336635953883
   3       -0.1186323545101803        0.0457747691606526        0.0624587327017147        0.0187282301447131        0.0500038462330857

                 6                         7                         8                         9                        10
   1       -0.0822742706444646       -0.0084905977775179       -0.0457557743217897        0.0474487523707700        0.0231802929016535
   2       -0.0088116575558542       -0.0281356037067773        0.0043914360342485        0.0262887715912380        0.0361401716774442
   3       -0.0718225642602514        0.0757126271598342       -0.0621411318664251       -0.0111665995245748       -0.0257621776316171

                11                        12                        13                        14                        15
   1       -0.0333853075531830        0.0190879819025489       -0.0528334929771276       -0.0105885568858252        0.0729427643208266
   2       -0.0270108086841006       -0.0104411859949206       -0.0250774074813257       -0.0025154969368104        0.0306284344515302
   3        0.0391802531961982       -0.0072172300713271       -0.0230379181011284        0.0067925776078045        0.0105214738763129

                16                        17                        18                        19                        20
   1        0.0159889928236594       -0.0254312348268732        0.0121245153014578        0.0413600389197419       -0.0414992468664061
   2        0.0295552778646851       -0.0059130552752779       -0.0236167066559619        0.0081038282229195       -0.0058019792805952
   3       -0.0471374186020936        0.0124921513858057        0.0316773013775879        0.0094591618228834        0.0053687323677460

                21                        22                        23                        24                        25
   1        0.0023746704530081        0.0145514729569969       -0.0584882218893687        0.0322840099220416       -0.0814249407045834
   2       -0.0003115231107730       -0.1085747689696226        0.0925150992461601        0.0206194274159245       -0.0186078114218223
   3       -0.0084275994015741       -0.0216211813143983        0.0234696295148734       -0.0060888132428804       -0.0006772851180310

                26                        27                        28                        29                        30
   1        0.0415748767772359        0.0348414857804603        0.0831822581594644       -0.0114851078090703       -0.0699338962607382
   2       -0.0068466102759941        0.0273004682232432        0.0398650438997804       -0.0194974033098604       -0.0191678573367025
   3        0.0450585081208725       -0.0371783542094747       -0.0780901693588854        0.0600431168727907        0.0222597512727588
  =====================================================================================================================================

  Peak memory usage during the execution of eT: 166.466848 MB

  Total wall time in eT (sec):              2.00991
  Total cpu time in eT (sec):              68.41970

  Calculation end:2022-06-28 10:30:18 UTC +02:00

  - Implementation references:

     eT: https://doi.org/10.1063/5.0004713
     QED-HF: https://doi.org/10.1103/PhysRevX.10.041043

  eT terminated successfully!
