  ------------------------------------------------------------
  Configuration date: 2022-06-27 13:39:14 UTC +02:00
  Git branch:         qed_hf_grad_debug
  Git hash:           5319614efd0ad404db53106547522f391ae25557
  Fortran compiler:   GNU 12.1.0
  C compiler:         GNU 12.1.0
  C++ compiler:       GNU 12.1.0
  LAPACK type:        MKL
  BLAS type:          MKL
  64-bit integers:    ON
  OpenMP:             ON
  PCM:                OFF
  Forced batching:    OFF
  Runtime checks:     OFF
  ------------------------------------------------------------

  Description                                 wall[s]         cpu[s]    cpu/wall
  -------------------------------------------------------------------------------------
  One-electron integrals (overlap)             0.00            0.10     33.94
  Cholesky decomposition of AO        
  overlap                                      0.02            0.72     29.97
  Time initializing AO tool                    0.04            0.91     21.77
  One-electron integrals (overlap)             0.00            0.01     46.49
  One-electron integrals (dipole)              0.00            0.01     43.25


  Generating initial SAD density
  ==============================
  SAD generation time                          0.02            0.48     31.58
  Generating initial SAD density               0.02            0.70     34.49


  Determining reference state
  ===========================
  One-electron integrals              
  (hamiltonian)                                0.00            0.09     43.59
  AO G construction                            0.02            0.90     37.54
  AO G construction                            0.08            3.15     41.01
  SCF diagonalization                          0.00            0.10     42.51
  SCF iteration                                0.11            3.76     34.79
  AO G construction                            0.07            3.09     41.43
  SCF diagonalization                          0.00            0.08     43.47
  SCF iteration                                0.10            3.65     34.83
  AO G construction                            0.07            3.02     41.45
  SCF diagonalization                          0.00            0.08     43.47
  SCF iteration                                0.10            3.63     34.75
  AO G construction                            0.07            2.98     41.12
  SCF diagonalization                          0.00            0.07     43.56
  SCF iteration                                0.10            3.52     34.27
  AO G construction                            0.07            2.74     41.35
  SCF diagonalization                          0.00            0.07     43.48
  SCF iteration                                0.10            3.28     34.01
  AO G construction                            0.07            2.70     41.07
  SCF diagonalization                          0.00            0.07     43.44
  SCF iteration                                0.10            3.27     34.04
  AO G construction                            0.06            2.48     40.88
  SCF diagonalization                          0.00            0.07     43.51
  SCF iteration                                0.09            3.06     33.34
  AO G construction                            0.06            2.39     40.60
  SCF diagonalization                          0.00            0.07     43.51
  SCF iteration                                0.09            2.98     33.06
  AO G construction                            0.05            2.14     40.60
  SCF diagonalization                          0.00            0.07     43.45
  SCF iteration                                0.08            2.67     32.68
  AO G construction                            0.06            2.18     39.40
  SCF diagonalization                          0.00            0.11     43.66
  SCF iteration                                0.09            2.86     32.25
  AO G construction                            0.04            1.78     39.56
  SCF diagonalization                          0.00            0.07     43.48
  SCF iteration                                0.08            2.34     30.88
  AO G construction                            0.04            1.74     39.38
  SCF diagonalization                          0.00            0.07     43.53
  SCF iteration                                0.07            2.29     30.68
  AO G construction                            0.04            1.55     39.46
  SCF diagonalization                          0.00            0.07     43.36
  SCF iteration                                0.07            2.08     30.23
  AO G construction                            0.03            1.33     39.09
  SCF diagonalization                          0.00            0.07     43.54
  SCF iteration                                0.06            1.85     29.33
  AO G construction                            0.03            1.18     38.51
  SCF diagonalization                          0.00            0.07     43.55
  SCF iteration                                0.06            1.74     28.74
  AO G construction                            0.03            1.01     36.93
  SCF iteration                                0.05            1.39     28.06
  SCF solver                                   1.36           44.50     32.72
  QED-HF gradient                              0.43           16.52     38.18
  Determining reference state                  1.94           66.76     34.32
  Total time in eT                             2.01           68.42     34.04
