


                     eT 1.8 - an electronic structure program

  ------------------------------------------------------------------------
   Author list in alphabetical order:
  ------------------------------------------------------------------------
   J. H. Andersen, A. Balbi, S. Coriani, S. D. Folkestad, T. Giovannini, 
   L. Goletto, T. S. Haugland, A. Hutcheson, I-M. Høyvik, E. F. Kjønstad, 
   H. Koch, R. Matveeva, T. Moitra, R. H. Myhre, A. C. Paul, S. Roet, 
   E. Ronca, M. Scavino, A. K. Schnack-Petersen, A. S. Skeidsvoll, Å. 
   H. Tveten
  ------------------------------------------------------------------------
   J. Chem. Phys. 152, 184103 (2020); https://doi.org/10.1063/5.0004713


   This is eT 1.8.0 Ibiza (development)
  ------------------------------------------------------------
  Configuration date: 2022-06-27 13:39:14 UTC +02:00
  Git branch:         qed_hf_grad_debug
  Git hash:           5319614efd0ad404db53106547522f391ae25557
  Fortran compiler:   GNU 12.1.0
  C compiler:         GNU 12.1.0
  C++ compiler:       GNU 12.1.0
  LAPACK type:        MKL
  BLAS type:          MKL
  64-bit integers:    ON
  OpenMP:             ON
  PCM:                OFF
  Forced batching:    OFF
  Runtime checks:     OFF
  ------------------------------------------------------------


  :: Input file
  ================

     Note: geometry section is excluded from this print

     system
         name: gradient
         charge: 0
     end system

     do
         ground state
     end do

     memory
         available: 8
     end memory

     method
         qed-hf
     end method

     solver scf
         gradient threshold: 1d-10
     end solver scf

     qed
         modes:        1
         frequency:    {0.5}
         polarization: {0.0, 1.0, 0.0}
         coupling:     {0.0}
     end qed


  Calculation start:2022-06-28 11:37:27 UTC +02:00

  Running on 42 OMP threads
  Memory available for calculation: 8.000000 GB


  :: QED-RHF wavefunction
  =======================

     ==============================================================================
                                     Geometry (angstrom)
     ==============================================================================
        Atom           X                  Y                  Z         # in input
     ==============================================================================
        Basis: sto-3g
        1  O    -0.935681155496     1.293832044714    -3.203613092117        1
        2  H    -1.668901017043     1.284131106619    -2.475455530274        2
        3  H    -1.186122805907     0.795436774294    -3.938913297956        3
        4  O    -2.689742643680    -2.737671808555    -0.013961155899        4
        5  H    -2.204164704186    -2.836737427801    -0.804666660652        5
        6  H    -2.088019738577    -2.635922364290     0.664860309572        6
        7  O    -2.590837027412     1.495467473259    -0.749886795436        7
        8  H    -2.060297125684     1.380149121049     0.009490263899        8
        9  H    -3.339970641318     0.962015136014    -0.535663200215        9
       10  O    -0.507744677527    -2.076933832236     2.164642126020       10
       11  H     0.031586798842    -1.594802155623     1.558530237117       11
       12  H    -1.213748443019    -1.445283531751     2.362753801042       12
       13  O     1.485114136033     2.853796476038    -2.848866790881       13
       14  H     1.954275932567     2.750091719240    -3.699484744325       14
       15  H     0.669117807590     2.456672582581    -3.073242693429       15
       16  O     0.675733858088    -0.943514168478    -0.728376412203       16
       17  H     1.603657804272    -0.936765204732    -0.986848269162       17
       18  H     0.256644990491    -0.364868099893    -1.359955531953       18
       19  O    -0.933078536109     1.216791065587     1.708046093125       19
       20  H     0.009652921984     1.344142419824     1.615150212413       20
       21  H    -1.027961017298     1.159348287660     2.679394560238       21
       22  O    -4.644114430301    -0.687526447080     0.202977862937       22
       23  H    -4.125947611639    -1.407564910522    -0.006544644326       23
       24  H    -5.503427916356    -1.017289295794     0.443217878493       24
       25  O    -2.990962351983    -0.756981157049     2.832394484270       25
       26  H    -3.602977181662    -0.596444968598     2.134328551469       26
       27  H    -3.485313939567    -1.262505661828     3.453654812405       27
       28  O     2.081186967113     2.469445826504     0.124326554623       28
       29  H     1.753736013096     2.720284731475    -0.721537252985       29
       30  H     2.998954582478     2.587215850684     0.228786795868       30
     ==============================================================================

     ==============================================================================
                                     Geometry (a.u.)
     ==============================================================================
        Atom           X                  Y                  Z         # in input
     ==============================================================================
        Basis: sto-3g
        1  O    -1.768181123803     2.444988215695    -6.053951353173        1
        2  H    -3.153765851219     2.426656099545    -4.677932985757        2
        3  H    -2.241447253265     1.503157652823    -7.443467361544        3
        4  O    -5.082876942118    -5.173449937112    -0.026382761032        4
        5  H    -4.165267624344    -5.360656825846    -1.520599610201        5
        6  H    -3.945785448597    -4.981171354124     1.256403896185        6
        7  O    -4.895972415191     2.826023952655    -1.417080667802        7
        8  H    -3.893397302771     2.608103849842     0.017933999620        8
        9  H    -6.311629776179     1.817945134753    -1.012256743414        9
       10  O    -0.959498381731    -3.924836121769     4.090580775874       10
       11  H     0.059690398964    -3.013739296994     2.945195305004       11
       12  H    -2.293652141423    -2.731190047354     4.464957583745       12
       13  O     2.806458980822     5.392893754962    -5.383578000134       13
       14  H     3.693046284380     5.196920166798    -6.991012968781       14
       15  H     1.264449401414     4.642438358806    -5.807587004901       15
       16  O     1.276951924882    -1.782983373071    -1.376431934657       16
       17  H     3.030474047596    -1.770229679967    -1.864872955218       17
       18  H     0.484988743270    -0.689500780388    -2.569943496978       18
       19  O    -1.763262885956     2.299401864776     3.227739324139       19
       20  H     0.018241378852     2.540061045877     3.052191551493       20
       21  H    -1.942564789423     2.190850746660     5.063321898500       21
       22  O    -8.776104364410    -1.299236688376     0.383572570300       22
       23  H    -7.796910990301    -2.659912183435    -0.012367585359       23
       24  H   -10.399971508198    -1.922398158502     0.837560403863       24
       25  O    -5.652099694132    -1.430487068279     5.352449851999       25
       26  H    -6.808640106399    -1.127117639025     4.033296422115       26
       27  H    -6.586288803910    -2.385789931568     6.526461724233       27
       28  O     3.932873381858     4.666576291542     0.234943138249       28
       29  H     3.314080759539     5.140593123323    -1.363507796812       29
       30  H     5.667202820893     4.889129382927     0.432344385108       30
     ==============================================================================

  - Cholesky decomposition of AO overlap to get linearly independent AOs:

     Linear dependence threshold:             0.10E-05
     Number of atomic orbitals:               70
     Number of orthonormal atomic orbitals:   70

  - Molecular orbital details:

     Number of occupied orbitals:        50
     Number of virtual orbitals:         20
     Number of molecular orbitals:       70


  Generating initial SAD density
  ==============================


  Determining reference state
  ===========================

  - Setting initial AO density to sad

     Energy of initial guess:              -747.165984956724
     Number of electrons in guess:          100.000000000000

  - Screening and integral thresholds:

     Coulomb screening threshold:    0.1000E-15
     Exchange screening threshold:   0.1000E-13
     ERI cutoff:                     0.1000E-15
     One-electron integral  cutoff:  0.1000E-20
     Cumulative Fock threshold:      0.1000E+01

  - SCF solver settings:

     Maximum iterations:                   100
     Acceleration type:                   diis

  - Convergence thresholds

     Residual threshold:            0.1000E-09

  - DIIS tool settings:

     DIIS dimension:   8

     Storage (solver scf_errors): memory
     Storage (solver scf_parameters): memory

  Iteration       Energy (a.u.)      Max(grad.)    Delta E (a.u.)
  ---------------------------------------------------------------
     1          -749.363611918948     0.1080E+00     0.7494E+03
     2          -749.661219667651     0.1078E-01     0.2976E+00
     3          -749.665328440723     0.2329E-02     0.4109E-02
     4          -749.665624610906     0.2332E-03     0.2962E-03
     5          -749.665625750218     0.7385E-04     0.1139E-05
     6          -749.665625868584     0.1253E-04     0.1184E-06
     7          -749.665625871776     0.2326E-05     0.3192E-08
     8          -749.665625871934     0.3118E-06     0.1581E-09
     9          -749.665625871936     0.6877E-07     0.2387E-11
    10          -749.665625871936     0.1891E-07     0.4547E-12
    11          -749.665625871936     0.3223E-08     0.3411E-12
    12          -749.665625871936     0.6941E-09     0.3411E-12
    13          -749.665625871936     0.1213E-09     0.1137E-12
    14          -749.665625871936     0.2934E-10     0.2274E-12
  ---------------------------------------------------------------
  Convergence criterion met in 14 iterations!

  - Summary of QED-RHF wavefunction energetics (a.u.):

     HOMO-LUMO gap:                  0.907966228707
     Nuclear repulsion energy:     650.370955495409
     Electronic energy:          -1400.036581367345
     Total energy:                -749.665625871936

  - QED Parameters and properties

     Optimize photons?   :    True
     Complete basis?     :    False

     Mode 1
      Frequency          :    0.500000000000
      Polarization       :    0.000000000000    1.000000000000    0.000000000000
      Coupling
       sqrt(1/eps V)     :    0.000000000000
       Bilinear          :    0.000000000000
       Quadratic         :    0.000000000000
      Coherent state     :   -0.000000000000

                                                              Only HF
  =====================================================================================================================================
                 1                         2                         3                         4                         5
   1       -0.0210560145509797       -0.0277134485003411        0.0470895539696499        0.1305560680970189       -0.0465448344212238
   2       -0.0705624868934890        0.0077874506371974        0.0540009768999743       -0.0015430339694601        0.0064048957852904
   3       -0.1182943891651703        0.0457381528348824        0.0620206227174852        0.0187347657885797        0.0500732758693995

                 6                         7                         8                         9                        10
   1       -0.0822301857997570       -0.0082281485095016       -0.0455779080736259        0.0472509284906674        0.0231477176696050
   2       -0.0099262369431664       -0.0346928616077927        0.0055932855276805        0.0317474833635971        0.0477827477601016
   3       -0.0720102838457346        0.0760637083376409       -0.0623326231988189       -0.0114680693433008       -0.0261176134825922

                11                        12                        13                        14                        15
   1       -0.0326905538291329        0.0185400533906959       -0.0527692085286759       -0.0104602460178138        0.0732886277148736
   2       -0.0323931543501855       -0.0167693656128209       -0.0301468062699216       -0.0014783846094571        0.0346561081077121
   3        0.0389857305576772       -0.0065618285955306       -0.0232129482773589        0.0068671168133130        0.0106669630515420

                16                        17                        18                        19                        20
   1        0.0165581633840498       -0.0254586716599389        0.0116546291671263        0.0413364325758279       -0.0415211393867415
   2        0.0352019843113750       -0.0060163236697494       -0.0292193293005475        0.0089314578018503       -0.0070431148614942
   3       -0.0472131934919820        0.0127616815722914        0.0315147871897533        0.0094549151051718        0.0054233769027946

                21                        22                        23                        24                        25
   1        0.0024632008344798        0.0135051141191585       -0.0580999022339369        0.0320589213888523       -0.0815869972264273
   2        0.0004408838163974       -0.1196029271318250        0.0994955660856143        0.0244972060436218       -0.0221831788389745
   3       -0.0084522272178466       -0.0212523109586919        0.0230759066755058       -0.0059364409324584       -0.0010057535975778

                26                        27                        28                        29                        30
   1        0.0416977222173310        0.0347117453840994        0.0833346285445179       -0.0115868633029939       -0.0699476995124008
   2       -0.0085043811533496        0.0323015503260686        0.0433097822999084       -0.0218119769178626       -0.0202579245991730
   3        0.0450187295378992       -0.0367197923177613       -0.0781278066376129        0.0599684235277121        0.0223372051388577
  =====================================================================================================================================

                                                            After First
  =====================================================================================================================================
                 1                         2                         3                         4                         5
   1       -0.0210560145509797       -0.0277134485003411        0.0470895539696499        0.1305560680970189       -0.0465448344212238
   2       -0.0705624868934890        0.0077874506371974        0.0540009768999743       -0.0015430339694601        0.0064048957852904
   3       -0.1182943891651703        0.0457381528348824        0.0620206227174852        0.0187347657885797        0.0500732758693995

                 6                         7                         8                         9                        10
   1       -0.0822301857997570       -0.0082281485095016       -0.0455779080736259        0.0472509284906674        0.0231477176696050
   2       -0.0099262369431664       -0.0346928616077927        0.0055932855276805        0.0317474833635971        0.0477827477601016
   3       -0.0720102838457346        0.0760637083376409       -0.0623326231988189       -0.0114680693433008       -0.0261176134825922

                11                        12                        13                        14                        15
   1       -0.0326905538291329        0.0185400533906959       -0.0527692085286759       -0.0104602460178138        0.0732886277148736
   2       -0.0323931543501855       -0.0167693656128209       -0.0301468062699216       -0.0014783846094571        0.0346561081077121
   3        0.0389857305576772       -0.0065618285955306       -0.0232129482773589        0.0068671168133130        0.0106669630515420

                16                        17                        18                        19                        20
   1        0.0165581633840498       -0.0254586716599389        0.0116546291671263        0.0413364325758279       -0.0415211393867415
   2        0.0352019843113750       -0.0060163236697494       -0.0292193293005475        0.0089314578018503       -0.0070431148614942
   3       -0.0472131934919820        0.0127616815722914        0.0315147871897533        0.0094549151051718        0.0054233769027946

                21                        22                        23                        24                        25
   1        0.0024632008344798        0.0135051141191585       -0.0580999022339369        0.0320589213888523       -0.0815869972264273
   2        0.0004408838163974       -0.1196029271318250        0.0994955660856143        0.0244972060436218       -0.0221831788389745
   3       -0.0084522272178466       -0.0212523109586919        0.0230759066755058       -0.0059364409324584       -0.0010057535975778

                26                        27                        28                        29                        30
   1        0.0416977222173310        0.0347117453840994        0.0833346285445179       -0.0115868633029939       -0.0699476995124008
   2       -0.0085043811533496        0.0323015503260686        0.0433097822999084       -0.0218119769178626       -0.0202579245991730
   3        0.0450187295378992       -0.0367197923177613       -0.0781278066376129        0.0599684235277121        0.0223372051388577
  =====================================================================================================================================

                                                      QEDHF Molecular Gradient
  =====================================================================================================================================
                 1                         2                         3                         4                         5
   1       -0.0210560145509797       -0.0277134485003411        0.0470895539696499        0.1305560680970189       -0.0465448344212238
   2       -0.0705624868934890        0.0077874506371974        0.0540009768999743       -0.0015430339694601        0.0064048957852904
   3       -0.1182943891651703        0.0457381528348824        0.0620206227174852        0.0187347657885797        0.0500732758693995

                 6                         7                         8                         9                        10
   1       -0.0822301857997570       -0.0082281485095016       -0.0455779080736259        0.0472509284906674        0.0231477176696050
   2       -0.0099262369431664       -0.0346928616077927        0.0055932855276805        0.0317474833635971        0.0477827477601016
   3       -0.0720102838457346        0.0760637083376409       -0.0623326231988189       -0.0114680693433008       -0.0261176134825922

                11                        12                        13                        14                        15
   1       -0.0326905538291329        0.0185400533906959       -0.0527692085286759       -0.0104602460178138        0.0732886277148736
   2       -0.0323931543501855       -0.0167693656128209       -0.0301468062699216       -0.0014783846094571        0.0346561081077121
   3        0.0389857305576772       -0.0065618285955306       -0.0232129482773589        0.0068671168133130        0.0106669630515420

                16                        17                        18                        19                        20
   1        0.0165581633840498       -0.0254586716599389        0.0116546291671263        0.0413364325758279       -0.0415211393867415
   2        0.0352019843113750       -0.0060163236697494       -0.0292193293005475        0.0089314578018503       -0.0070431148614942
   3       -0.0472131934919820        0.0127616815722914        0.0315147871897533        0.0094549151051718        0.0054233769027946

                21                        22                        23                        24                        25
   1        0.0024632008344798        0.0135051141191585       -0.0580999022339369        0.0320589213888523       -0.0815869972264273
   2        0.0004408838163974       -0.1196029271318250        0.0994955660856143        0.0244972060436218       -0.0221831788389745
   3       -0.0084522272178466       -0.0212523109586919        0.0230759066755058       -0.0059364409324584       -0.0010057535975778

                26                        27                        28                        29                        30
   1        0.0416977222173310        0.0347117453840994        0.0833346285445179       -0.0115868633029939       -0.0699476995124008
   2       -0.0085043811533496        0.0323015503260686        0.0433097822999084       -0.0218119769178626       -0.0202579245991730
   3        0.0450187295378992       -0.0367197923177613       -0.0781278066376129        0.0599684235277121        0.0223372051388577
  =====================================================================================================================================

  Peak memory usage during the execution of eT: 159.410848 MB

  Total wall time in eT (sec):              1.72345
  Total cpu time in eT (sec):              61.55326

  Calculation end:2022-06-28 11:37:28 UTC +02:00

  - Implementation references:

     eT: https://doi.org/10.1063/5.0004713
     QED-HF: https://doi.org/10.1103/PhysRevX.10.041043

  eT terminated successfully!
