


                     eT 1.8 - an electronic structure program

  ------------------------------------------------------------------------
   Author list in alphabetical order:
  ------------------------------------------------------------------------
   J. H. Andersen, A. Balbi, S. Coriani, S. D. Folkestad, T. Giovannini, 
   L. Goletto, T. S. Haugland, A. Hutcheson, I-M. Høyvik, E. F. Kjønstad, 
   H. Koch, R. Matveeva, T. Moitra, R. H. Myhre, A. C. Paul, S. Roet, 
   E. Ronca, M. Scavino, A. K. Schnack-Petersen, A. S. Skeidsvoll, Å. 
   H. Tveten
  ------------------------------------------------------------------------
   J. Chem. Phys. 152, 184103 (2020); https://doi.org/10.1063/5.0004713


   This is eT 1.8.0 Ibiza (development)
  ------------------------------------------------------------
  Configuration date: 2022-06-29 00:33:16 UTC +02:00
  Git branch:         qed_hf_grad_print
  Git hash:           1d17b0bd3b496969b9984e2aa0841af9aa0aedc6
  Fortran compiler:   GNU 12.1.0
  C compiler:         GNU 12.1.0
  C++ compiler:       GNU 12.1.0
  LAPACK type:        MKL
  BLAS type:          MKL
  64-bit integers:    ON
  OpenMP:             ON
  PCM:                OFF
  Forced batching:    OFF
  Runtime checks:     OFF
  ------------------------------------------------------------


  :: Input file
  ================

     Note: geometry section is excluded from this print

     system
         name: gradient
         charge: 0
     end system

     do
         ground state
     end do

     memory
         available: 8
     end memory

     method
         qed-hf
     end method

     solver scf
         gradient threshold: 1d-10
         max iterations: 1000
     end solver scf

     qed
         modes:        1
         frequency:    {0.5}
         polarization: {0, 1, 0}
         coupling:     {0.1}
     end qed


  Calculation start:2022-06-30 09:41:53 UTC +02:00

  Running on 42 OMP threads
  Memory available for calculation: 8.000000 GB


  :: QED-RHF wavefunction
  =======================

     ==============================================================================
                                     Geometry (angstrom)
     ==============================================================================
        Atom           X                  Y                  Z         # in input
     ==============================================================================
        Basis: cc-pvdz
        1  O    -0.974569004467     0.199716498706    -3.745403803830        1
        2  H    -1.598932072215     0.554236783078    -3.081042926919        2
        3  H    -1.560050008027     0.374654840332    -4.463990786069        3
        4  O    -2.968944292425    -1.864878966121     0.903426684505        4
        5  H    -2.189503460159    -2.034946218376     0.389210098732        5
        6  H    -2.637481115914    -1.984124494415     1.745454924864        6
        7  O    -1.942003689461     1.208375219288    -1.239009215824        7
        8  H    -1.258785744012     1.640465279556    -0.703325406153        8
        9  H    -2.734907212692     1.166820499480    -0.701353131632        9
       10  O    -0.895604095489    -0.877290031203     2.928304131191       10
       11  H    -0.697060512036    -0.696282399489     2.020087832778       11
       12  H    -1.526504481410    -0.254339844336     3.220543384336       12
       13  O     1.764116905468     0.332232132473    -3.467855723118       13
       14  H     2.309726451031     0.784836509112    -4.092752996862       14
       15  H     0.856901702239     0.293039815579    -3.768562987338       15
       16  O    -0.412095125111    -1.116249068267     0.074134917687       16
       17  H     0.506365746218    -1.061208958372    -0.133878827022       17
       18  H    -0.981560929868    -0.581295229464    -0.438026553930       18
       19  O     0.436280637933     1.902892737318     0.257153783452       19
       20  H     1.231573082694     1.371409253873     0.065142800863       20
       21  H     0.299426318482     1.780149155354     1.195016406318       21
       22  O    -4.274209918426     0.592569589164     0.358916767304       22
       23  H    -3.952806807124    -0.252005502045     0.514311977235       23
       24  H    -5.103676830119     0.545848988299    -0.119197822351       24
       25  O    -3.023934568075     1.744375532918     3.176998250602       25
       26  H    -3.447100277781     1.590228749479     2.328571201225       26
       27  H    -3.783393024956     1.900908062100     3.724425909999       27
       28  O     2.637103668826    -0.035879852408    -0.368654592099       28
       29  H     2.544595153297    -0.065339805221    -1.270254880727       29
       30  H     3.523315164552     0.109593690510    -0.118352924977       30
     ==============================================================================

     ==============================================================================
                                     Geometry (a.u.)
     ==============================================================================
        Atom           X                  Y                  Z         # in input
     ==============================================================================
        Basis: cc-pvdz
        1  O    -1.841668507933     0.377409485112    -7.077787415143        1
        2  H    -3.021543708269     1.047355728177    -5.822327309906        2
        3  H    -2.948067255796     0.707995039471    -8.435720008253        3
        4  O    -5.610491591774    -3.524110501431     1.707229007339        4
        5  H    -4.137561888488    -3.845491030949     0.735500491518        5
        6  H    -4.984116967789    -3.749451891486     3.298431770767        6
        7  O    -3.669855105975     2.283498220166    -2.341388083720        7
        8  H    -2.378760305689     3.100030095220    -1.329092394077        8
        9  H    -5.168225608086     2.204971180545    -1.325365335390        9
       10  O    -1.692446456514    -1.657837890785     5.533692817383       10
       11  H    -1.317253459997    -1.315783040389     3.817412751517       11
       12  H    -2.884675397786    -0.480632648359     6.085944968674       12
       13  O     3.333697803050     0.627827740155    -6.553297556199       13
       14  H     4.364750415112     1.483126054782    -7.734182259561       14
       15  H     1.619309532906     0.553764995037    -7.121551929241       15
       16  O    -0.778746923727    -2.109405025825     0.140094690696       16
       17  H     0.956892579213    -2.005394292258    -0.252994316950       17
       18  H    -1.854881332023    -1.098488781203    -0.827750222214       18
       19  O     0.824450919144     3.595946117955     0.485950222620       19
       20  H     2.327335828677     2.591587894513     0.123102052618       20
       21  H     0.565833736417     3.363994364494     2.258253722302       21
       22  O    -8.077086144724     1.119794233265     0.678254391719       22
       23  H    -7.469722288781    -0.476221380748     0.971908779558       23
       24  H    -9.644551437213     1.031505093256    -0.225251238888       24
       25  O    -5.714408152266     3.296392015608     6.003656591860       25
       26  H    -6.514075448919     3.005096811925     4.400361831865       26
       27  H    -7.149576638756     3.592195625347     7.038144941132       27
       28  O     4.983403696166    -0.067803094442    -0.696656213631       28
       29  H     4.808587937627    -0.123474336901    -2.400433832967       29
       30  H     6.658100711529     0.207102060044    -0.223654614247       30
     ==============================================================================

  - Cholesky decomposition of AO overlap to get linearly independent AOs:

     Linear dependence threshold:             0.10E-05
     Number of atomic orbitals:               240
     Number of orthonormal atomic orbitals:   240

  - Molecular orbital details:

     Number of occupied orbitals:        50
     Number of virtual orbitals:        190
     Number of molecular orbitals:      240


  Generating initial SAD density
  ==============================


  Determining reference state
  ===========================

  - Setting initial AO density to sad

     Energy of initial guess:              -759.292358846840
     Number of electrons in guess:          100.000000000000

  - Screening and integral thresholds:

     Coulomb screening threshold:    0.1000E-15
     Exchange screening threshold:   0.1000E-13
     ERI cutoff:                     0.1000E-15
     One-electron integral  cutoff:  0.1000E-20
     Cumulative Fock threshold:      0.1000E+01

  - SCF solver settings:

     Maximum iterations:                  1000
     Acceleration type:                   diis

  - Convergence thresholds

     Residual threshold:            0.1000E-09

  - DIIS tool settings:

     DIIS dimension:   8

     Storage (solver scf_errors): memory
     Storage (solver scf_parameters): memory

  Iteration       Energy (a.u.)      Max(grad.)    Delta E (a.u.)
  ---------------------------------------------------------------
     1          -759.907676905579     0.7976E-01     0.7599E+03
     2          -760.164507389163     0.4575E-01     0.2568E+00
     3          -760.222054073795     0.6727E-02     0.5755E-01
     4          -760.224233595566     0.2253E-02     0.2180E-02
     5          -760.224381229336     0.7319E-03     0.1476E-03
     6          -760.224395569361     0.2123E-03     0.1434E-04
     7          -760.224397623460     0.6329E-04     0.2054E-05
     8          -760.224397742833     0.2415E-04     0.1194E-06
     9          -760.224397756029     0.6205E-05     0.1320E-07
    10          -760.224397757147     0.2633E-05     0.1118E-08
    11          -760.224397757273     0.1070E-05     0.1260E-09
    12          -760.224397757291     0.3820E-06     0.1774E-10
    13          -760.224397757292     0.1456E-06     0.1364E-11
    14          -760.224397757293     0.4724E-07     0.3411E-12
    15          -760.224397757293     0.1408E-07     0.1137E-12
    16          -760.224397757293     0.3499E-08     0.1137E-12
    17          -760.224397757293     0.1199E-08     0.1137E-12
    18          -760.224397757293     0.5395E-09     0.1137E-12
    19          -760.224397757293     0.1272E-09     0.3411E-12
    20          -760.224397757293     0.5357E-10     0.2274E-12
  ---------------------------------------------------------------
  Convergence criterion met in 20 iterations!

  - Summary of QED-RHF wavefunction energetics (a.u.):

     HOMO-LUMO gap:                  0.642763604732
     Nuclear repulsion energy:     668.092355496773
     Electronic energy:          -1428.316753254066
     Total energy:                -760.224397757293

  - QED Parameters and properties

     Optimize photons?   :    True
     Complete basis?     :    False

     Mode 1
      Frequency          :    0.500000000000
      Polarization       :    0.000000000000    1.000000000000    0.000000000000
      Coupling
       sqrt(1/eps V)     :    0.100000000000
       Bilinear          :    0.050000000000
       Quadratic         :    0.005000000000
      Coherent state     :   -0.070572153107

                                                      QEDHF Molecular Gradient
  =====================================================================================================================================
                 1                         2                         3                         4                         5
   1        0.0436356174022524       -0.0336733379716944       -0.0090166617428634        0.0134845951938802        0.0018653742110496
   2       -0.0196449422321647        0.0116753824913237        0.0077631996133731       -0.0007672908645154       -0.0003309247456730
   3       -0.0129216584084545       -0.0077412983262408        0.0220139081593639        0.0421334779040749        0.0044670172681289

                 6                         7                         8                         9                        10
   1       -0.0131037792596138       -0.0024033703969295        0.0095538993370908       -0.0066579530959786       -0.0084667092997894
   2        0.0025691237074293       -0.0050926026902957        0.0092261209514580       -0.0023411207623122        0.0106539795550233
   3       -0.0487112682235093       -0.0136170467622304        0.0117854509044170        0.0045870294620057       -0.0019938632203708

                11                        12                        13                        14                        15
   1        0.0013756698927816        0.0090802861050806       -0.0082131269926959        0.0083486101518394       -0.0060999330294725
   2        0.0011376129180513       -0.0122207459254902        0.0030081213393279        0.0024825736425016       -0.0046478466515034
   3        0.0015231175498424       -0.0014637073279729       -0.0096120398317928        0.0027714999390329       -0.0004669510060631

                16                        17                        18                        19                        20
   1        0.0017912986323083        0.0012134732245780       -0.0076242961252202       -0.0188290078802298        0.0210518681651914
   2        0.0222746026427418       -0.0093941629184064       -0.0166989979978360        0.0164552283935806       -0.0154058134696114
   3       -0.0255109932015493        0.0110218132073381        0.0190908176596586       -0.0080056480350838       -0.0031565372428801

                21                        22                        23                        24                        25
   1       -0.0014125507500858        0.0250167135576959       -0.0107147127920500       -0.0144923883880016        0.0150435584334669
   2       -0.0028823008635397       -0.0479568040594173        0.0435714599717726        0.0045941128830960        0.0040599959572048
   3        0.0087278847122384        0.0115745011593088       -0.0062424640820804       -0.0090839555985806        0.0128048191142616

                26                        27                        28                        29                        30
   1       -0.0094246689991176       -0.0056793098716429        0.0211882528248783       -0.0018910684213308       -0.0149463421176139
   2       -0.0010062812367741        0.0003412441613894        0.0002621796391766       -0.0012275057330543       -0.0004575977168050
   3       -0.0050439083808303       -0.0049871095161679       -0.0599747457381869        0.0623397663098902        0.0036920915496512
  =====================================================================================================================================

  Peak memory usage during the execution of eT: 1.873468 GB

  Total wall time in eT (sec):             32.64095
  Total cpu time in eT (sec):            1341.22303

  Calculation end:2022-06-30 09:42:26 UTC +02:00

  - Implementation references:

     eT: https://doi.org/10.1063/5.0004713
     QED-HF: https://doi.org/10.1103/PhysRevX.10.041043

  eT terminated successfully!
