


                     eT 1.8 - an electronic structure program

  ------------------------------------------------------------------------
   Author list in alphabetical order:
  ------------------------------------------------------------------------
   J. H. Andersen, A. Balbi, S. Coriani, S. D. Folkestad, T. Giovannini, 
   L. Goletto, T. S. Haugland, A. Hutcheson, I-M. Høyvik, E. F. Kjønstad, 
   H. Koch, R. Matveeva, T. Moitra, R. H. Myhre, A. C. Paul, S. Roet, 
   E. Ronca, M. Scavino, A. K. Schnack-Petersen, A. S. Skeidsvoll, Å. 
   H. Tveten
  ------------------------------------------------------------------------
   J. Chem. Phys. 152, 184103 (2020); https://doi.org/10.1063/5.0004713


   This is eT 1.8.0 Ibiza (development)
  ------------------------------------------------------------
  Configuration date: 2022-06-29 00:33:16 UTC +02:00
  Git branch:         qed_hf_grad_print
  Git hash:           1d17b0bd3b496969b9984e2aa0841af9aa0aedc6
  Fortran compiler:   GNU 12.1.0
  C compiler:         GNU 12.1.0
  C++ compiler:       GNU 12.1.0
  LAPACK type:        MKL
  BLAS type:          MKL
  64-bit integers:    ON
  OpenMP:             ON
  PCM:                OFF
  Forced batching:    OFF
  Runtime checks:     OFF
  ------------------------------------------------------------


  :: Input file
  ================

     Note: geometry section is excluded from this print

     system
         name: gradient
         charge: 0
     end system

     do
         ground state
     end do

     memory
         available: 8
     end memory

     method
         qed-hf
     end method

     solver scf
         gradient threshold: 1d-10
     end solver scf

     qed
         modes:        1
         frequency:    {0.5}
         polarization: {0.0, 1.0, 0.0}
         coupling:     {0.1}
     end qed


  Calculation start:2022-06-29 10:38:00 UTC +02:00

  Running on 30 OMP threads
  Memory available for calculation: 8.000000 GB


  :: QED-RHF wavefunction
  =======================

     ==============================================================================
                                     Geometry (angstrom)
     ==============================================================================
        Atom           X                  Y                  Z         # in input
     ==============================================================================
        Basis: cc-pvdz
        1  O    -0.935681155496     1.293832044714    -3.203613092117        1
        2  H    -1.668901017043     1.284131106619    -2.475455530274        2
        3  H    -1.186122805907     0.795436774294    -3.938913297956        3
        4  O    -2.689742643680    -2.737671808555    -0.013961155899        4
        5  H    -2.204164704186    -2.836737427801    -0.804666660652        5
        6  H    -2.088019738577    -2.635922364290     0.664860309572        6
        7  O    -2.590837027412     1.495467473259    -0.749886795436        7
        8  H    -2.060297125684     1.380149121049     0.009490263899        8
        9  H    -3.339970641318     0.962015136014    -0.535663200215        9
       10  O    -0.507744677527    -2.076933832236     2.164642126020       10
       11  H     0.031586798842    -1.594802155623     1.558530237117       11
       12  H    -1.213748443019    -1.445283531751     2.362753801042       12
       13  O     1.485114136033     2.853796476038    -2.848866790881       13
       14  H     1.954275932567     2.750091719240    -3.699484744325       14
       15  H     0.669117807590     2.456672582581    -3.073242693429       15
       16  O     0.675733858088    -0.943514168478    -0.728376412203       16
       17  H     1.603657804272    -0.936765204732    -0.986848269162       17
       18  H     0.256644990491    -0.364868099893    -1.359955531953       18
       19  O    -0.933078536109     1.216791065587     1.708046093125       19
       20  H     0.009652921984     1.344142419824     1.615150212413       20
       21  H    -1.027961017298     1.159348287660     2.679394560238       21
       22  O    -4.644114430301    -0.687526447080     0.202977862937       22
       23  H    -4.125947611639    -1.407564910522    -0.006544644326       23
       24  H    -5.503427916356    -1.017289295794     0.443217878493       24
       25  O    -2.990962351983    -0.756981157049     2.832394484270       25
       26  H    -3.602977181662    -0.596444968598     2.134328551469       26
       27  H    -3.485313939567    -1.262505661828     3.453654812405       27
       28  O     2.081186967113     2.469445826504     0.124326554623       28
       29  H     1.753736013096     2.720284731475    -0.721537252985       29
       30  H     2.998954582478     2.587215850684     0.228786795868       30
     ==============================================================================

     ==============================================================================
                                     Geometry (a.u.)
     ==============================================================================
        Atom           X                  Y                  Z         # in input
     ==============================================================================
        Basis: cc-pvdz
        1  O    -1.768181123803     2.444988215695    -6.053951353173        1
        2  H    -3.153765851219     2.426656099545    -4.677932985757        2
        3  H    -2.241447253265     1.503157652823    -7.443467361544        3
        4  O    -5.082876942118    -5.173449937112    -0.026382761032        4
        5  H    -4.165267624344    -5.360656825846    -1.520599610201        5
        6  H    -3.945785448597    -4.981171354124     1.256403896185        6
        7  O    -4.895972415191     2.826023952655    -1.417080667802        7
        8  H    -3.893397302771     2.608103849842     0.017933999620        8
        9  H    -6.311629776179     1.817945134753    -1.012256743414        9
       10  O    -0.959498381731    -3.924836121769     4.090580775874       10
       11  H     0.059690398964    -3.013739296994     2.945195305004       11
       12  H    -2.293652141423    -2.731190047354     4.464957583745       12
       13  O     2.806458980822     5.392893754962    -5.383578000134       13
       14  H     3.693046284380     5.196920166798    -6.991012968781       14
       15  H     1.264449401414     4.642438358806    -5.807587004901       15
       16  O     1.276951924882    -1.782983373071    -1.376431934657       16
       17  H     3.030474047596    -1.770229679967    -1.864872955218       17
       18  H     0.484988743270    -0.689500780388    -2.569943496978       18
       19  O    -1.763262885956     2.299401864776     3.227739324139       19
       20  H     0.018241378852     2.540061045877     3.052191551493       20
       21  H    -1.942564789423     2.190850746660     5.063321898500       21
       22  O    -8.776104364410    -1.299236688376     0.383572570300       22
       23  H    -7.796910990301    -2.659912183435    -0.012367585359       23
       24  H   -10.399971508198    -1.922398158502     0.837560403863       24
       25  O    -5.652099694132    -1.430487068279     5.352449851999       25
       26  H    -6.808640106399    -1.127117639025     4.033296422115       26
       27  H    -6.586288803910    -2.385789931568     6.526461724233       27
       28  O     3.932873381858     4.666576291542     0.234943138249       28
       29  H     3.314080759539     5.140593123323    -1.363507796812       29
       30  H     5.667202820893     4.889129382927     0.432344385108       30
     ==============================================================================

  - Cholesky decomposition of AO overlap to get linearly independent AOs:

     Linear dependence threshold:             0.10E-05
     Number of atomic orbitals:               240
     Number of orthonormal atomic orbitals:   240

  - Molecular orbital details:

     Number of occupied orbitals:        50
     Number of virtual orbitals:        190
     Number of molecular orbitals:      240


  Generating initial SAD density
  ==============================


  Determining reference state
  ===========================

  - Setting initial AO density to sad

     Energy of initial guess:              -758.921543456853
     Number of electrons in guess:          100.000000000000

  - Screening and integral thresholds:

     Coulomb screening threshold:    0.1000E-15
     Exchange screening threshold:   0.1000E-13
     ERI cutoff:                     0.1000E-15
     One-electron integral  cutoff:  0.1000E-20
     Cumulative Fock threshold:      0.1000E+01

  - SCF solver settings:

     Maximum iterations:                   100
     Acceleration type:                   diis

  - Convergence thresholds

     Residual threshold:            0.1000E-09

  - DIIS tool settings:

     DIIS dimension:   8

     Storage (solver scf_errors): memory
     Storage (solver scf_parameters): memory

  Iteration       Energy (a.u.)      Max(grad.)    Delta E (a.u.)
  ---------------------------------------------------------------
     1          -759.876354909369     0.7473E-01     0.7599E+03
     2          -760.162024689227     0.4038E-01     0.2857E+00
     3          -760.212664664371     0.7761E-02     0.5064E-01
     4          -760.215671701219     0.2204E-02     0.3007E-02
     5          -760.215941571896     0.6625E-03     0.2699E-03
     6          -760.215965632539     0.2598E-03     0.2406E-04
     7          -760.215968987500     0.9296E-04     0.3355E-05
     8          -760.215969346535     0.4862E-04     0.3590E-06
     9          -760.215969419082     0.2309E-04     0.7255E-07
    10          -760.215969428165     0.1043E-04     0.9084E-08
    11          -760.215969429625     0.4527E-05     0.1460E-08
    12          -760.215969429888     0.1372E-05     0.2631E-09
    13          -760.215969429913     0.4851E-06     0.2478E-10
    14          -760.215969429917     0.1375E-06     0.4434E-11
    15          -760.215969429918     0.4847E-07     0.2274E-12
    16          -760.215969429917     0.2465E-07     0.3411E-12
    17          -760.215969429918     0.9791E-08     0.3411E-12
    18          -760.215969429918     0.4306E-08     0.1137E-12
    19          -760.215969429917     0.1688E-08     0.3411E-12
    20          -760.215969429917     0.6668E-09     0.1137E-12
    21          -760.215969429917     0.2601E-09     0.3411E-12
    22          -760.215969429918     0.1391E-09     0.7958E-12
    23          -760.215969429918     0.7807E-10     0.2274E-12
  ---------------------------------------------------------------
  Convergence criterion met in 23 iterations!

  - Summary of QED-RHF wavefunction energetics (a.u.):

     HOMO-LUMO gap:                  0.678908520831
     Nuclear repulsion energy:     650.370955495409
     Electronic energy:          -1410.586924925327
     Total energy:                -760.215969429918

  - QED Parameters and properties

     Optimize photons?   :    True
     Complete basis?     :    False

     Mode 1
      Frequency          :    0.500000000000
      Polarization       :    0.000000000000    1.000000000000    0.000000000000
      Coupling
       sqrt(1/eps V)     :    0.100000000000
       Bilinear          :    0.050000000000
       Quadratic         :    0.005000000000
      Coherent state     :    0.070315335110

                                                      QEDHF Molecular Gradient
  =====================================================================================================================================
                 1                         2                         3                         4                         5
   1        0.0274799275013381       -0.0430935403633373        0.0161120790417712        0.0463841340610704       -0.0116490429175441
   2       -0.0132435567287251       -0.0005109291118888        0.0133847544878899        0.0025192509954234        0.0012807454491315
   3       -0.0690560820784030        0.0471220021596591        0.0171540492802265        0.0254148710752107        0.0099932524242453

                 6                         7                         8                         9                        10
   1       -0.0378915564647726        0.0091900405735590       -0.0189121157606560        0.0095488483377277        0.0186070617373257
   2       -0.0039310381068185        0.0068230537513151       -0.0040723020201914       -0.0004954019469665       -0.0198085391525354
   3       -0.0362112471129323        0.0177449005597905       -0.0188237222623413        0.0036652685169054       -0.0012345851775718

                11                        12                        13                        14                        15
   1       -0.0053372738590525       -0.0117320215518475       -0.0309748542496101        0.0067172089571634        0.0252978654225536
   2        0.0025761544800486        0.0177073205643325        0.0010747016516338       -0.0082359471193819        0.0075804587194852
   3        0.0066173594075781       -0.0008635844801869        0.0329940148660825       -0.0310343944157993       -0.0050848301770496

                16                        17                        18                        19                        20
   1       -0.0138001768365416        0.0179778173268272       -0.0023431182492477       -0.0127173953502897        0.0054855791943615
   2       -0.0048642179957948       -0.0009096119591988        0.0042117448356354        0.0009843014714419       -0.0010286934672218
   3        0.0108611806885587       -0.0064109250388115       -0.0055261827075878       -0.0368556720860847        0.0085250636878603

                21                        22                        23                        24                        25
   1        0.0053350383533984        0.0355922393993589       -0.0304499718983127       -0.0070617965258904       -0.0019939251050404
   2       -0.0009102892694133       -0.0382879633612507        0.0417638060517152       -0.0035656986702289        0.0005351806395253
   3        0.0327931609775718       -0.0172166857470692        0.0109654548953052        0.0042746497379847       -0.0056977323463964

                26                        27                        28                        29                        30
   1        0.0033677257838370        0.0001124352365878        0.0269758000802404       -0.0130246338156751       -0.0132023780599405
   2       -0.0036351678900116        0.0013259296323617        0.0121758442721638       -0.0039265495005514       -0.0065173407011829
   3        0.0117418531456634       -0.0060848185599046       -0.0246190928438813        0.0126737974978627        0.0121786761100172
  =====================================================================================================================================

  Peak memory usage during the execution of eT: 1.375804 GB

  Total wall time in eT (sec):             43.71009
  Total cpu time in eT (sec):            1285.68323

  Calculation end:2022-06-29 10:38:44 UTC +02:00

  - Implementation references:

     eT: https://doi.org/10.1063/5.0004713
     QED-HF: https://doi.org/10.1103/PhysRevX.10.041043

  eT terminated successfully!
