  ------------------------------------------------------------
  Configuration date: 2022-06-27 13:39:14 UTC +02:00
  Git branch:         qed_hf_grad_debug
  Git hash:           5319614efd0ad404db53106547522f391ae25557
  Fortran compiler:   GNU 12.1.0
  C compiler:         GNU 12.1.0
  C++ compiler:       GNU 12.1.0
  LAPACK type:        MKL
  BLAS type:          MKL
  64-bit integers:    ON
  OpenMP:             ON
  PCM:                OFF
  Forced batching:    OFF
  Runtime checks:     OFF
  ------------------------------------------------------------

  Description                                 wall[s]         cpu[s]    cpu/wall
  -------------------------------------------------------------------------------------
  One-electron integrals (overlap)             0.00            0.03     23.09
  Cholesky decomposition of AO        
  overlap                                      0.02            0.71     30.76
  Time initializing AO tool                    0.04            0.82     21.14
  One-electron integrals (overlap)             0.00            0.01     44.74
  One-electron integrals (dipole)              0.00            0.01     40.94


  Generating initial SAD density
  ==============================
  SAD generation time                          0.02            0.49     29.29
  Generating initial SAD density               0.02            0.72     32.15


  Determining reference state
  ===========================
  One-electron integrals              
  (hamiltonian)                                0.00            0.10     41.66
  AO G construction                            0.02            0.86     37.81
  AO G construction                            0.08            3.22     39.82
  SCF diagonalization                          0.00            0.10     40.64
  SCF iteration                                0.10            3.72     36.08
  AO G construction                            0.08            3.16     40.70
  SCF diagonalization                          0.00            0.07     41.05
  SCF iteration                                0.10            3.58     36.77
  AO G construction                            0.08            3.12     40.72
  SCF diagonalization                          0.00            0.06     41.53
  SCF iteration                                0.10            3.52     36.72
  AO G construction                            0.08            3.14     40.69
  SCF diagonalization                          0.00            0.07     41.51
  SCF iteration                                0.10            3.53     36.76
  AO G construction                            0.07            2.86     40.60
  SCF diagonalization                          0.00            0.06     41.50
  SCF iteration                                0.09            3.25     36.46
  AO G construction                            0.07            2.71     40.52
  SCF diagonalization                          0.00            0.06     41.40
  SCF iteration                                0.09            3.12     36.15
  AO G construction                            0.06            2.45     40.37
  SCF diagonalization                          0.00            0.06     41.53
  SCF iteration                                0.08            2.86     35.66
  AO G construction                            0.06            2.32     40.27
  SCF diagonalization                          0.00            0.06     41.69
  SCF iteration                                0.08            2.74     35.46
  AO G construction                            0.05            2.16     40.26
  SCF diagonalization                          0.00            0.06     41.54
  SCF iteration                                0.07            2.53     35.20
  AO G construction                            0.05            1.90     39.86
  SCF diagonalization                          0.00            0.06     41.56
  SCF iteration                                0.07            2.29     34.34
  AO G construction                            0.05            1.85     39.28
  SCF diagonalization                          0.00            0.11     41.60
  SCF iteration                                0.07            2.42     33.78
  AO G construction                            0.04            1.38     39.35
  SCF diagonalization                          0.00            0.07     41.53
  SCF iteration                                0.06            1.81     32.83
  AO G construction                            0.03            1.19     38.82
  SCF diagonalization                          0.00            0.07     41.49
  SCF iteration                                0.05            1.59     32.05
  AO G construction                            0.03            0.97     38.24
  SCF iteration                                0.04            1.22     31.61
  SCF solver                                   1.08           38.30     35.42
  QED-HF gradient                              0.43           16.03     37.20
  Determining reference state                  1.66           59.96     36.14
  Total time in eT                             1.72           61.55     35.72
