


                     eT 1.8 - an electronic structure program

  ------------------------------------------------------------------------
   Author list in alphabetical order:
  ------------------------------------------------------------------------
   J. H. Andersen, A. Balbi, S. Coriani, S. D. Folkestad, T. Giovannini, 
   L. Goletto, T. S. Haugland, A. Hutcheson, I-M. Høyvik, E. F. Kjønstad, 
   H. Koch, R. Matveeva, T. Moitra, R. H. Myhre, A. C. Paul, S. Roet, 
   E. Ronca, M. Scavino, A. K. Schnack-Petersen, A. S. Skeidsvoll, Å. 
   H. Tveten
  ------------------------------------------------------------------------
   J. Chem. Phys. 152, 184103 (2020); https://doi.org/10.1063/5.0004713


   This is eT 1.8.0 Ibiza (development)
  ------------------------------------------------------------
  Configuration date: 2022-06-27 13:39:14 UTC +02:00
  Git branch:         qed_hf_grad_debug
  Git hash:           5319614efd0ad404db53106547522f391ae25557
  Fortran compiler:   GNU 12.1.0
  C compiler:         GNU 12.1.0
  C++ compiler:       GNU 12.1.0
  LAPACK type:        MKL
  BLAS type:          MKL
  64-bit integers:    ON
  OpenMP:             ON
  PCM:                OFF
  Forced batching:    OFF
  Runtime checks:     OFF
  ------------------------------------------------------------


  :: Input file
  ================

     Note: geometry section is excluded from this print

     system
         name: gradient
         charge: 0
     end system

     do
         ground state
     end do

     memory
         available: 128
     end memory

     method
         qed-hf
     end method

     solver scf
         gradient threshold: 1d-10
         max iterations: 1000
     end solver scf

     qed
         modes:        1
         frequency:    {0.5}
         polarization: {0, 1, 0}
         coupling:     {0.1}
     end qed


  Calculation start:2022-06-27 20:20:05 UTC +02:00

  Running on 44 OMP threads
  Memory available for calculation: 128.000000 GB


  :: QED-RHF wavefunction
  =======================

     ==============================================================================
                                     Geometry (angstrom)
     ==============================================================================
        Atom           X                  Y                  Z         # in input
     ==============================================================================
        Basis: aug-cc-pvtz
        1  O    -4.658540000000    -1.713040000000    -0.210520000000        1
        2  H    -5.009270000000    -2.112800000000    -1.050370000000        2
        3  H    -5.482980000000    -1.276410000000     0.080670000000        3
        4  O    -4.668930000000     2.724950000000     0.876600000000        4
        5  H    -5.166610000000     3.081740000000     1.634050000000        5
        6  H    -4.034860000000     2.132040000000     1.361250000000        6
        7  O    -0.908370000000     1.394450000000    -0.009790000000        7
        8  H    -0.025190000000     1.084380000000    -0.278780000000        8
        9  H    -1.475990000000     0.779680000000    -0.546410000000        9
       10  O    -2.806190000000     1.242440000000     2.030330000000       10
       11  H    -1.973360000000     1.318830000000     1.508690000000       11
       12  H    -2.817970000000     0.260900000000     2.156540000000       12
       13  O    -2.663290000000    -0.083570000000    -1.365450000000       13
       14  H    -3.353840000000     0.516290000000    -1.725890000000       14
       15  H    -3.239270000000    -0.784290000000    -0.986220000000       15
       16  O    -6.054850000000     0.396670000000    -3.392520000000       16
       17  H    -6.308330000000     1.045400000000    -4.072270000000       17
       18  H    -5.527560000000     0.983720000000    -2.792540000000       18
       19  O    -4.577590000000     1.979840000000    -1.791550000000       19
       20  H    -3.849280000000     2.646390000000    -1.874240000000       20
       21  H    -4.829630000000     2.203210000000    -0.859530000000       21
       22  O    -2.537600000000     3.524280000000    -0.903360000000       22
       23  H    -1.801160000000     2.960130000000    -0.576960000000       23
       24  H    -3.081060000000     3.594690000000    -0.091440000000       24
       25  O    -2.901220000000    -1.476600000000     1.886840000000       25
       26  H    -2.627920000000    -2.385420000000     2.096730000000       26
       27  H    -3.507160000000    -1.635570000000     1.124410000000       27
       28  O    -5.967270000000    -2.130600000000    -2.476440000000       28
       29  H    -6.314280000000    -2.632490000000    -3.234150000000       29
       30  H    -6.034250000000    -1.208950000000    -2.837680000000       30
     ==============================================================================

     ==============================================================================
                                     Geometry (a.u.)
     ==============================================================================
        Atom           X                  Y                  Z         # in input
     ==============================================================================
        Basis: aug-cc-pvtz
        1  O    -8.803364740331    -3.237176440425    -0.397825143743        1
        2  H    -9.466148384000    -3.992613355981    -1.984911629459        2
        3  H   -10.361330546468    -2.412065322656     0.152444206469        3
        4  O    -8.822998994766     5.149409203134     1.656533920794        4
        5  H    -9.763477892439     5.823644587117     3.087906973846        5
        6  H    -7.624780350963     4.028971686618     2.572389687064        6
        7  O    -1.716570519771     2.635128594400    -0.018500418759        7
        8  H    -0.047602201078     2.049181214956    -0.526817849006        8
        9  H    -2.789216862597     1.473381664801    -1.032565251724        9
       10  O    -5.302930553493     2.347871326205     3.836767642488       10
       11  H    -3.729109945172     2.492227504860     2.851010906870       11
       12  H    -5.325191527241     0.493029545899     4.075269976670       12
       13  O    -5.032888690293    -0.157924412230    -2.580326536787       13
       14  H    -6.337839065611     0.975646700852    -3.261459421126       14
       15  H    -6.121333143520    -1.482093302235    -1.863685698569       15
       16  O   -11.442008225323     0.749597661831    -6.410933672109       16
       17  H   -11.921016003378     1.975519690620    -7.695475005283       17
       18  H   -10.445574537101     1.858961383257    -5.277135791893       18
       19  O    -8.650391410548     3.741355370459    -3.385538838465       19
       20  H    -7.274084976766     5.000952318788    -3.541800291705       20
       21  H    -9.126677982983     4.163463494903    -1.624276295847       21
       22  O    -4.795369013696     6.659923986282    -1.707102991887       22
       23  H    -3.403699106522     5.593834993109    -1.090296384829       23
       24  H    -5.822359573352     6.792979602713    -0.172796556830       24
       25  O    -5.482511227111    -2.790369595533     3.565610840874       25
       26  H    -4.966049077267    -4.507790492060     3.962245457159       26
       27  H    -6.627571875030    -3.090779357555     2.124826951722       27
       28  O   -11.276506011333    -4.026250480998    -4.679793363918       28
       29  H   -11.932259873819    -4.974685125656    -6.111657745762       29
       30  H   -11.403079867157    -2.284584398293    -5.362438029156       30
     ==============================================================================

  - Cholesky decomposition of AO overlap to get linearly independent AOs:

     Linear dependence threshold:             0.10E-05
     Number of atomic orbitals:               920
     Number of orthonormal atomic orbitals:   920

  - Molecular orbital details:

     Number of occupied orbitals:        50
     Number of virtual orbitals:        870
     Number of molecular orbitals:      920


  Generating initial SAD density
  ==============================


  Determining reference state
  ===========================

  - Setting initial AO density to sad

     Energy of initial guess:              -758.773033712467
     Number of electrons in guess:          100.000000000000

  - Screening and integral thresholds:

     Coulomb screening threshold:    0.1000E-15
     Exchange screening threshold:   0.1000E-13
     ERI cutoff:                     0.1000E-15
     One-electron integral  cutoff:  0.1000E-20
     Cumulative Fock threshold:      0.1000E+01

  - SCF solver settings:

     Maximum iterations:                  1000
     Acceleration type:                   diis

  - Convergence thresholds

     Residual threshold:            0.1000E-09

  - DIIS tool settings:

     DIIS dimension:   8

     Storage (solver scf_errors): memory
     Storage (solver scf_parameters): memory

  Iteration       Energy (a.u.)      Max(grad.)    Delta E (a.u.)
  ---------------------------------------------------------------
     1          -760.063777458080     0.8680E-01     0.7601E+03
     2          -760.378682803930     0.5500E-01     0.3149E+00
     3          -760.441213937955     0.8319E-02     0.6253E-01
     4          -760.445650117770     0.2490E-02     0.4436E-02
     5          -760.446183543343     0.1206E-02     0.5334E-03
     6          -760.446262870398     0.2459E-03     0.7933E-04
     7          -760.446273749080     0.1487E-03     0.1088E-04
     8          -760.446274886587     0.5663E-04     0.1138E-05
     9          -760.446275091961     0.1979E-04     0.2054E-06
    10          -760.446275116145     0.1143E-04     0.2418E-07
    11          -760.446275120018     0.3049E-05     0.3873E-08
    12          -760.446275120526     0.1220E-05     0.5076E-09
    13          -760.446275120590     0.5274E-06     0.6446E-10
    14          -760.446275120603     0.1719E-06     0.1239E-10
    15          -760.446275120603     0.8095E-07     0.4547E-12
    16          -760.446275120604     0.2298E-07     0.1023E-11
    17          -760.446275120604     0.1171E-07     0.1137E-12
    18          -760.446275120604     0.6149E-08     0.2274E-12
    19          -760.446275120604     0.2495E-08     0.3411E-12
    20          -760.446275120604     0.1004E-08     0.3411E-12
    21          -760.446275120603     0.4028E-09     0.1137E-11
    22          -760.446275120604     0.2036E-09     0.9095E-12
    23          -760.446275120604     0.1095E-09     0.2274E-12
    24          -760.446275120604     0.4024E-10     0.0000E+00
  ---------------------------------------------------------------
  Convergence criterion met in 24 iterations!

  - Summary of QED-RHF wavefunction energetics (a.u.):

     HOMO-LUMO gap:                  0.557134227971
     Nuclear repulsion energy:     712.170963059634
     Electronic energy:          -1472.617238180238
     Total energy:                -760.446275120604

  - QED Parameters and properties

     Optimize photons?   :    True
     Complete basis?     :    False

     Mode 1
      Frequency          :    0.500000000000
      Polarization       :    0.000000000000    1.000000000000    0.000000000000
      Coupling
       sqrt(1/eps V)     :    0.100000000000
       Bilinear          :    0.050000000000
       Quadratic         :    0.005000000000
      Coherent state     :    0.101289571211

                                                              Only HF
  =====================================================================================================================================
                 1                         2                         3                         4                         5
   1        0.0586847957499092       -0.0193770966299096       -0.0343441152733712        0.0025735342515825       -0.0110764649312919
   2        0.0024381311220945       -0.0093846104087254        0.0107382944339981        0.0042427540078330        0.0063294242513925
   3        0.0229830658860238       -0.0275002083812719        0.0025168323601626       -0.0584553806694567        0.0333050462210719

                 6                         7                         8                         9                        10
   1        0.0131596241368114       -0.0246983530524030        0.0261665664583843       -0.0080571854355193       -0.0404057583644642
   2       -0.0119201732813084        0.0379310689265092       -0.0165163430502298       -0.0205944215417136        0.0423077752810556
   3        0.0218858093836584        0.0363751178369561       -0.0160917639983625       -0.0207712733939197        0.0109824840886138

                11                        12                        13                        14                        15
   1        0.0318855513819293        0.0070400681369241        0.0557345632046224       -0.0315555110453264       -0.0291615790107291
   2       -0.0051659358760757       -0.0411692129944896        0.0114923202422855        0.0144650011880065       -0.0257850035831799
   3       -0.0191304729142473        0.0006090319137958        0.0070565352587073       -0.0141603941237751        0.0106479058195106

                16                        17                        18                        19                        20
   1       -0.0102382790892956       -0.0038017168657652        0.0167996065611784       -0.0181007240835239        0.0242854329361342
   2       -0.0577831568627997        0.0296530099742369        0.0237622758738021       -0.0433904935720784        0.0274565357922499
   3        0.0068175618212143       -0.0194173177798769        0.0170941620700433       -0.0363910647757353        0.0034669012874656

                21                        22                        23                        24                        25
   1       -0.0022684058295420       -0.0130086802319215        0.0243642589189024       -0.0151560081685258        0.0145991767394076
   2        0.0158494922881609        0.0131217889602615       -0.0201755992514845       -0.0020402955193208        0.0527433468717557
   3        0.0353953087895135       -0.0493669528001894        0.0193672316315910        0.0332199448918197        0.0238569694020499

                26                        27                        28                        29                        30
   1        0.0048062022981505       -0.0217314126757817        0.0219202064526553       -0.0142933895336761       -0.0047471011467300
   2       -0.0342714629768543       -0.0110665495205805       -0.0164339256799106       -0.0076472940760685        0.0308223323107791
   3        0.0004131142768955       -0.0283488362903007        0.0533017234287512       -0.0315708616233453       -0.0181746272989208
  =====================================================================================================================================

                                                            After First
  =====================================================================================================================================
                 1                         2                         3                         4                         5
   1        0.0625119643144881       -0.0236242492450023       -0.0358555386014706        0.0081896165163787       -0.0140453307993193
   2        0.0094385866557465       -0.0174939228773680        0.0098180229577773       -0.0032646775043703        0.0057604255177419
   3        0.0241966079374429       -0.0256585052954381        0.0026052571639342       -0.0631410424814344        0.0343329865119703

                 6                         7                         8                         9                        10
   1        0.0134223491645216       -0.0252693439197234        0.0253651842135585       -0.0055954765179750       -0.0429786246995485
   2       -0.0031134369476227        0.0405068470724016       -0.0171241935465033       -0.0184943470110375        0.0423827023632249
   3        0.0283712058051020        0.0365705231481313       -0.0160243375695269       -0.0206731545221070        0.0101901150785053

                11                        12                        13                        14                        15
   1        0.0309331313995091        0.0083839732940437        0.0558602775798050       -0.0302737994075369       -0.0289721769992741
   2       -0.0046522087722047       -0.0385916595560951        0.0128981104600525        0.0131096265117382       -0.0264789222324396
   3       -0.0188204828133709        0.0020313679058906        0.0082005379244048       -0.0154461712643142        0.0090767419148174

                16                        17                        18                        19                        20
   1       -0.0095065578184543       -0.0032822760259447        0.0150715474721317       -0.0205014183708364        0.0249162669410429
   2       -0.0624544252319591        0.0329793263038341        0.0218633927083979       -0.0543132648788862        0.0338661753503113
   3        0.0092022081203764       -0.0188824306584458        0.0151444702503870       -0.0370002641692291        0.0042525127716955

                21                        22                        23                        24                        25
   1       -0.0043769451831178       -0.0168343845666464        0.0276601441589686       -0.0124577262230982        0.0170473705266316
   2        0.0220220170548127       -0.0088209961283899       -0.0087528584846268        0.0049162774619093        0.0697159312388523
   3        0.0331589090660104       -0.0473069431579534        0.0218158508992447        0.0284129887345139        0.0233574311147367

                26                        27                        28                        29                        30
   1        0.0011693463916702       -0.0203406318585883        0.0253216272788143       -0.0179041660594314       -0.0040363470967811
   2       -0.0435326015120967       -0.0222977994507164       -0.0075095545618638       -0.0140405390641626        0.0316670394331436
   3       -0.0014951839216119       -0.0266463080951489        0.0559565226092294       -0.0294188036316567       -0.0264470170577126
  =====================================================================================================================================

                                                      QEDHF Molecular Gradient
  =====================================================================================================================================
                 1                         2                         3                         4                         5
   1        0.0590792371914123       -0.0195717505291298       -0.0346871895736929        0.0018564439692410       -0.0112052676879700
   2        0.0005002527194242       -0.0101283598444584        0.0133390732668299        0.0046609659263192        0.0082868578182596
   3        0.0235370565432445       -0.0278091206861366        0.0025594377132646       -0.0591549922546532        0.0338955495401952

                 6                         7                         8                         9                        10
   1        0.0136455387047862       -0.0245930561132071        0.0264952414983960       -0.0081133068436969       -0.0405080518777098
   2       -0.0138129280418461        0.0432098312878874       -0.0191757144371015       -0.0230760278043572        0.0479431775380481
   3        0.0219678404124567        0.0367994855322930       -0.0163320014078878       -0.0210978948092865        0.0116480638283947

                11                        12                        13                        14                        15
   1        0.0318866400892946        0.0071162932121817        0.0567745104410864       -0.0321810088324167       -0.0295317868034193
   2       -0.0055402988838188       -0.0461430422332969        0.0105632048257567        0.0177207364753796       -0.0285335786548441
   3       -0.0193079911628221        0.0001980385735499        0.0058601663765204       -0.0134271207825136        0.0109983192513560

                16                        17                        18                        19                        20
   1       -0.0108016581623564       -0.0038342594153664        0.0170818209919926       -0.0187981220087644        0.0246406429957750
   2       -0.0645146565373164        0.0340391190025014        0.0260846904493380       -0.0466653851684222        0.0306213007445200
   3        0.0064633591817868       -0.0197703749826186        0.0173521165956119       -0.0368928066229450        0.0038587467719868

                21                        22                        23                        24                        25
   1       -0.0017387151543819       -0.0130189997452253        0.0243631373369814       -0.0150401207769690        0.0145679671564487
   2        0.0163856506579851        0.0163655122335947       -0.0229839521492961       -0.0023266336662317        0.0593911369994276
   3        0.0354604127876314       -0.0501141473631809        0.0200623326713336        0.0333659872010339        0.0243114135276819

                26                        27                        28                        29                        30
   1        0.0050427683441346       -0.0218234023389668        0.0221157966846965       -0.0145163706042999       -0.0047051662900392
   2       -0.0404329163028485       -0.0117163346676618       -0.0192970601447413       -0.0104296548400356        0.0356741067606069
   3        0.0003902819436187       -0.0285994624961440        0.0544004263506656       -0.0323326818182781       -0.0183748480977162
  =====================================================================================================================================

  Peak memory usage during the execution of eT: 28.745860 GB

  Total wall time in eT (sec):           4148.18481
  Total cpu time in eT (sec):          181482.66310

  Calculation end:2022-06-27 21:29:13 UTC +02:00

  - Implementation references:

     eT: https://doi.org/10.1063/5.0004713
     QED-HF: https://doi.org/10.1103/PhysRevX.10.041043

  eT terminated successfully!
