


                     eT 1.8 - an electronic structure program

  ------------------------------------------------------------------------
   Author list in alphabetical order:
  ------------------------------------------------------------------------
   J. H. Andersen, A. Balbi, S. Coriani, S. D. Folkestad, T. Giovannini, 
   L. Goletto, T. S. Haugland, A. Hutcheson, I-M. Høyvik, E. F. Kjønstad, 
   H. Koch, R. Matveeva, T. Moitra, R. H. Myhre, A. C. Paul, S. Roet, 
   E. Ronca, M. Scavino, A. K. Schnack-Petersen, A. S. Skeidsvoll, Å. 
   H. Tveten
  ------------------------------------------------------------------------
   J. Chem. Phys. 152, 184103 (2020); https://doi.org/10.1063/5.0004713


   This is eT 1.8.0 Ibiza (development)
  ------------------------------------------------------------
  Configuration date: 2022-06-27 13:39:14 UTC +02:00
  Git branch:         qed_hf_grad_debug
  Git hash:           5319614efd0ad404db53106547522f391ae25557
  Fortran compiler:   GNU 12.1.0
  C compiler:         GNU 12.1.0
  C++ compiler:       GNU 12.1.0
  LAPACK type:        MKL
  BLAS type:          MKL
  64-bit integers:    ON
  OpenMP:             ON
  PCM:                OFF
  Forced batching:    OFF
  Runtime checks:     OFF
  ------------------------------------------------------------


  :: Input file
  ================

     Note: geometry section is excluded from this print

     system
         name: gradient
         charge: 0
     end system

     do
         ground state
     end do

     memory
         available: 8
     end memory

     method
         qed-hf
     end method

     solver scf
         gradient threshold: 1d-10
         max iterations: 1000
     end solver scf

     qed
         modes:        1
         frequency:    {0.5}
         polarization: {0, 1, 0}
         coupling:     {0.1}
     end qed


  Calculation start:2022-06-27 17:36:58 UTC +02:00

  Running on 44 OMP threads
  Memory available for calculation: 8.000000 GB


  :: QED-RHF wavefunction
  =======================

     ==============================================================================
                                     Geometry (angstrom)
     ==============================================================================
        Atom           X                  Y                  Z         # in input
     ==============================================================================
        Basis: cc-pvdz
        1  O    -4.658540000000    -1.713040000000    -0.210520000000        1
        2  H    -5.009270000000    -2.112800000000    -1.050370000000        2
        3  H    -5.482980000000    -1.276410000000     0.080670000000        3
        4  O    -4.668930000000     2.724950000000     0.876600000000        4
        5  H    -5.166610000000     3.081740000000     1.634050000000        5
        6  H    -4.034860000000     2.132040000000     1.361250000000        6
        7  O    -0.908370000000     1.394450000000    -0.009790000000        7
        8  H    -0.025190000000     1.084380000000    -0.278780000000        8
        9  H    -1.475990000000     0.779680000000    -0.546410000000        9
       10  O    -2.806190000000     1.242440000000     2.030330000000       10
       11  H    -1.973360000000     1.318830000000     1.508690000000       11
       12  H    -2.817970000000     0.260900000000     2.156540000000       12
       13  O    -2.663290000000    -0.083570000000    -1.365450000000       13
       14  H    -3.353840000000     0.516290000000    -1.725890000000       14
       15  H    -3.239270000000    -0.784290000000    -0.986220000000       15
       16  O    -6.054850000000     0.396670000000    -3.392520000000       16
       17  H    -6.308330000000     1.045400000000    -4.072270000000       17
       18  H    -5.527560000000     0.983720000000    -2.792540000000       18
       19  O    -4.577590000000     1.979840000000    -1.791550000000       19
       20  H    -3.849280000000     2.646390000000    -1.874240000000       20
       21  H    -4.829630000000     2.203210000000    -0.859530000000       21
       22  O    -2.537600000000     3.524280000000    -0.903360000000       22
       23  H    -1.801160000000     2.960130000000    -0.576960000000       23
       24  H    -3.081060000000     3.594690000000    -0.091440000000       24
       25  O    -2.901220000000    -1.476600000000     1.886840000000       25
       26  H    -2.627920000000    -2.385420000000     2.096730000000       26
       27  H    -3.507160000000    -1.635570000000     1.124410000000       27
       28  O    -5.967270000000    -2.130600000000    -2.476440000000       28
       29  H    -6.314280000000    -2.632490000000    -3.234150000000       29
       30  H    -6.034250000000    -1.208950000000    -2.837680000000       30
     ==============================================================================

     ==============================================================================
                                     Geometry (a.u.)
     ==============================================================================
        Atom           X                  Y                  Z         # in input
     ==============================================================================
        Basis: cc-pvdz
        1  O    -8.803364740331    -3.237176440425    -0.397825143743        1
        2  H    -9.466148384000    -3.992613355981    -1.984911629459        2
        3  H   -10.361330546468    -2.412065322656     0.152444206469        3
        4  O    -8.822998994766     5.149409203134     1.656533920794        4
        5  H    -9.763477892439     5.823644587117     3.087906973846        5
        6  H    -7.624780350963     4.028971686618     2.572389687064        6
        7  O    -1.716570519771     2.635128594400    -0.018500418759        7
        8  H    -0.047602201078     2.049181214956    -0.526817849006        8
        9  H    -2.789216862597     1.473381664801    -1.032565251724        9
       10  O    -5.302930553493     2.347871326205     3.836767642488       10
       11  H    -3.729109945172     2.492227504860     2.851010906870       11
       12  H    -5.325191527241     0.493029545899     4.075269976670       12
       13  O    -5.032888690293    -0.157924412230    -2.580326536787       13
       14  H    -6.337839065611     0.975646700852    -3.261459421126       14
       15  H    -6.121333143520    -1.482093302235    -1.863685698569       15
       16  O   -11.442008225323     0.749597661831    -6.410933672109       16
       17  H   -11.921016003378     1.975519690620    -7.695475005283       17
       18  H   -10.445574537101     1.858961383257    -5.277135791893       18
       19  O    -8.650391410548     3.741355370459    -3.385538838465       19
       20  H    -7.274084976766     5.000952318788    -3.541800291705       20
       21  H    -9.126677982983     4.163463494903    -1.624276295847       21
       22  O    -4.795369013696     6.659923986282    -1.707102991887       22
       23  H    -3.403699106522     5.593834993109    -1.090296384829       23
       24  H    -5.822359573352     6.792979602713    -0.172796556830       24
       25  O    -5.482511227111    -2.790369595533     3.565610840874       25
       26  H    -4.966049077267    -4.507790492060     3.962245457159       26
       27  H    -6.627571875030    -3.090779357555     2.124826951722       27
       28  O   -11.276506011333    -4.026250480998    -4.679793363918       28
       29  H   -11.932259873819    -4.974685125656    -6.111657745762       29
       30  H   -11.403079867157    -2.284584398293    -5.362438029156       30
     ==============================================================================

  - Cholesky decomposition of AO overlap to get linearly independent AOs:

     Linear dependence threshold:             0.10E-05
     Number of atomic orbitals:               240
     Number of orthonormal atomic orbitals:   240

  - Molecular orbital details:

     Number of occupied orbitals:        50
     Number of virtual orbitals:        190
     Number of molecular orbitals:      240


  Generating initial SAD density
  ==============================


  Determining reference state
  ===========================

  - Setting initial AO density to sad

     Energy of initial guess:              -758.945390584785
     Number of electrons in guess:          100.000000000000

  - Screening and integral thresholds:

     Coulomb screening threshold:    0.1000E-15
     Exchange screening threshold:   0.1000E-13
     ERI cutoff:                     0.1000E-15
     One-electron integral  cutoff:  0.1000E-20
     Cumulative Fock threshold:      0.1000E+01

  - SCF solver settings:

     Maximum iterations:                  1000
     Acceleration type:                   diis

  - Convergence thresholds

     Residual threshold:            0.1000E-09

  - DIIS tool settings:

     DIIS dimension:   8

     Storage (solver scf_errors): memory
     Storage (solver scf_parameters): memory

  Iteration       Energy (a.u.)      Max(grad.)    Delta E (a.u.)
  ---------------------------------------------------------------
     1          -759.903696858917     0.7137E-01     0.7599E+03
     2          -760.161230166188     0.3747E-01     0.2575E+00
     3          -760.202145540674     0.7266E-02     0.4092E-01
     4          -760.205618201589     0.2462E-02     0.3473E-02
     5          -760.205945615067     0.6813E-03     0.3274E-03
     6          -760.205983231395     0.2144E-03     0.3762E-04
     7          -760.205988257017     0.9814E-04     0.5026E-05
     8          -760.205988699175     0.3903E-04     0.4422E-06
     9          -760.205988776144     0.1488E-04     0.7697E-07
    10          -760.205988782836     0.6659E-05     0.6692E-08
    11          -760.205988783984     0.2804E-05     0.1148E-08
    12          -760.205988784192     0.8653E-06     0.2082E-09
    13          -760.205988784212     0.3526E-06     0.2012E-10
    14          -760.205988784217     0.1150E-06     0.4889E-11
    15          -760.205988784218     0.3908E-07     0.6821E-12
    16          -760.205988784218     0.1511E-07     0.1137E-12
    17          -760.205988784218     0.5527E-08     0.0000E+00
    18          -760.205988784218     0.3113E-08     0.3411E-12
    19          -760.205988784218     0.1462E-08     0.3411E-12
    20          -760.205988784218     0.6392E-09     0.3411E-12
    21          -760.205988784218     0.2405E-09     0.3411E-12
    22          -760.205988784217     0.9926E-10     0.1023E-11
  ---------------------------------------------------------------
  Convergence criterion met in 22 iterations!

  - Summary of QED-RHF wavefunction energetics (a.u.):

     HOMO-LUMO gap:                  0.672667712756
     Nuclear repulsion energy:     712.170963059634
     Electronic energy:          -1472.376951843851
     Total energy:                -760.205988784217

  - QED Parameters and properties

     Optimize photons?   :    True
     Complete basis?     :    False

     Mode 1
      Frequency          :    0.500000000000
      Polarization       :    0.000000000000    1.000000000000    0.000000000000
      Coupling
       sqrt(1/eps V)     :    0.100000000000
       Bilinear          :    0.050000000000
       Quadratic         :    0.005000000000
      Coherent state     :    0.106096606616

                                                              Only HF
  =====================================================================================================================================
                 1                         2                         3                         4                         5
   1        0.0504223342294049       -0.0167807312090853       -0.0283544591534550        0.0014765020667514       -0.0088136683530979
   2        0.0017307264564232       -0.0057921717543735        0.0082069041054377        0.0027853159105173        0.0048456616007679
   3        0.0210862467337000       -0.0229703194650747        0.0020187493882891       -0.0482821267109385        0.0278145754430965

                 6                         7                         8                         9                        10
   1        0.0105446802630137       -0.0204427757593999        0.0210707780804529       -0.0055392206748793       -0.0348982555383190
   2       -0.0087744063030624        0.0322475523693997       -0.0148001681474275       -0.0171714659030524        0.0378062279343986
   3        0.0187077942439237        0.0302582608167086       -0.0136569102587382       -0.0179469383689067        0.0094500586074536

                11                        12                        13                        14                        15
   1        0.0266108879005513        0.0060908470663026        0.0473215944362476       -0.0263743376293981       -0.0249089383881012
   2       -0.0052169954911830       -0.0356265857102092        0.0100301923432351        0.0122073298086367       -0.0223536345949819
   3       -0.0165790136069824       -0.0002788346029219        0.0061652180483820       -0.0115890300113666        0.0084724116542719

                16                        17                        18                        19                        20
   1       -0.0094628579777968       -0.0032776154485913        0.0152756463939131       -0.0161220159840470        0.0198950167363461
   2       -0.0507068275631845        0.0262078948429111        0.0204919567687749       -0.0372899373855479        0.0233092752181016
   3        0.0050266559628917       -0.0163238338378033        0.0155425997556684       -0.0314844205197921        0.0030030988280639

                21                        22                        23                        24                        25
   1       -0.0010993802020224       -0.0105162604791518        0.0198217286721878       -0.0119006596610929        0.0128873029934918
   2        0.0135154732905513        0.0112137950354529       -0.0169453847949552       -0.0023511447381465        0.0456072524126660
   3        0.0293494629033764       -0.0410860848296823        0.0168339316198098        0.0273068720549778        0.0214730301522475

                26                        27                        28                        29                        30
   1        0.0040130287161894       -0.0194855896569570        0.0183761556073039       -0.0123600585328472       -0.0034690735716929
   2       -0.0301639778454549       -0.0087647050832879       -0.0156301698151132       -0.0063027168111989        0.0276661252951782
   3        0.0004987247168070       -0.0254977858784665        0.0447550240656522       -0.0270154341754328       -0.0150546505409476
  =====================================================================================================================================

                                                            After First
  =====================================================================================================================================
                 1                         2                         3                         4                         5
   1        0.0424522109086213       -0.0159467015728139       -0.0229097998366154        0.0168279966301516       -0.0189553422605531
   2       -0.0323268426465617        0.0032460421443507        0.0300288635112263        0.0342817544238690       -0.0067828005845184
   3        0.0370130647976211       -0.0309890818116099       -0.0026112304760208       -0.0482795811343388        0.0316752892836295

                 6                         7                         8                         9                        10
   1        0.0081988445131904       -0.0234237033475990        0.0221923551158280       -0.0048955456446518       -0.0382576632884687
   2       -0.0292397322236452        0.0516563281317546       -0.0231109004505828       -0.0251392946324953        0.0478440707928020
   3        0.0165963891427307        0.0246131645350437       -0.0114070714951061       -0.0155582295094294        0.0101241923874902

                11                        12                        13                        14                        15
   1        0.0277486607468909        0.0063261977449487        0.0471093045441718       -0.0250890934968317       -0.0234413524381796
   2       -0.0077075904991027       -0.0380404015754811        0.0029052501930411        0.0179370234457992       -0.0217836028707259
   3       -0.0168150749322822       -0.0009757835972498        0.0023622837767877       -0.0105706677938237        0.0092746870846759

                16                        17                        18                        19                        20
   1       -0.0091124298658808       -0.0028095847043952        0.0135744884696404       -0.0213142375489484        0.0180823930394970
   2       -0.0644236517331548        0.0328314421221401        0.0232437570245111       -0.0239336606135186        0.0175473341388986
   3        0.0073191262503868       -0.0159709139892308        0.0131150953923955       -0.0326847967792154        0.0022667950301334

                21                        22                        23                        24                        25
   1        0.0026112432406355        0.0078557550463227        0.0213327725209228       -0.0267212342644009        0.0117232532318574
   2        0.0065404142664228        0.0644525932713435       -0.0481157883599086       -0.0213454846735638        0.0383276329793074
   3        0.0281353047828041       -0.0409079524488296        0.0115132159487724        0.0362709473919700        0.0245518230124684

                26                        27                        28                        29                        30
   1        0.0045095984517481       -0.0187328778180251        0.0197951567732493       -0.0168449739137582       -0.0018850860343328
   2       -0.0321602848184329       -0.0046478017450619       -0.0345136640441924       -0.0042648929218717        0.0466752793986249
   3       -0.0014331800011521       -0.0253305974239603        0.0442668595640817       -0.0343601919153034       -0.0112065528851726
  =====================================================================================================================================

                                                      QEDHF Molecular Gradient
  =====================================================================================================================================
                 1                         2                         3                         4                         5
   1        0.0511202623003116       -0.0169302643318362       -0.0285145489054993        0.0017582733331723       -0.0087656563408863
   2        0.0011385818098781       -0.0081255387958141        0.0109757598106986        0.0038062972057642        0.0070862782725831
   3        0.0209391203056019       -0.0228813034076733        0.0018768701876969       -0.0492320072001603        0.0280625171179925

                 6                         7                         8                         9                        10
   1        0.0108846086676392       -0.0211245174261265        0.0210520047243106       -0.0057468161322862       -0.0354739151603383
   2       -0.0115221264488426        0.0378159341176008       -0.0169201927809443       -0.0201100299504685        0.0425137082679290
   3        0.0189723969798715        0.0306923946391615       -0.0139717892710664       -0.0182110751578097        0.0095770684872737

                11                        12                        13                        14                        15
   1        0.0267158876430692        0.0063055719796848        0.0480992600535307       -0.0272765429121856       -0.0253678412543592
   2       -0.0049196170696893       -0.0411315772204123        0.0099651780714092        0.0155086261945539       -0.0260198480968664
   3       -0.0168982605756741       -0.0004330433755157        0.0062798173151496       -0.0115058859104557        0.0086704935213703

                16                        17                        18                        19                        20
   1       -0.0097175815706721       -0.0030713392973046        0.0155420241470102       -0.0158547100842339        0.0202031151227278
   2       -0.0578087024181879        0.0302126636997724        0.0234812940480798       -0.0416830196644658        0.0267441907338797
   3        0.0052297602914474       -0.0161409748505829        0.0156760062027920       -0.0319585235527493        0.0033305540064237

                21                        22                        23                        24                        25
   1       -0.0010142435248079       -0.0110763143272157        0.0203481545529977       -0.0120551467460657        0.0131001992240635
   2        0.0144664360322442        0.0140699360617933       -0.0200807531294781       -0.0015470655306066        0.0518912060643764
   3        0.0297751733561499       -0.0418711161862352        0.0174598931554149        0.0277530960421851        0.0217345469693878

                26                        27                        28                        29                        30
   1        0.0038167434275815       -0.0195849347096546        0.0185782116363148       -0.0123763076922566       -0.0035730314544637
   2       -0.0353933139339262       -0.0099308587162322       -0.0175551000130401       -0.0094585204234218        0.0325115652531070
   3        0.0002961785763315       -0.0257566282934771        0.0452146332452707       -0.0270764429653854       -0.0156061374644695
  =====================================================================================================================================

  Peak memory usage during the execution of eT: 1.956412 GB

  Total wall time in eT (sec):             31.45988
  Total cpu time in eT (sec):            1331.64971

  Calculation end:2022-06-27 17:37:30 UTC +02:00

  - Implementation references:

     eT: https://doi.org/10.1063/5.0004713
     QED-HF: https://doi.org/10.1103/PhysRevX.10.041043

  eT terminated successfully!
