


                     eT 1.8 - an electronic structure program

  ------------------------------------------------------------------------
   Author list in alphabetical order:
  ------------------------------------------------------------------------
   J. H. Andersen, A. Balbi, S. Coriani, S. D. Folkestad, T. Giovannini, 
   L. Goletto, T. S. Haugland, A. Hutcheson, I-M. Høyvik, E. F. Kjønstad, 
   H. Koch, R. Matveeva, T. Moitra, R. H. Myhre, A. C. Paul, S. Roet, 
   E. Ronca, M. Scavino, A. K. Schnack-Petersen, A. S. Skeidsvoll, Å. 
   H. Tveten
  ------------------------------------------------------------------------
   J. Chem. Phys. 152, 184103 (2020); https://doi.org/10.1063/5.0004713


   This is eT 1.8.0 Ibiza (development)
  ------------------------------------------------------------
  Configuration date: 2022-06-27 13:39:14 UTC +02:00
  Git branch:         qed_hf_grad_debug
  Git hash:           5319614efd0ad404db53106547522f391ae25557
  Fortran compiler:   GNU 12.1.0
  C compiler:         GNU 12.1.0
  C++ compiler:       GNU 12.1.0
  LAPACK type:        MKL
  BLAS type:          MKL
  64-bit integers:    ON
  OpenMP:             ON
  PCM:                OFF
  Forced batching:    OFF
  Runtime checks:     OFF
  ------------------------------------------------------------


  :: Input file
  ================

     Note: geometry section is excluded from this print

     system
         name: gradient
         charge: 0
     end system

     do
         ground state
     end do

     memory
         available: 128
     end memory

     method
         qed-hf
     end method

     solver scf
         gradient threshold: 1d-10
         max iterations: 1000
     end solver scf

     qed
         modes:        1
         frequency:    {0.5}
         polarization: {0, 1, 0}
         coupling:     {0.1}
     end qed


  Calculation start:2022-06-27 19:25:16 UTC +02:00

  Running on 44 OMP threads
  Memory available for calculation: 128.000000 GB


  :: QED-RHF wavefunction
  =======================

     ==============================================================================
                                     Geometry (angstrom)
     ==============================================================================
        Atom           X                  Y                  Z         # in input
     ==============================================================================
        Basis: cc-pvdz
        1  O    -4.107080000000    -0.590280000000     1.093020000000        1
        2  H    -3.358280000000    -0.421620000000     1.704660000000        2
        3  H    -4.650830000000    -1.225930000000     1.625290000000        3
        4  O    -1.551470000000     0.800970000000     1.322500000000        4
        5  H    -0.608090000000     1.092250000000     1.283220000000        5
        6  H    -1.540940000000     0.231150000000     0.514650000000        6
        7  O    -3.319570000000     2.841560000000     1.312020000000        7
        8  H    -2.693020000000     2.077630000000     1.408900000000        8
        9  H    -3.099210000000     3.345600000000     2.116700000000        9
       10  O    -5.915200000000    -2.397770000000     1.960310000000       10
       11  H    -6.298830000000    -3.276610000000     2.185250000000       11
       12  H    -6.748200000000    -1.973690000000     1.634250000000       12
       13  O    -3.515970000000    -1.745160000000    -1.308340000000       13
       14  H    -2.654760000000    -1.285980000000    -1.473880000000       14
       15  H    -3.756440000000    -1.262000000000    -0.481570000000       15
       16  O    -1.119300000000    -0.508710000000    -1.110910000000       16
       17  H    -0.356910000000    -1.134930000000    -1.037930000000       17
       18  H    -0.687630000000     0.242910000000    -1.579460000000       18
       19  O    -5.434370000000    -3.625260000000    -0.642970000000       19
       20  H    -5.047220000000    -2.924600000000    -1.214680000000       20
       21  H    -5.336020000000    -3.189500000000     0.230930000000       21
       22  O    -5.207620000000     1.532500000000    -0.200210000000       22
       23  H    -4.829750000000     0.711000000000     0.203210000000       23
       24  H    -4.820100000000     2.181100000000     0.434070000000       24
       25  O     0.934020000000     1.576870000000     0.407540000000       25
       26  H     1.656360000000     1.051170000000    -0.013790000000       26
       27  H     0.537690000000     1.958340000000    -0.412510000000       27
       28  O     2.185770000000    -0.200700000000     2.283190000000       28
       29  H     2.712390000000    -0.245330000000     1.454700000000       29
       30  H     1.704470000000     0.636810000000     2.116490000000       30
       31  O    -7.546630000000     0.387250000000    -1.008310000000       31
       32  H    -6.759140000000     0.902910000000    -0.703060000000       32
       33  H    -7.574290000000     0.660590000000    -1.942130000000       33
       34  O    -0.075840000000    -4.632250000000    -1.534910000000       34
       35  H     0.006160000000    -5.544960000000    -1.860530000000       35
       36  H    -1.062910000000    -4.573910000000    -1.458560000000       36
       37  O    -7.645130000000    -4.336740000000     0.949910000000       37
       38  H    -7.043970000000    -4.458020000000     0.183570000000       38
       39  H    -8.086450000000    -3.497250000000     0.698500000000       39
       40  O    -2.873490000000     2.746170000000    -1.451640000000       40
       41  H    -2.980520000000     3.066670000000    -0.526580000000       41
       42  H    -3.725540000000     2.266600000000    -1.538770000000       42
       43  O     2.732000000000    -0.290750000000    -0.504000000000       43
       44  H     3.450980000000    -0.556880000000    -1.105930000000       44
       45  H     2.114850000000    -1.058680000000    -0.627660000000       45
       46  O    -0.348200000000     2.047180000000    -1.994940000000       46
       47  H    -0.191560000000     2.531410000000    -2.826790000000       47
       48  H    -1.287030000000     2.328190000000    -1.822240000000       48
       49  O    -2.760850000000    -4.427780000000    -1.415180000000       49
       50  H    -2.948990000000    -3.462790000000    -1.488620000000       50
       51  H    -3.655850000000    -4.729040000000    -1.150700000000       51
       52  O    -8.227680000000    -1.575320000000     0.688950000000       52
       53  H    -7.943920000000    -0.932230000000    -0.013310000000       53
       54  H    -9.090680000000    -1.180960000000     0.914170000000       54
       55  O     0.957680000000    -2.606790000000     2.016430000000       55
       56  H     0.870120000000    -3.034370000000     2.885000000000       56
       57  H     1.383340000000    -1.752320000000     2.274070000000       57
       58  O     0.938900000000    -2.295450000000    -0.671660000000       58
       59  H     0.873530000000    -2.565100000000     0.283900000000       59
       60  H     0.675860000000    -3.167970000000    -1.070640000000       60
     ==============================================================================

     ==============================================================================
                                     Geometry (a.u.)
     ==============================================================================
        Atom           X                  Y                  Z         # in input
     ==============================================================================
        Basis: cc-pvdz
        1  O    -7.761256371679    -1.115467536808     2.065508448672        1
        2  H    -6.346229449604    -0.796746328639     3.221340535501        2
        3  H    -8.788794951911    -2.316671947888     3.071352972994        3
        4  O    -2.931853390479     1.513613933993     2.499162799737        4
        5  H    -1.149123559087     2.064053359556     2.424934357564        5
        6  H    -2.911954574387     0.436810193693     0.972547550007        6
        7  O    -6.273078151322     5.369770166519     2.479358469952        7
        8  H    -5.089070247976     3.926151688180     2.662435136900        8
        9  H    -5.856658102513     6.322267722345     3.999983287867        9
       10  O   -11.178107972027    -4.531128609698     3.704449019246       10
       11  H   -11.903063605194    -6.191895517011     4.129524013706       11
       12  H   -12.752249833790    -3.729733554793     3.088284919070       12
       13  O    -6.644220362187    -3.297874443546    -2.472404277813       13
       14  H    -5.016769326450    -2.430150001668    -2.785229540474       14
       15  H    -7.098642803361    -2.384834369201    -0.910035409807       15
       16  O    -2.115170451226    -0.961322576827    -2.099315649041       16
       17  H    -0.674462151119    -2.144706870553    -1.961403436470       17
       18  H    -1.299432375035     0.459033372918    -2.984746824706       18
       19  O   -10.269470959553    -6.850748530341    -1.215037206312       19
       20  H    -9.537863490427    -5.526693023903    -2.295412528987       20
       21  H   -10.083616395202    -6.027281474300     0.436394453946       21
       22  O    -9.840975560808     2.896005285896    -0.378342067399       22
       23  H    -9.126904750118     1.343595274566     0.384011245773       23
       24  H    -9.108668893016     4.121681650289     0.820273418890       24
       25  O     1.765041994866     2.979852434043     0.770138984805       25
       26  H     3.130066763685     1.986423410359    -0.026059323258       26
       27  H     1.016086839917     3.700726258781    -0.779530923644       27
       28  O     4.130506671291    -0.379268033200     4.314603790346       28
       29  H     5.125674243009    -0.463606510140     2.748984593405       29
       30  H     3.220981487537     1.203396493384     3.999586445381       30
       31  O   -14.261063863426     0.731796441738    -1.905429748660       31
       32  H   -12.772923437593     1.706252615131    -1.328590849137       32
       33  H   -14.313333688032     1.248334180626    -3.670093798302       33
       34  O    -0.143316829287    -8.753683840517    -2.900559525856       34
       35  H     0.011640712927   -10.478455771668    -3.515892146537       35
       36  H    -2.008608795061    -8.643437218409    -2.756278936246       36
       37  O   -14.447201886696    -8.195250873446     1.795069742986       37
       38  H   -13.311174129653    -8.424436857834     0.346897024686       38
       39  H   -15.281175819989    -6.608844689135     1.319973698009       39
       40  O    -5.430109121676     5.189509191497    -2.743202031464       40
       41  H    -5.632366508789     5.795166414420    -0.995091982673       41
       42  H    -7.040250266112     4.283253233939    -2.907853868697       42
       43  O     5.162731772312    -0.549437870717    -0.952421966781       43
       44  H     6.521407061352    -1.052350684248    -2.089904812940       44
       45  H     3.996487294536    -2.000615253555    -1.186105499345       45
       46  O    -0.658002636574     3.868609527687    -3.769890234940       46
       47  H    -0.361995936422     4.783671608985    -5.341858911659       47
       48  H    -2.432134214099     4.399641465951    -3.443534533227       48
       49  O    -5.217250371005    -8.367291539827    -2.674302616962       49
       50  H    -5.572783444081    -6.543724726883    -2.813084103550       50
       51  H    -6.908555252491    -8.936590432113    -2.174507851537       51
       52  O   -15.548061840561    -2.976923358550     1.301926813519       52
       53  H   -15.011833155455    -1.761659385103    -0.025152254718       53
       54  H   -17.178895486061    -2.231690964066     1.727530931294       54
       55  O     1.809752914973    -4.926119164255     3.810500449357       55
       56  H     1.644288495507    -5.734128260596     5.451859869370       56
       57  H     2.614133737156    -3.311404882598     4.297369488090       57
       58  O     1.774263858354    -4.337771832633    -1.269253448825       58
       59  H     1.650732461591    -4.847336482122     0.536493246764       59
       60  H     1.277190298549    -5.986595670838    -2.023216378004       60
     ==============================================================================

  - Cholesky decomposition of AO overlap to get linearly independent AOs:

     Linear dependence threshold:             0.10E-05
     Number of atomic orbitals:               480
     Number of orthonormal atomic orbitals:   480

  - Molecular orbital details:

     Number of occupied orbitals:       100
     Number of virtual orbitals:        380
     Number of molecular orbitals:      480


  Generating initial SAD density
  ==============================


  Determining reference state
  ===========================

  - Setting initial AO density to sad

     Energy of initial guess:             -1517.630250422315
     Number of electrons in guess:          200.000000000000

  - Screening and integral thresholds:

     Coulomb screening threshold:    0.1000E-15
     Exchange screening threshold:   0.1000E-13
     ERI cutoff:                     0.1000E-15
     One-electron integral  cutoff:  0.1000E-20
     Cumulative Fock threshold:      0.1000E+01

  - SCF solver settings:

     Maximum iterations:                  1000
     Acceleration type:                   diis

  - Convergence thresholds

     Residual threshold:            0.1000E-09

  - DIIS tool settings:

     DIIS dimension:   8

     Storage (solver scf_errors): memory
     Storage (solver scf_parameters): memory

  Iteration       Energy (a.u.)      Max(grad.)    Delta E (a.u.)
  ---------------------------------------------------------------
     1         -1519.790843813293     0.7278E-01     0.1520E+04
     2         -1520.337707146351     0.3699E-01     0.5469E+00
     3         -1520.413233860975     0.1450E-01     0.7553E-01
     4         -1520.423534279611     0.4049E-02     0.1030E-01
     5         -1520.424666197510     0.1459E-02     0.1132E-02
     6         -1520.424799825075     0.7959E-03     0.1336E-03
     7         -1520.424822429179     0.4055E-03     0.2260E-04
     8         -1520.424826560602     0.2087E-03     0.4131E-05
     9         -1520.424827511082     0.8946E-04     0.9505E-06
    10         -1520.424827660382     0.3740E-04     0.1493E-06
    11         -1520.424827691670     0.1400E-04     0.3129E-07
    12         -1520.424827697220     0.5697E-05     0.5550E-08
    13         -1520.424827698061     0.3529E-05     0.8413E-09
    14         -1520.424827698284     0.1867E-05     0.2224E-09
    15         -1520.424827698325     0.1026E-05     0.4115E-10
    16         -1520.424827698335     0.5197E-06     0.1023E-10
    17         -1520.424827698339     0.2238E-06     0.3411E-11
    18         -1520.424827698340     0.8320E-07     0.1364E-11
    19         -1520.424827698341     0.3469E-07     0.6821E-12
    20         -1520.424827698338     0.1757E-07     0.2501E-11
    21         -1520.424827698339     0.8400E-08     0.6821E-12
    22         -1520.424827698339     0.3927E-08     0.6821E-12
    23         -1520.424827698340     0.1598E-08     0.4547E-12
    24         -1520.424827698339     0.7239E-09     0.4547E-12
    25         -1520.424827698341     0.4828E-09     0.1364E-11
    26         -1520.424827698339     0.2891E-09     0.1364E-11
    27         -1520.424827698339     0.1806E-09     0.4547E-12
    28         -1520.424827698339     0.9886E-10     0.4547E-12
  ---------------------------------------------------------------
  Convergence criterion met in 28 iterations!

  - Summary of QED-RHF wavefunction energetics (a.u.):

     HOMO-LUMO gap:                  0.673487188951
     Nuclear repulsion energy:    2246.326561483751
     Electronic energy:          -3766.751389182090
     Total energy:               -1520.424827698339

  - QED Parameters and properties

     Optimize photons?   :    True
     Complete basis?     :    False

     Mode 1
      Frequency          :    0.500000000000
      Polarization       :    0.000000000000    1.000000000000    0.000000000000
      Coupling
       sqrt(1/eps V)     :    0.100000000000
       Bilinear          :    0.050000000000
       Quadratic         :    0.005000000000
      Coherent state     :   -0.197075425144

                                                              Only HF
  =====================================================================================================================================
                 1                         2                         3                         4                         5
   1       -0.0103013662855961        0.0182298291905246       -0.0117810204175446       -0.0333876543791869        0.0297389355861737
   2        0.0183308215544061       -0.0008043555804624       -0.0169616195508686        0.0124697546710033        0.0067863619737224
   3       -0.0577767596256218        0.0256381136712916        0.0228577805002219        0.0247974854865066       -0.0054802541898623

                 6                         7                         8                         9                        10
   1        0.0050040894834795       -0.0304225747337582        0.0165635623957472        0.0128784116793988        0.0473316793431434
   2       -0.0161406752401836        0.0027742272856706       -0.0153728191585992        0.0077013687002488        0.0176243422893345
   3       -0.0229771454382345       -0.0405902904271229        0.0114886762710321        0.0262719656459514       -0.0033102469596055

                11                        12                        13                        14                        15
   1       -0.0194875513820991       -0.0285981981142948       -0.0236971790006286        0.0272732738576568       -0.0040379537212927
   2       -0.0259778564295794        0.0073390071632437       -0.0430290926453687        0.0177910751718843        0.0244621327234663
   3        0.0078789130497319       -0.0101028642627421       -0.0187157031195311        0.0034776874883047        0.0251923868884859

                16                        17                        18                        19                        20
   1       -0.0497847789303940        0.0265856923327240        0.0225147834058948       -0.0194275978338349        0.0158556872607713
   2       -0.0095257116366119       -0.0091707870705222        0.0198958408708105       -0.0432890715254024        0.0283014027946444
   3        0.0196176277368121       -0.0047936908414146       -0.0132693746359124       -0.0064651259799504       -0.0135013962919024

                21                        22                        23                        24                        25
   1        0.0060820450431246       -0.0309607771885388        0.0153695606984428        0.0198744572037033       -0.0167912991765825
   2        0.0189092099875175        0.0045606192869587       -0.0239843839572010        0.0155206466359147        0.0007584569541774
   3        0.0238883290858485       -0.0371399285087484        0.0172998342395095        0.0226962004732117        0.0489719932250932

                26                        27                        28                        29                        30
   1        0.0228125714467460       -0.0084980450150964       -0.0050609853806082        0.0129399454231181       -0.0130359451677841
   2       -0.0158327372445120        0.0061438739249623       -0.0352176767220689        0.0039417193303060        0.0285365123441084
   3       -0.0198821967074294       -0.0311828597464726        0.0330532644483614       -0.0274174463322034       -0.0117374887707003

                31                        32                        33                        34                        35
   1       -0.0280186842803065        0.0244907300169823        0.0056894097389094        0.0342529814744986       -0.0067910628769502
   2       -0.0327964326637200        0.0145291186565911        0.0141348464324332        0.0356344547522315       -0.0290856793360644
   3        0.0260249114992043        0.0010720491163480       -0.0253565166743935        0.0117835173883185       -0.0098871262310828

                36                        37                        38                        39                        40
   1       -0.0288195280233587       -0.0021785641325072        0.0191402443249011       -0.0127818446780994        0.0396498967526031
   2       -0.0016365558089651       -0.0201707917067645       -0.0007934725658898        0.0289418818006345        0.0008708754902164
   3       -0.0018691483312990        0.0349543963794762       -0.0258515385821158       -0.0106042714739701       -0.0292694706067315

                41                        42                        43                        44                        45
   1       -0.0105164059617579       -0.0288315885090052       -0.0092034099624125        0.0167193590074092       -0.0142692309703265
   2        0.0058192104194901       -0.0104717052809636        0.0406145887798505       -0.0154758656692070       -0.0220407615591421
   3        0.0291203047485563        0.0023763970565617        0.0302099851475753       -0.0195806520365566       -0.0059959447293010

                46                        47                        48                        49                        50
   1        0.0260064402114354       -0.0045130360299312       -0.0219171019901396        0.0440499775219973       -0.0103600813159170
   2       -0.0311007707351319        0.0172522531226027        0.0126404555171488       -0.0241460556374365        0.0302004686251965
   3        0.0312374815582561       -0.0242204404267252       -0.0020905044248333       -0.0029195186381699       -0.0041716451361774

                51                        52                        53                        54                        55
   1       -0.0323071660157299        0.0262942471744372        0.0036018991800484       -0.0244403056554082       -0.0127835942740815
   2       -0.0035283404590378       -0.0417578025283508        0.0240154109845727        0.0162612568161174       -0.0144765253365254
   3        0.0062396840608731        0.0186876184877765       -0.0169547945987267       -0.0005092905176643       -0.0480486161933453

                56                        57                        58                        59                        60
   1        0.0012262194066810        0.0145662415237096        0.0151775098155193       -0.0032805755785015       -0.0132700267730378
   2       -0.0043073996359914        0.0218001471236322        0.0478225997285857       -0.0157567527780796       -0.0295899233280782
   3        0.0298319076540464        0.0146159917842498       -0.0227527812147340        0.0265495705232554       -0.0012411950821222
  =====================================================================================================================================

                                                            After First
  =====================================================================================================================================
                 1                         2                         3                         4                         5
   1       -0.0138240044442494        0.0194829341508748       -0.0102455637464945       -0.0436306799297344        0.0319881423973128
   2        0.0278264830735954       -0.0032982489656869       -0.0200988633106040        0.0442814527570251       -0.0037899587296929
   3       -0.0614600059667510        0.0264513164420833        0.0223853589546307        0.0156216123250233        0.0007233866322610

                 6                         7                         8                         9                        10
   1        0.0055079597290238       -0.0104886406972332        0.0126693098647523        0.0070024157259887        0.0442800258552394
   2       -0.0324261493088202        0.0442111033091587       -0.0490077868952303       -0.0030181666149056        0.0055423476544422
   3       -0.0186418220578303       -0.0507063831805193        0.0088590124018356        0.0423225596860534       -0.0102140704548179

                11                        12                        13                        14                        15
   1       -0.0183012398357044       -0.0251486171579055       -0.0210191080000193        0.0269358111565261       -0.0051138461420284
   2       -0.0238735387050370        0.0186368368202841       -0.0670083268416910        0.0255838993532634        0.0341975017646350
   3        0.0126787534193894       -0.0075576571085223       -0.0177065362561736        0.0024862394662489        0.0244444504159446

                16                        17                        18                        19                        20
   1       -0.0493106944609063        0.0243526171301966        0.0225354220816749       -0.0114304643420742        0.0157635352824626
   2       -0.0047817325652369       -0.0111638475713328        0.0159601966676327       -0.0769873483882400        0.0427868038357417
   3        0.0224803747978480       -0.0060705404881964       -0.0124160531129595       -0.0087368195882302       -0.0147762932969515

                21                        22                        23                        24                        25
   1       -0.0006508488729355       -0.0200506354203631        0.0128972942847071        0.0132951112146584       -0.0039110730910860
   2        0.0378498581009875        0.0233610065431132       -0.0412064950719006        0.0118446560788055        0.0385241147607726
   3        0.0301296049721538       -0.0391309721907049        0.0140684225145562        0.0275370348408614        0.0524487175292581

                26                        27                        28                        29                        30
   1        0.0228645262777671       -0.0174578387850852       -0.0022470756017066        0.0116423298301098       -0.0138709071837392
   2       -0.0419739395451911       -0.0028322867013666       -0.0353679294986675        0.0004893144785564        0.0319236789978713
   3       -0.0175103362066478       -0.0393892095701703        0.0366799098313042       -0.0280582576172837       -0.0128130970715659

                31                        32                        33                        34                        35
   1       -0.0368692285229385        0.0254314063773455        0.0103474996600984        0.0318176595841076       -0.0093347401702126
   2       -0.0192784802623081        0.0082171902911125        0.0061238111017831        0.0050288122228302       -0.0259191292940659
   3        0.0310871748302390       -0.0031717332474640       -0.0285439341804108        0.0252520073000082       -0.0206565967494388

                36                        37                        38                        39                        40
   1       -0.0265304370478823       -0.0245799790749113        0.0336438830427302       -0.0088505995178467        0.0202894817217264
   2        0.0166470441347664       -0.0647588838853974        0.0131503102253065        0.0586644280463085        0.0543362361235103
   3       -0.0087233189568669        0.0287736138379905       -0.0340244554316457        0.0005982351399087       -0.0522960015786406

                41                        42                        43                        44                        45
   1       -0.0051617638727468       -0.0214672178864724       -0.0143958027144939        0.0184870720315688       -0.0113072698436441
   2       -0.0123447276217018       -0.0418261402651858        0.0542108463491374       -0.0212660324723088       -0.0256644076948277
   3        0.0479575084351104        0.0076379750169678        0.0298050032093624       -0.0192175312213165       -0.0052785522659796

                46                        47                        48                        49                        50
   1        0.0385895223974686       -0.0131213211349294       -0.0212465710859686        0.0507769043332590       -0.0058795512987547
   2        0.0071712270956417        0.0003898488592223       -0.0069720720103557       -0.0484141566394909        0.0542312662640770
   3        0.0512890559974349       -0.0370164748015486       -0.0141339628992438       -0.0125908814832574       -0.0006065403860409

                51                        52                        53                        54                        55
   1       -0.0456851575574421        0.0258644729162430        0.0038649745386611       -0.0240739841204716       -0.0049560677108937
   2        0.0016966335573175       -0.0621061211704790        0.0312309611814782        0.0240946578858933       -0.0309407818172545
   3        0.0135693027934893        0.0164203737700685       -0.0149440121997165        0.0011208080128497       -0.0487907245604260

                56                        57                        58                        59                        60
   1       -0.0034045541415416        0.0115799055091771        0.0153273084781230       -0.0056658741359236       -0.0076416212783945
   2       -0.0016846817976854        0.0345621787468910        0.0382101189704826       -0.0135410986991946       -0.0194901727868299
   3        0.0359598092447237        0.0105797574963247       -0.0270747063485672        0.0255997564178086        0.0074581916256066
  =====================================================================================================================================

                                                      QEDHF Molecular Gradient
  =====================================================================================================================================
                 1                         2                         3                         4                         5
   1       -0.0104522540052622        0.0185329249581054       -0.0120961983894260       -0.0343843739694577        0.0301720152032638
   2        0.0208417259301776       -0.0001167220691072       -0.0200138473383988        0.0136777662948065        0.0080531817094990
   3       -0.0592058240071322        0.0260142123432440        0.0233721948855360        0.0252197209462099       -0.0057229372584921

                 6                         7                         8                         9                        10
   1        0.0052090782508712       -0.0308884362804953        0.0172258261188498        0.0129777988177501        0.0477010594875073
   2       -0.0188020468606237        0.0038824697304638       -0.0191966719170367        0.0107936586161457        0.0199691163104957
   3       -0.0236046909126865       -0.0411661050803425        0.0114555988922066        0.0263568907944856       -0.0036489860385996

                11                        12                        13                        14                        15
   1       -0.0196193975019312       -0.0288557486117342       -0.0239159693837789        0.0276910912389413       -0.0039573485574469
   2       -0.0305313301140474        0.0095400398274901       -0.0480725267560658        0.0201580255669358        0.0267794377594676
   3        0.0076965723171923       -0.0102375911114825       -0.0193508548632614        0.0037616720301197        0.0257344095106511

                16                        17                        18                        19                        20
   1       -0.0507126136297226        0.0273333857149412        0.0229846766797491       -0.0194379616196321        0.0158941671750419
   2       -0.0104101637473397       -0.0122303271129554        0.0243407061105564       -0.0497987349040921        0.0323298715848973
   3        0.0201643571681880       -0.0045861063267970       -0.0138290814727956       -0.0066877074952852       -0.0133251145975699

                21                        22                        23                        24                        25
   1        0.0062809288636196       -0.0310566027815014        0.0158411767908263        0.0199601008429479       -0.0174026837880653
   2        0.0213518752332350        0.0056043969699074       -0.0281832576002733        0.0189988726569936        0.0017449942840922
   3        0.0241958714156102       -0.0377143521797567        0.0178679298357367        0.0228692352650117        0.0494704270381527

                26                        27                        28                        29                        30
   1        0.0233462528961339       -0.0084828586023079       -0.0055203587419171        0.0128398704996886       -0.0129776406534637
   2       -0.0184673138069479        0.0085022975465588       -0.0395204493689766        0.0037265735229128        0.0331717727293023
   3       -0.0204570109543977       -0.0313191490087577        0.0334210330435363       -0.0277537318312773       -0.0120534673741568

                31                        32                        33                        34                        35
   1       -0.0287380040682044        0.0248304411165457        0.0060534087108092        0.0347486110047053       -0.0069645170683397
   2       -0.0369507576001034        0.0171014644422240        0.0158412411614431        0.0403855504837255       -0.0343573710454747
   3        0.0270379091260471        0.0009294588438499       -0.0255320294944023        0.0120756247737825       -0.0097944660818909

                36                        37                        38                        39                        40
   1       -0.0290202162719958       -0.0019517014909275        0.0193333584256120       -0.0127215343486283        0.0401718746513988
   2       -0.0014799183276809       -0.0243734982586981       -0.0017033381116013        0.0340320120981516        0.0018812447559753
   3       -0.0019319239419122        0.0356421358911928       -0.0262065489007177       -0.0110120454147895       -0.0293848612960919

                41                        42                        43                        44                        45
   1       -0.0107610181992937       -0.0290404266169774       -0.0095158655034454        0.0165966840387089       -0.0145257126433403
   2        0.0079376338983354       -0.0130743723210785        0.0465032386229133       -0.0172519396669704       -0.0260854484169588
   3        0.0292788893631275        0.0026941171153376        0.0311487387554233       -0.0198458251153085       -0.0062393457234837

                46                        47                        48                        49                        50
   1        0.0263742494488609       -0.0048568043417807       -0.0222492458201863        0.0445380508879734       -0.0110070170293443
   2       -0.0359838564106775        0.0202976354229393        0.0139494956200000       -0.0277446078488780        0.0356710630038090
   3        0.0321150023370347       -0.0243380525057539       -0.0021726202363528       -0.0030364314993974       -0.0037656414143720

                51                        52                        53                        54                        55
   1       -0.0327028397355128        0.0268123340041823        0.0036901826852418       -0.0245211430542688       -0.0130580862771471
   2       -0.0055611047416944       -0.0480617197013983        0.0270449650662948        0.0189559028505966       -0.0166254034557354
   3        0.0063254233935217        0.0195240184604078       -0.0178638717567280       -0.0008028168873064       -0.0486034838671803

                56                        57                        58                        59                        60
   1        0.0013416607355210        0.0150072791612627        0.0149873528995426       -0.0033227937913995       -0.0133939217865964
   2       -0.0070510980509870        0.0265486679528463        0.0537237795606921       -0.0175141637006418       -0.0342353679484868
   3        0.0299639756467283        0.0148047201702831       -0.0229657498889043        0.0266675073360865       -0.0014813752818639
  =====================================================================================================================================

  Peak memory usage during the execution of eT: 15.622328 GB

  Total wall time in eT (sec):            218.01994
  Total cpu time in eT (sec):            9350.30875

  Calculation end:2022-06-27 19:28:54 UTC +02:00

  - Implementation references:

     eT: https://doi.org/10.1063/5.0004713
     QED-HF: https://doi.org/10.1103/PhysRevX.10.041043

  eT terminated successfully!
