


                     eT 1.8 - an electronic structure program

  ------------------------------------------------------------------------
   Author list in alphabetical order:
  ------------------------------------------------------------------------
   J. H. Andersen, A. Balbi, S. Coriani, S. D. Folkestad, T. Giovannini, 
   L. Goletto, T. S. Haugland, A. Hutcheson, I-M. Høyvik, E. F. Kjønstad, 
   H. Koch, R. Matveeva, T. Moitra, R. H. Myhre, A. C. Paul, S. Roet, 
   E. Ronca, M. Scavino, A. K. Schnack-Petersen, A. S. Skeidsvoll, Å. 
   H. Tveten
  ------------------------------------------------------------------------
   J. Chem. Phys. 152, 184103 (2020); https://doi.org/10.1063/5.0004713


   This is eT 1.8.0 Ibiza (development)
  ------------------------------------------------------------
  Configuration date: 2022-06-27 13:39:14 UTC +02:00
  Git branch:         qed_hf_grad_debug
  Git hash:           5319614efd0ad404db53106547522f391ae25557
  Fortran compiler:   GNU 12.1.0
  C compiler:         GNU 12.1.0
  C++ compiler:       GNU 12.1.0
  LAPACK type:        MKL
  BLAS type:          MKL
  64-bit integers:    ON
  OpenMP:             ON
  PCM:                OFF
  Forced batching:    OFF
  Runtime checks:     OFF
  ------------------------------------------------------------


  :: Input file
  ================

     Note: geometry section is excluded from this print

     system
         name: gradient
         charge: 0
     end system

     do
         ground state
     end do

     memory
         available: 8
     end memory

     method
         qed-hf
     end method

     solver scf
         gradient threshold: 1d-10
         max iterations: 1000
     end solver scf

     qed
         modes:        1
         frequency:    {0.5}
         polarization: {0, 1, 0}
         coupling:     {0.1}
     end qed


  Calculation start:2022-06-27 15:50:35 UTC +02:00

  Running on 44 OMP threads
  Memory available for calculation: 8.000000 GB


  :: QED-RHF wavefunction
  =======================

     ==============================================================================
                                     Geometry (angstrom)
     ==============================================================================
        Atom           X                  Y                  Z         # in input
     ==============================================================================
        Basis: aug-cc-pvtz
        1  O     0.000000000000     0.000000000000     0.000000000000        1
        2  H     1.000000000000     0.000000000000     0.000000000000        2
        3  H     0.000000000000     1.000000000000     0.000000000000        3
        4  O     0.000000000000     0.000000000000     3.000000000000        4
        5  H     0.000000000000     0.000000000000     2.000000000000        5
        6  H     0.000000000000    -1.000000000000     3.000000000000        6
     ==============================================================================

     ==============================================================================
                                     Geometry (a.u.)
     ==============================================================================
        Atom           X                  Y                  Z         # in input
     ==============================================================================
        Basis: aug-cc-pvtz
        1  O     0.000000000000     0.000000000000     0.000000000000        1
        2  H     1.889726124565     0.000000000000     0.000000000000        2
        3  H     0.000000000000     1.889726124565     0.000000000000        3
        4  O     0.000000000000     0.000000000000     5.669178373695        4
        5  H     0.000000000000     0.000000000000     3.779452249130        5
        6  H     0.000000000000    -1.889726124565     5.669178373695        6
     ==============================================================================

  - Cholesky decomposition of AO overlap to get linearly independent AOs:

     Linear dependence threshold:             0.10E-05
     Number of atomic orbitals:               184
     Number of orthonormal atomic orbitals:   184

  - Molecular orbital details:

     Number of occupied orbitals:        10
     Number of virtual orbitals:        174
     Number of molecular orbitals:      184


  Generating initial SAD density
  ==============================


  Determining reference state
  ===========================

  - Setting initial AO density to sad

     Energy of initial guess:              -151.579247996838
     Number of electrons in guess:           20.000000000000

  - Screening and integral thresholds:

     Coulomb screening threshold:    0.1000E-15
     Exchange screening threshold:   0.1000E-13
     ERI cutoff:                     0.1000E-15
     One-electron integral  cutoff:  0.1000E-20
     Cumulative Fock threshold:      0.1000E+01

  - SCF solver settings:

     Maximum iterations:                  1000
     Acceleration type:                   diis

  - Convergence thresholds

     Residual threshold:            0.1000E-09

  - DIIS tool settings:

     DIIS dimension:   8

     Storage (solver scf_errors): memory
     Storage (solver scf_parameters): memory

  Iteration       Energy (a.u.)      Max(grad.)    Delta E (a.u.)
  ---------------------------------------------------------------
     1          -151.961623232759     0.1001E+00     0.1520E+03
     2          -152.025347085033     0.5285E-01     0.6372E-01
     3          -152.056944005659     0.4886E-02     0.3160E-01
     4          -152.057410943517     0.1106E-02     0.4669E-03
     5          -152.057469008926     0.3348E-03     0.5807E-04
     6          -152.057474079957     0.9582E-04     0.5071E-05
     7          -152.057474318696     0.4738E-04     0.2387E-06
     8          -152.057474355329     0.2883E-05     0.3663E-07
     9          -152.057474356231     0.1017E-05     0.9020E-09
    10          -152.057474356297     0.3431E-06     0.6557E-10
    11          -152.057474356305     0.1093E-06     0.7901E-11
    12          -152.057474356305     0.2155E-07     0.7390E-12
    13          -152.057474356306     0.7410E-08     0.8527E-13
    14          -152.057474356305     0.1823E-08     0.1137E-12
    15          -152.057474356305     0.6784E-09     0.8527E-13
    16          -152.057474356305     0.2325E-09     0.1705E-12
    17          -152.057474356305     0.1261E-09     0.1705E-12
    18          -152.057474356305     0.1725E-10     0.2842E-13
  ---------------------------------------------------------------
  Convergence criterion met in 18 iterations!

  - Summary of QED-RHF wavefunction energetics (a.u.):

     HOMO-LUMO gap:                  0.544521401380
     Nuclear repulsion energy:      35.883666438388
     Electronic energy:           -187.941140794694
     Total energy:                -152.057474356305

  - QED Parameters and properties

     Optimize photons?   :    True
     Complete basis?     :    False

     Mode 1
      Frequency          :    0.500000000000
      Polarization       :    0.000000000000    1.000000000000    0.000000000000
      Coupling
       sqrt(1/eps V)     :    0.100000000000
       Bilinear          :    0.050000000000
       Quadratic         :    0.005000000000
      Coherent state     :   -0.002092567815

                                                              Only HF
  =====================================================================================================================================
                1                         2                         3                         4                         5
   1       -0.0746157148968505        0.0477841112364019        0.0247375162438133       -0.0023176934678226        0.0036344727505665
   2       -0.0744027273492083        0.0239033784156876        0.0490824276057606        0.0739914762616330       -0.0207378107497008
   3       -0.0021538619090775        0.0025797714917750        0.0019043282541284        0.0681924277492686       -0.0472623475704326

                6
   1        0.0007773081338922
   2       -0.0518367441841762
   3       -0.0232603180149850
  =====================================================================================================================================

                                                            After First
  =====================================================================================================================================
                1                         2                         3                         4                         5
   1       -0.0741429397803678        0.0470705242403905        0.0249550236847566       -0.0020628758995088        0.0035613785110645
   2       -0.0813100956180452        0.0254606384375066        0.0544114513059548        0.0811831645565973       -0.0222420034430377
   3       -0.0028090862512924        0.0028455314304275        0.0023952443786498        0.0677017987623609       -0.0466619738828267

                6
   1        0.0006188892436659
   2       -0.0575031552389799
   3       -0.0234715144366421
  =====================================================================================================================================

                                                      QEDHF Molecular Gradient
  =====================================================================================================================================
                1                         2                         3                         4                         5
   1       -0.0752906338197955        0.0481151692985226        0.0250649723820565       -0.0022918188013446        0.0036575539879196
   2       -0.0808334095566335        0.0243687791576949        0.0550468976696845        0.0805406092154339       -0.0212321771869786
   3       -0.0023927785231684        0.0026739224264588        0.0020265447808673        0.0688531405035722       -0.0476364465564041

                6
   1        0.0007447569526423
   2       -0.0578906992992053
   3       -0.0235243826306489
  =====================================================================================================================================

  Peak memory usage during the execution of eT: 233.295800 MB

  Total wall time in eT (sec):             13.92165
  Total cpu time in eT (sec):             563.71892

  Calculation end:2022-06-27 15:50:49 UTC +02:00

  - Implementation references:

     eT: https://doi.org/10.1063/5.0004713
     QED-HF: https://doi.org/10.1103/PhysRevX.10.041043

  eT terminated successfully!
