


                     eT 1.8 - an electronic structure program

  ------------------------------------------------------------------------
   Author list in alphabetical order:
  ------------------------------------------------------------------------
   J. H. Andersen, A. Balbi, S. Coriani, S. D. Folkestad, T. Giovannini, 
   L. Goletto, T. S. Haugland, A. Hutcheson, I-M. Høyvik, E. F. Kjønstad, 
   H. Koch, R. Matveeva, T. Moitra, R. H. Myhre, A. C. Paul, S. Roet, 
   E. Ronca, M. Scavino, A. K. Schnack-Petersen, A. S. Skeidsvoll, Å. 
   H. Tveten
  ------------------------------------------------------------------------
   J. Chem. Phys. 152, 184103 (2020); https://doi.org/10.1063/5.0004713


   This is eT 1.8.0 Ibiza (development)
  ------------------------------------------------------------
  Configuration date: 2022-06-27 13:39:14 UTC +02:00
  Git branch:         qed_hf_grad_debug
  Git hash:           5319614efd0ad404db53106547522f391ae25557
  Fortran compiler:   GNU 12.1.0
  C compiler:         GNU 12.1.0
  C++ compiler:       GNU 12.1.0
  LAPACK type:        MKL
  BLAS type:          MKL
  64-bit integers:    ON
  OpenMP:             ON
  PCM:                OFF
  Forced batching:    OFF
  Runtime checks:     OFF
  ------------------------------------------------------------


  :: Input file
  ================

     Note: geometry section is excluded from this print

     system
         name: gradient
         charge: 0
     end system

     do
         ground state
     end do

     memory
         available: 8
     end memory

     method
         qed-hf
     end method

     solver scf
         gradient threshold: 1d-10
         max iterations: 1000
     end solver scf

     qed
         modes:        1
         frequency:    {0.5}
         polarization: {0, 1, 0}
         coupling:     {0.1}
     end qed


  Calculation start:2022-06-27 17:14:25 UTC +02:00

  Running on 44 OMP threads
  Memory available for calculation: 8.000000 GB


  :: QED-RHF wavefunction
  =======================

     ==============================================================================
                                     Geometry (angstrom)
     ==============================================================================
        Atom           X                  Y                  Z         # in input
     ==============================================================================
        Basis: aug-cc-pvtz
        1  O    -4.665540000000    -0.414350000000     0.115280000000        1
        2  H    -3.688250000000    -0.497370000000    -0.000000000000        2
        3  H    -4.922670000000    -1.345420000000     0.216290000000        3
        4  O    -3.877940000000     2.214110000000    -0.178140000000        4
        5  H    -4.553770000000     2.910790000000    -0.145570000000        5
        6  H    -4.430390000000     1.405720000000    -0.049380000000        6
        7  O    -2.000250000000     0.193560000000    -0.261350000000        7
        8  H    -1.067280000000     0.427940000000    -0.394910000000        8
        9  H    -2.425080000000     1.084970000000    -0.274820000000        9
     ==============================================================================

     ==============================================================================
                                     Geometry (a.u.)
     ==============================================================================
        Atom           X                  Y                  Z         # in input
     ==============================================================================
        Basis: aug-cc-pvtz
        1  O    -8.816592823203    -0.783008019714     0.217847627640        1
        2  H    -6.969782378927    -0.939893082575    -0.000000000000        2
        3  H    -9.302498101613    -2.542475322512     0.408728863482        3
        4  O    -7.328244527496     4.184061509661    -0.336635811830        4
        5  H    -8.605378134261     5.500595906123    -0.275087431953        5
        6  H    -8.372223725012     2.656425807824    -0.093314676031        6
        7  O    -3.779924680661     0.365775388671    -0.493879922655        7
        8  H    -2.016866898226     0.808689397746    -0.746271743852        8
        9  H    -4.582737030160     2.050296153369    -0.519334533553        9
     ==============================================================================

  - Cholesky decomposition of AO overlap to get linearly independent AOs:

     Linear dependence threshold:             0.10E-05
     Number of atomic orbitals:               276
     Number of orthonormal atomic orbitals:   276

  - Molecular orbital details:

     Number of occupied orbitals:        15
     Number of virtual orbitals:        261
     Number of molecular orbitals:      276


  Generating initial SAD density
  ==============================


  Determining reference state
  ===========================

  - Setting initial AO density to sad

     Energy of initial guess:              -227.555698871732
     Number of electrons in guess:           30.000000000000

  - Screening and integral thresholds:

     Coulomb screening threshold:    0.1000E-15
     Exchange screening threshold:   0.1000E-13
     ERI cutoff:                     0.1000E-15
     One-electron integral  cutoff:  0.1000E-20
     Cumulative Fock threshold:      0.1000E+01

  - SCF solver settings:

     Maximum iterations:                  1000
     Acceleration type:                   diis

  - Convergence thresholds

     Residual threshold:            0.1000E-09

  - DIIS tool settings:

     DIIS dimension:   8

     Storage (solver scf_errors): memory
     Storage (solver scf_parameters): memory

  Iteration       Energy (a.u.)      Max(grad.)    Delta E (a.u.)
  ---------------------------------------------------------------
     1          -227.999889683553     0.7991E-01     0.2280E+03
     2          -228.092940482016     0.4412E-01     0.9305E-01
     3          -228.120840547686     0.5613E-02     0.2790E-01
     4          -228.121638917312     0.1527E-02     0.7984E-03
     5          -228.121709833444     0.6065E-03     0.7092E-04
     6          -228.121719564503     0.1475E-03     0.9731E-05
     7          -228.121720735796     0.4076E-04     0.1171E-05
     8          -228.121720791805     0.1375E-04     0.5601E-07
     9          -228.121720796078     0.4104E-05     0.4273E-08
    10          -228.121720796671     0.9237E-06     0.5934E-09
    11          -228.121720796715     0.2714E-06     0.4380E-10
    12          -228.121720796719     0.1247E-06     0.3979E-11
    13          -228.121720796719     0.2983E-07     0.3126E-12
    14          -228.121720796719     0.1003E-07     0.5684E-13
    15          -228.121720796720     0.4137E-08     0.3979E-12
    16          -228.121720796720     0.1695E-08     0.5684E-13
    17          -228.121720796719     0.8264E-09     0.1421E-12
    18          -228.121720796720     0.3532E-09     0.1137E-12
    19          -228.121720796719     0.9246E-10     0.3695E-12
  ---------------------------------------------------------------
  Convergence criterion met in 19 iterations!

  - Summary of QED-RHF wavefunction energetics (a.u.):

     HOMO-LUMO gap:                  0.569787639126
     Nuclear repulsion energy:      84.733469359862
     Electronic energy:           -312.855190156581
     Total energy:                -228.121720796719

  - QED Parameters and properties

     Optimize photons?   :    True
     Complete basis?     :    False

     Mode 1
      Frequency          :    0.500000000000
      Polarization       :    0.000000000000    1.000000000000    0.000000000000
      Coupling
       sqrt(1/eps V)     :    0.100000000000
       Bilinear          :    0.050000000000
       Quadratic         :    0.005000000000
      Coherent state     :    0.000010228520

                                                              Only HF
  =====================================================================================================================================
                1                         2                         3                         4                         5
   1       -0.0336320416740271        0.0376242352481967       -0.0007049676266306        0.0599753900609668       -0.0298587554860201
   2        0.0486886875484181       -0.0058335097834632       -0.0342733505658744        0.0059788295735560        0.0166871034587358
   3        0.0004308913425000       -0.0042514274959766        0.0027601655463430       -0.0079388610118316        0.0023951060135006

                6                         7                         8                         9
   1       -0.0245665007419732       -0.0233370926392445        0.0292812176341883       -0.0147814847757316
   2       -0.0302135240975053       -0.0530286784181143        0.0160623393727215        0.0359321029133060
   3        0.0054091445837446        0.0070085916129041       -0.0048889716602184       -0.0009246389309860
  =====================================================================================================================================

                                                            After First
  =====================================================================================================================================
                1                         2                         3                         4                         5
   1       -0.0342701994162584        0.0367502473966052        0.0016890149786752        0.0609688863425796       -0.0293276682336792
   2        0.0578530783178534       -0.0080470932286285       -0.0408373176108882       -0.0016312526350653        0.0247105654490254
   3       -0.0000284324692249       -0.0040085506899969        0.0026397181659813       -0.0070043799524959        0.0015502642232257

                6                         7                         8                         9
   1       -0.0270999391557535       -0.0247019133218983        0.0285492268817574       -0.0125576554723031
   2       -0.0308594617498045       -0.0576025906279750        0.0178947197170527        0.0385193523702100
   3        0.0059076871232605        0.0070672422075753       -0.0048091881913567       -0.0013143604169887
  =====================================================================================================================================

                                                      QEDHF Molecular Gradient
  =====================================================================================================================================
                1                         2                         3                         4                         5
   1       -0.0341941146460231        0.0378476290839644       -0.0006966052216725        0.0613673665781666       -0.0307544132948168
   2        0.0550044788369587       -0.0065077020814107       -0.0404539519796442        0.0069509321597106        0.0209401273937903
   3        0.0004064730424670       -0.0042613761823832        0.0028577878383072       -0.0081587989751627        0.0024549454030320

                6                         7                         8                         9
   1       -0.0251099845645900       -0.0230741637032697        0.0295606234786200       -0.0149463377106541
   2       -0.0344597505149010       -0.0599501713260929        0.0178542317432347        0.0406218057701345
   3        0.0055339584937105        0.0070932052685969       -0.0049506195553525       -0.0009755753332354
  =====================================================================================================================================

  Peak memory usage during the execution of eT: 782.684696 MB

  Total wall time in eT (sec):             58.15972
  Total cpu time in eT (sec):            2490.04179

  Calculation end:2022-06-27 17:15:24 UTC +02:00

  - Implementation references:

     eT: https://doi.org/10.1063/5.0004713
     QED-HF: https://doi.org/10.1103/PhysRevX.10.041043

  eT terminated successfully!
