


                     eT 1.8 - an electronic structure program

  ------------------------------------------------------------------------
   Author list in alphabetical order:
  ------------------------------------------------------------------------
   J. H. Andersen, A. Balbi, S. Coriani, S. D. Folkestad, T. Giovannini, 
   L. Goletto, T. S. Haugland, A. Hutcheson, I-M. Høyvik, E. F. Kjønstad, 
   H. Koch, R. Matveeva, T. Moitra, R. H. Myhre, A. C. Paul, S. Roet, 
   E. Ronca, M. Scavino, A. K. Schnack-Petersen, A. S. Skeidsvoll, Å. 
   H. Tveten
  ------------------------------------------------------------------------
   J. Chem. Phys. 152, 184103 (2020); https://doi.org/10.1063/5.0004713


   This is eT 1.8.0 Ibiza (development)
  ------------------------------------------------------------
  Configuration date: 2022-06-27 13:39:14 UTC +02:00
  Git branch:         qed_hf_grad_debug
  Git hash:           5319614efd0ad404db53106547522f391ae25557
  Fortran compiler:   GNU 12.1.0
  C compiler:         GNU 12.1.0
  C++ compiler:       GNU 12.1.0
  LAPACK type:        MKL
  BLAS type:          MKL
  64-bit integers:    ON
  OpenMP:             ON
  PCM:                OFF
  Forced batching:    OFF
  Runtime checks:     OFF
  ------------------------------------------------------------


  :: Input file
  ================

     Note: geometry section is excluded from this print

     system
         name: gradient
         charge: 0
     end system

     do
         ground state
     end do

     memory
         available: 8
     end memory

     method
         qed-hf
     end method

     solver scf
         gradient threshold: 1d-10
         max iterations: 1000
     end solver scf

     qed
         modes:        1
         frequency:    {0.5}
         polarization: {0, 1, 0}
         coupling:     {0.1}
     end qed


  Calculation start:2022-06-27 17:03:29 UTC +02:00

  Running on 44 OMP threads
  Memory available for calculation: 8.000000 GB


  :: QED-RHF wavefunction
  =======================

     ==============================================================================
                                     Geometry (angstrom)
     ==============================================================================
        Atom           X                  Y                  Z         # in input
     ==============================================================================
        Basis: cc-pvdz
        1  O    -4.665540000000    -0.414350000000     0.115280000000        1
        2  H    -3.688250000000    -0.497370000000    -0.000000000000        2
        3  H    -4.922670000000    -1.345420000000     0.216290000000        3
        4  O    -3.877940000000     2.214110000000    -0.178140000000        4
        5  H    -4.553770000000     2.910790000000    -0.145570000000        5
        6  H    -4.430390000000     1.405720000000    -0.049380000000        6
        7  O    -2.000250000000     0.193560000000    -0.261350000000        7
        8  H    -1.067280000000     0.427940000000    -0.394910000000        8
        9  H    -2.425080000000     1.084970000000    -0.274820000000        9
     ==============================================================================

     ==============================================================================
                                     Geometry (a.u.)
     ==============================================================================
        Atom           X                  Y                  Z         # in input
     ==============================================================================
        Basis: cc-pvdz
        1  O    -8.816592823203    -0.783008019714     0.217847627640        1
        2  H    -6.969782378927    -0.939893082575    -0.000000000000        2
        3  H    -9.302498101613    -2.542475322512     0.408728863482        3
        4  O    -7.328244527496     4.184061509661    -0.336635811830        4
        5  H    -8.605378134261     5.500595906123    -0.275087431953        5
        6  H    -8.372223725012     2.656425807824    -0.093314676031        6
        7  O    -3.779924680661     0.365775388671    -0.493879922655        7
        8  H    -2.016866898226     0.808689397746    -0.746271743852        8
        9  H    -4.582737030160     2.050296153369    -0.519334533553        9
     ==============================================================================

  - Cholesky decomposition of AO overlap to get linearly independent AOs:

     Linear dependence threshold:             0.10E-05
     Number of atomic orbitals:               72
     Number of orthonormal atomic orbitals:   72

  - Molecular orbital details:

     Number of occupied orbitals:        15
     Number of virtual orbitals:         57
     Number of molecular orbitals:       72


  Generating initial SAD density
  ==============================


  Determining reference state
  ===========================

  - Setting initial AO density to sad

     Energy of initial guess:              -227.651404040354
     Number of electrons in guess:           30.000000000000

  - Screening and integral thresholds:

     Coulomb screening threshold:    0.1000E-15
     Exchange screening threshold:   0.1000E-13
     ERI cutoff:                     0.1000E-15
     One-electron integral  cutoff:  0.1000E-20
     Cumulative Fock threshold:      0.1000E+01

  - SCF solver settings:

     Maximum iterations:                  1000
     Acceleration type:                   diis

  - Convergence thresholds

     Residual threshold:            0.1000E-09

  - DIIS tool settings:

     DIIS dimension:   8

     Storage (solver scf_errors): memory
     Storage (solver scf_parameters): memory

  Iteration       Energy (a.u.)      Max(grad.)    Delta E (a.u.)
  ---------------------------------------------------------------
     1          -227.944535480733     0.7677E-01     0.2279E+03
     2          -228.023563388039     0.4213E-01     0.7903E-01
     3          -228.040615754177     0.6406E-02     0.1705E-01
     4          -228.041339316413     0.1693E-02     0.7236E-03
     5          -228.041389956088     0.5707E-03     0.5064E-04
     6          -228.041394923998     0.1697E-03     0.4968E-05
     7          -228.041395630097     0.3819E-04     0.7061E-06
     8          -228.041395660152     0.1341E-04     0.3005E-07
     9          -228.041395661417     0.3662E-05     0.1266E-08
    10          -228.041395661571     0.7399E-06     0.1536E-09
    11          -228.041395661592     0.2199E-06     0.2061E-10
    12          -228.041395661593     0.5709E-07     0.1336E-11
    13          -228.041395661593     0.2674E-07     0.5684E-13
    14          -228.041395661593     0.1141E-07     0.0000E+00
    15          -228.041395661593     0.2989E-08     0.8527E-13
    16          -228.041395661593     0.1212E-08     0.2842E-13
    17          -228.041395661593     0.2971E-09     0.1705E-12
    18          -228.041395661593     0.1521E-09     0.2842E-13
    19          -228.041395661593     0.4676E-10     0.1990E-12
  ---------------------------------------------------------------
  Convergence criterion met in 19 iterations!

  - Summary of QED-RHF wavefunction energetics (a.u.):

     HOMO-LUMO gap:                  0.693477116632
     Nuclear repulsion energy:      84.733469359862
     Electronic energy:           -312.774865021455
     Total energy:                -228.041395661593

  - QED Parameters and properties

     Optimize photons?   :    True
     Complete basis?     :    False

     Mode 1
      Frequency          :    0.500000000000
      Polarization       :    0.000000000000    1.000000000000    0.000000000000
      Coupling
       sqrt(1/eps V)     :    0.100000000000
       Bilinear          :    0.050000000000
       Quadratic         :    0.005000000000
      Coherent state     :   -0.000349466889

                                                              Only HF
  =====================================================================================================================================
                1                         2                         3                         4                         5
   1       -0.0299940782149515        0.0326218190059990       -0.0006056369116062        0.0513337600365210       -0.0258625299148156
   2        0.0418676346863752       -0.0040958205797182       -0.0303086698504950        0.0064609989202066        0.0147793982891633
   3        0.0005599251091889       -0.0037508855349980        0.0023872080386324       -0.0068842576558724        0.0020783818992786

                6                         7                         8                         9
   1       -0.0204212731501261       -0.0183432990948323        0.0247163057534239       -0.0134450675095035
   2       -0.0268301783959632       -0.0470881097943512        0.0140306812954711        0.0311840654306269
   3        0.0045858619783770        0.0058578714804842       -0.0041361058615906       -0.0006979994535818
  =====================================================================================================================================

                                                            After First
  =====================================================================================================================================
                1                         2                         3                         4                         5
   1       -0.0340822031973342        0.0339157143255003        0.0016896419920919        0.0494486863015421       -0.0297988586303215
   2        0.0426296479393672       -0.0024273714883465       -0.0346532666508842        0.0196402129842499        0.0169135929709581
   3       -0.0000443978497099       -0.0034592978479780        0.0027791729471525       -0.0054053449345744        0.0016035763139978

                6                         7                         8                         9
   1       -0.0158962348979288       -0.0204689405117885        0.0254456432994069       -0.0102534486810595
   2       -0.0388563299675105       -0.0576917058808764        0.0184324653229930        0.0360127547713649
   3        0.0035770943145744        0.0057558683046121       -0.0040951162996044       -0.0007115549485520
  =====================================================================================================================================

                                                      QEDHF Molecular Gradient
  =====================================================================================================================================
                1                         2                         3                         4                         5
   1       -0.0303377531962408        0.0329057145538580       -0.0002418929821887        0.0517184359038270       -0.0258627131931310
   2        0.0478976324848197       -0.0051398263005179       -0.0355966129046369        0.0071745585060799        0.0190498820745374
   3        0.0005608757458889       -0.0037748924387785        0.0023173651466107       -0.0069428086659569        0.0020927420113813

                6                         7                         8                         9
   1       -0.0207801398608181       -0.0189286142645338        0.0247486543249258       -0.0132216912855899
   2       -0.0315209848255369       -0.0535598275137416        0.0157771262107724        0.0359180522695393
   3        0.0046809834691817        0.0059695179412928       -0.0041758373863336       -0.0007279458233682
  =====================================================================================================================================

  Peak memory usage during the execution of eT: 53.284616 MB

  Total wall time in eT (sec):              1.73824
  Total cpu time in eT (sec):              54.33671

  Calculation end:2022-06-27 17:03:31 UTC +02:00

  - Implementation references:

     eT: https://doi.org/10.1063/5.0004713
     QED-HF: https://doi.org/10.1103/PhysRevX.10.041043

  eT terminated successfully!
