


                     eT 1.8 - an electronic structure program

  ------------------------------------------------------------------------
   Author list in alphabetical order:
  ------------------------------------------------------------------------
   J. H. Andersen, A. Balbi, S. Coriani, S. D. Folkestad, T. Giovannini, 
   L. Goletto, T. S. Haugland, A. Hutcheson, I-M. Høyvik, E. F. Kjønstad, 
   H. Koch, R. Matveeva, T. Moitra, R. H. Myhre, A. C. Paul, S. Roet, 
   E. Ronca, M. Scavino, A. K. Schnack-Petersen, A. S. Skeidsvoll, Å. 
   H. Tveten
  ------------------------------------------------------------------------
   J. Chem. Phys. 152, 184103 (2020); https://doi.org/10.1063/5.0004713


   This is eT 1.8.0 Ibiza (development)
  ------------------------------------------------------------
  Configuration date: 2022-06-29 00:33:16 UTC +02:00
  Git branch:         qed_hf_grad_print
  Git hash:           1d17b0bd3b496969b9984e2aa0841af9aa0aedc6
  Fortran compiler:   GNU 12.1.0
  C compiler:         GNU 12.1.0
  C++ compiler:       GNU 12.1.0
  LAPACK type:        MKL
  BLAS type:          MKL
  64-bit integers:    ON
  OpenMP:             ON
  PCM:                OFF
  Forced batching:    OFF
  Runtime checks:     OFF
  ------------------------------------------------------------


  :: Input file
  ================

     Note: geometry section is excluded from this print

     system
         name: gradient
         charge: 0
     end system

     do
         ground state
     end do

     memory
         available: 256
     end memory

     method
         qed-hf
     end method

     solver scf
         gradient threshold: 1d-10
         max iterations: 1000
     end solver scf

     qed
         modes:        1
         frequency:    {0.5}
         polarization: {0, 1, 0}
         coupling:     {0.1}
     end qed


  Calculation start:2022-06-29 01:16:05 UTC +02:00

  Running on 30 OMP threads
  Memory available for calculation: 256.000000 GB


  :: QED-RHF wavefunction
  =======================

     ==============================================================================
                                     Geometry (angstrom)
     ==============================================================================
        Atom           X                  Y                  Z         # in input
     ==============================================================================
        Basis: cc-pvdz
        1  O    -1.097070000000    -1.255040000000     2.367260000000        1
        2  H    -1.667250000000    -1.587680000000     3.086540000000        2
        3  H    -1.372700000000    -1.860350000000     1.631860000000        3
        4  O     1.578780000000    -1.241100000000     1.609750000000        4
        5  H     1.969000000000    -0.380430000000     1.893850000000        5
        6  H     0.687420000000    -1.169080000000     2.034440000000        6
        7  O    -0.417700000000     2.878730000000     1.610660000000        7
        8  H     0.369150000000     2.510480000000     1.145860000000        8
        9  H    -0.368950000000     3.807780000000     1.290960000000        9
       10  O    -5.251840000000     1.978310000000    -0.972110000000       10
       11  H    -4.393660000000     1.893110000000    -1.453480000000       11
       12  H    -5.082240000000     2.839300000000    -0.515060000000       12
       13  O    -5.921000000000    -1.999980000000     0.940730000000       13
       14  H    -5.624280000000    -1.114480000000     1.269670000000       14
       15  H    -6.536640000000    -1.697000000000     0.229520000000       15
       16  O    -1.557080000000    -2.750440000000     0.164280000000       16
       17  H    -1.029070000000    -2.207340000000    -0.469740000000       17
       18  H    -1.173610000000    -3.634190000000    -0.062180000000       18
       19  O    -2.572760000000     1.824630000000    -1.390980000000       19
       20  H    -1.728560000000     1.416670000000    -1.704930000000       20
       21  H    -2.511820000000     1.547120000000    -0.443710000000       21
       22  O     3.442790000000     0.838130000000     1.957970000000       22
       23  H     4.021180000000     1.575090000000     2.272350000000       23
       24  H     4.127800000000     0.132760000000     1.878290000000       24
       25  O     3.621030000000    -2.958280000000     1.068240000000       25
       26  H     4.313890000000    -2.249590000000     1.094650000000       26
       27  H     2.856550000000    -2.417000000000     1.395790000000       27
       28  O    -7.851740000000     1.195610000000    -0.818300000000       28
       29  H    -6.922920000000     1.472900000000    -1.019110000000       29
       30  H    -7.791340000000     0.257450000000    -1.128620000000       30
       31  O    -8.160060000000    -3.256170000000     2.106000000000       31
       32  H    -7.264590000000    -2.890850000000     1.933370000000       32
       33  H    -7.989760000000    -4.211470000000     1.924570000000       33
       34  O     0.679890000000    -1.603020000000    -1.032350000000       34
       35  H     1.093810000000    -1.469200000000    -0.146220000000       35
       36  H     1.229480000000    -2.354760000000    -1.355910000000       36
       37  O    -0.024960000000     0.942400000000    -1.725360000000       37
       38  H     0.548310000000     1.159160000000    -0.948160000000       38
       39  H     0.150120000000    -0.030510000000    -1.753220000000       39
       40  O    -2.299980000000     1.046230000000     1.277010000000       40
       41  H    -1.726080000000     1.807200000000     1.558060000000       41
       42  H    -1.778360000000     0.317550000000     1.687490000000       42
       43  O    -4.983690000000     0.503880000000     1.328270000000       43
       44  H    -4.021960000000     0.715120000000     1.416620000000       44
       45  H    -5.147480000000     0.917680000000     0.446960000000       45
       46  O     0.259350000000     3.687090000000    -2.284650000000       46
       47  H     1.242150000000     3.728160000000    -2.235830000000       47
       48  H     0.142130000000     2.707590000000    -2.306170000000       48
       49  O     1.685240000000     1.861470000000     0.160490000000       49
       50  H     2.223220000000     2.498010000000    -0.369790000000       50
       51  H     2.381670000000     1.505880000000     0.764400000000       51
       52  O     7.251830000000     1.174290000000     0.965660000000       52
       53  H     7.887880000000     0.451130000000     1.184820000000       53
       54  H     7.774000000000     1.636950000000     0.257300000000       54
       55  O     5.505710000000    -0.935340000000     1.339500000000       55
       56  H     6.358890000000    -1.294090000000     1.685580000000       56
       57  H     5.902460000000    -0.177690000000     0.844830000000       57
       58  O     8.281440000000    -1.300210000000     1.644330000000       58
       59  H     8.461270000000    -1.915510000000     0.883250000000       59
       60  H     8.965770000000    -1.622110000000     2.260210000000       60
       61  O     2.251620000000    -3.916790000000    -1.164980000000       61
       62  H     2.896750000000    -4.525390000000    -1.601780000000       62
       63  H     2.822690000000    -3.610860000000    -0.419610000000       63
       64  O    -7.783070000000    -1.526210000000    -1.102330000000       64
       65  H    -8.659230000000    -1.712300000000    -0.681440000000       65
       66  H    -7.640730000000    -2.421510000000    -1.500100000000       66
       67  O    -2.400980000000     4.415880000000    -2.353290000000       67
       68  H    -1.469690000000     4.282750000000    -2.643570000000       68
       69  H    -2.623060000000     3.484360000000    -2.119230000000       69
       70  O     4.953540000000     4.722690000000     0.520450000000       70
       71  H     5.009210000000     4.043290000000     1.233870000000       71
       72  H     4.116630000000     5.177620000000     0.777860000000       72
       73  O     2.920750000000     3.844820000000    -1.301250000000       73
       74  H     3.899930000000     3.895120000000    -1.269530000000       74
       75  H     2.717530000000     4.664510000000    -0.790890000000       75
       76  O     8.571220000000     2.590050000000    -0.888020000000       76
       77  H     9.181870000000     2.712090000000    -1.635380000000       77
       78  H     8.099020000000     3.461950000000    -0.911460000000       78
       79  O     2.404960000000     5.853110000000     0.605660000000       79
       80  H     2.285770000000     6.805190000000     0.785640000000       80
       81  H     1.448030000000     5.584160000000     0.588350000000       81
       82  O    -4.562170000000     4.084230000000     0.674540000000       82
       83  H    -3.627370000000     4.384580000000     0.658230000000       83
       84  H    -4.991830000000     4.962130000000     0.530090000000       84
       85  O    -6.536120000000     2.715700000000     2.118550000000       85
       86  H    -5.743200000000     3.194590000000     1.785170000000       86
       87  H    -6.173940000000     1.803110000000     2.155730000000       87
       88  O    -8.473530000000     3.583890000000     0.441510000000       88
       89  H    -8.360070000000     2.786950000000    -0.128100000000       89
       90  H    -7.896400000000     3.307140000000     1.197560000000       90
       91  O    -9.885690000000     0.487360000000     1.001570000000       91
       92  H    -9.203460000000     0.763980000000     0.347940000000       92
       93  H   -10.016610000000     1.324230000000     1.481990000000       93
       94  O    -4.120370000000    -3.799070000000     0.007390000000       94
       95  H    -3.337840000000    -3.227070000000     0.185230000000       95
       96  H    -4.825260000000    -3.205270000000     0.373420000000       96
       97  O    -0.245160000000    -4.982150000000    -0.732820000000       97
       98  H     0.619070000000    -4.597570000000    -1.021930000000       98
       99  H     0.054880000000    -5.842180000000    -0.384910000000       99
      100  O     4.602140000000    -5.476600000000     1.134010000000      100
      101  H     4.546130000000    -5.762090000000     2.065320000000      101
      102  H     4.214150000000    -4.565850000000     1.208880000000      102
      103  O     6.611140000000    -4.668940000000    -0.685120000000      103
      104  H     6.105750000000    -5.000750000000     0.090520000000      104
      105  H     5.945910000000    -4.839210000000    -1.385540000000      105
      106  O     5.484450000000     2.657770000000     2.333480000000      106
      107  H     6.035310000000     2.855160000000     3.114510000000      107
      108  H     6.146110000000     2.153420000000     1.789330000000      108
      109  O     7.218930000000     4.922380000000    -0.946290000000      109
      110  H     7.197820000000     5.873650000000    -1.149570000000      110
      111  H     6.396100000000     4.843360000000    -0.401400000000      111
      112  O    -0.152500000000     5.202710000000     0.113580000000      112
      113  H    -0.195460000000     4.770420000000    -0.774620000000      113
      114  H    -1.033710000000     5.661140000000     0.093450000000      114
      115  O    -2.697200000000     6.063670000000    -0.290360000000      115
      116  H    -2.750480000000     5.624440000000    -1.178790000000      116
      117  H    -3.581480000000     6.500330000000    -0.273430000000      117
      118  O    -5.407220000000     6.661660000000     0.077390000000      118
      119  H    -5.718060000000     7.385240000000     0.653730000000      119
      120  H    -6.279320000000     6.434270000000    -0.345330000000      120
      121  O    -7.908380000000     6.011070000000    -0.559770000000      121
      122  H    -8.127170000000     5.151420000000    -0.112540000000      122
      123  H    -8.696250000000     6.090600000000    -1.126370000000      123
      124  O    -9.990640000000    -2.175140000000     0.428750000000      124
      125  H   -10.180650000000    -1.259860000000     0.758100000000      125
      126  H    -9.492230000000    -2.522720000000     1.213210000000      126
      127  O   -10.470990000000    -4.470810000000    -1.017200000000      127
      128  H    -9.636110000000    -4.281930000000    -1.499430000000      128
      129  H   -10.548590000000    -3.628630000000    -0.505800000000      129
      130  O    -9.946610000000    -6.834360000000     0.181860000000      130
      131  H   -10.767710000000    -7.349690000000     0.114620000000      131
      132  H   -10.231590000000    -5.998230000000    -0.267980000000      132
      133  O    -7.683180000000    -4.212240000000    -1.382660000000      133
      134  H    -7.770290000000    -4.482060000000    -0.437330000000      134
      135  H    -6.995280000000    -4.869220000000    -1.638950000000      135
      136  O    -7.629160000000    -5.700060000000     1.013350000000      136
      137  H    -6.950780000000    -6.205610000000     0.509390000000      137
      138  H    -8.423380000000    -6.271840000000     0.856050000000      138
      139  O    -5.575760000000    -6.013760000000    -0.849810000000      139
      140  H    -4.802310000000    -6.362340000000    -1.348160000000      140
      141  H    -5.118100000000    -5.269220000000    -0.389690000000      141
      142  O    -2.868400000000    -5.674860000000    -1.636780000000      142
      143  H    -1.912780000000    -5.488470000000    -1.532630000000      143
      144  H    -3.244430000000    -4.886450000000    -1.186550000000      144
      145  O     4.136290000000    -5.878970000000    -1.527920000000      145
      146  H     4.225590000000    -6.015000000000    -0.554220000000      146
      147  H     4.184780000000    -6.794170000000    -1.859260000000      147
      148  O     8.758160000000    -3.137790000000    -0.211920000000      148
      149  H     7.952680000000    -3.691060000000    -0.386210000000      149
      150  H     9.343020000000    -3.484830000000    -0.908850000000      150
     ==============================================================================

     ==============================================================================
                                     Geometry (a.u.)
     ==============================================================================
        Atom           X                  Y                  Z         # in input
     ==============================================================================
        Basis: cc-pvdz
        1  O    -2.073161839477    -2.371681875374     4.473473065638        1
        2  H    -3.150645881181    -3.000280373449     5.832715272515        2
        3  H    -2.594027051190    -3.515551995835     3.083768473633        3
        4  O     2.983461810941    -2.345339093198     3.041986629019        4
        5  H     3.720870739269    -0.718908509568     3.578857821008        5
        6  H     1.299035532549    -2.209241017707     3.844534416860        6
        7  O    -0.789338602231     5.440011286569     3.043706279792        7
        8  H     0.697592398883     4.744119641198     2.165361577094        8
        9  H    -0.697214453658     7.195661342596     2.439560837769        9
       10  O    -9.924539250036     3.738464089488    -1.837021662951       10
       11  H    -8.302814084457     3.577459423675    -2.746679127533       11
       12  H    -9.604041699310     5.365499385478    -0.973322337718       12
       13  O   -11.189068383550    -3.779414454608     1.777722057162       13
       14  H   -10.628348847869    -2.106061971305     2.399328568577       14
       15  H   -12.352459374877    -3.206865233387     0.433729940110       15
       16  O    -2.942454754038    -5.197578322049     0.310444207744       16
       17  H    -1.944660463006    -4.171268063797    -0.887679949753       17
       18  H    -2.217801477051    -6.867623784633    -0.117503170425       18
       19  O    -4.861811784236     3.448050978665    -2.628571244748       19
       20  H    -3.266504989878     2.677118308888    -3.221850761555       20
       21  H    -4.746651874205     2.923633081837    -0.838490378731       21
       22  O     6.505930204391     1.583836156782     3.700027060115       22
       23  H     7.598928897579     2.976488721541     4.294119159155       23
       24  H     7.800411496980     0.250880040297     3.549453682509       24
       25  O     6.842754988834    -5.590338999778     2.018681035305       25
       26  H     8.152070631500    -4.251108992560     2.068588702255       26
       27  H     5.398097161126    -4.567468043074     2.637660827407       27
       28  O   -14.837638201292     2.259375451791    -1.546362887732       28
       29  H   -13.082422782274     2.783377608872    -1.925838790806       29
       30  H   -14.723498743369     0.486509990769    -2.132782698707       30
       31  O   -15.420278560018    -6.153269515025     3.979763218334       31
       32  H   -13.728085507254    -5.462914767199     3.653539797450       32
       33  H   -15.098458201005    -7.958524881822     3.636910207554       33
       34  O     1.284805894831    -3.029268772200    -1.950858764695       34
       35  H     2.067001332311    -2.776385622211    -0.276315753934       35
       36  H     2.323380475630    -4.449851489081    -2.562298549559       36
       37  O    -0.047167564069     1.780877899790    -3.260457866280       37
       38  H     1.036155731360     2.190494934551    -1.791762722268       38
       39  H     0.283685685820    -0.057655544060    -3.313105636110       39
       40  O    -4.346332291977     1.977088163304     2.413199158331       40
       41  H    -3.261818469089     3.415113052314     2.944306685640       41
       42  H    -3.360613350882     0.600082530856     3.188893937942       42
       43  O    -9.417809189734     0.952195199646     2.510066519476       43
       44  H    -7.600402883956     1.351380946199     2.677023822581       44
       45  H    -9.727327431676     1.734163869991     0.844631988636       45
       46  O     0.490100470406     6.967590296623    -4.317362790488       46
       47  H     2.347323305628     7.045201348558    -4.225106361086       47
       48  H     0.268586774084     5.116603557611    -4.358029696688       48
       49  O     3.184642054162     3.517668489094     0.303282145731       49
       50  H     4.201276914656     4.720554756425    -0.698801823603       50
       51  H     4.500704019093     2.845700776460     1.444506649618       51
       52  O    13.703972601905     2.219086490816     1.824832929447       52
       53  H    14.905932903434     0.852512146575     2.238985306907       53
       54  H    14.690730892369     3.093387179607     0.486226531851       54
       55  O    10.404284021279    -1.767536433351     2.531288143855       55
       56  H    12.016560556236    -2.445475680538     3.185284561044       56
       57  H    11.154032861200    -0.335785435074     1.596497321816       57
       58  O    15.649653517018    -2.457040804421     3.107333358406       58
       59  H    15.989482965999    -3.619789288866     1.669100599522       59
       60  H    16.942849795842    -3.065343643918     4.271177884003       60
       61  O     4.254945136593    -7.401660387435    -2.201493140596       61
       62  H     5.474064151334    -8.551747706845    -3.026925511806       62
       63  H     5.334111034549    -6.823536474147    -0.792947979129       63
       64  O   -14.707870708319    -2.884118908572    -2.083101798892       64
       65  H   -16.363573149618    -3.235778043093    -1.287734970324       65
       66  H   -14.438887091748    -4.575990707896    -2.834778159460       66
       67  O    -4.537194630558     8.344803798944    -4.447073591678       67
       68  H    -2.777311588012     8.093224559981    -4.995623291116       68
       69  H    -4.956865008302     6.584486119390    -4.004764294962       69
       70  O     9.360833947078     8.924590671222     0.983507961530       70
       71  H     9.466035000433     7.640710742193     2.331676373317       71
       72  H     7.779303256168     9.784283777071     1.469942363254       72
       73  O     5.519417578323     7.265656798250    -2.459006119590       73
       74  H     7.369799604975     7.360710022316    -2.399064006919       74
       75  H     5.135387435289     8.814646405295    -1.494565494657       75
       76  O    16.197258353395     4.894485148930    -1.678114593136       76
       77  H    17.351219611360     5.125107325172    -3.090420309591       77
       78  H    15.304929677375     6.542137356938    -1.722409773496       78
       79  O     4.544715740534    11.060774876953     1.144531524604       79
       80  H     4.319479283747    12.859945325629     1.484644432503       80
       81  H     2.736380120154    10.552533035751     1.111820365388       81
       82  O    -8.621251833707     7.718076129732     1.274695860064       82
       83  H    -6.854735852464     8.285655371245     1.243874426972       83
       84  H    -9.433191560388     9.377066694488     1.001724921371       84
       85  O   -12.351476717292     5.131929236481     4.003479281197       85
       86  H   -10.853075078602     6.036900180274     3.373482385790       86
       87  H   -11.667055709497     3.407384072465     4.073739298509       87
       88  O   -16.012651008286     6.772570560567     0.834332981257       88
       89  H   -15.798242682193     5.266572222857    -0.242073916557       89
       90  H   -14.922033370016     6.249588855594     2.263060417734       90
       91  O   -18.681246652352     0.920976924068     1.892692994581       91
       92  H   -17.392018798390     1.443712964645     0.657511307781       92
       93  H   -18.928649596580     2.502432025933     2.800555219344       93
       94  O    -7.786370831874    -7.179201828051     0.013965076061       94
       95  H    -6.307603447618    -6.098278484800     0.350033970053       95
       96  H    -9.118419879819    -6.057082455285     0.705661529435       96
       97  O    -0.463285256698    -9.414899011502    -1.384829098604       97
       98  H     1.169872751934    -8.688148138517    -1.931167818477       98
       99  H     0.103708169716   -11.040120170412    -0.727374482606       99
      100  O     8.696784186906   -10.349274093793     2.142968322518      100
      101  H     8.590940626669   -10.888772005095     3.902889159587      101
      102  H     7.963589347836    -8.628206025845     2.284452117464      102
      103  O    12.493243971157    -8.823017892027    -1.294689162462      103
      104  H    11.538195285063    -9.450047917419     0.171058008796      104
      105  H    11.236141461313    -9.144781559256    -2.618291134630      105
      106  O    10.364108443871     5.022457402085     4.409638117150      106
      107  H    11.405082976849     5.395470441813     5.885570912219      107
      108  H    11.614464631451     4.069374031161     3.381343646468      108
      109  O    13.641800612406     9.301950081037    -1.788228934415      109
      110  H    13.601908493917    11.099589851552    -2.172372461016      110
      111  H    12.086877265331     9.152623922673    -0.758536066400      111
      112  O    -0.288183233996     9.831697005536     0.214635093228      112
      113  H    -0.369365868307     9.014787299148    -1.463819650611      113
      114  H    -1.953428792224    10.698004152820     0.176594906341      114
      115  O    -5.096969303177    11.458675609741    -0.548700877529      115
      116  H    -5.197653911094    10.628651204049    -2.227590258376      116
      117  H    -6.768016320607    12.283843419294    -0.516707814240      117
      118  O   -10.218164895271    12.588712934970     0.146245904780      118
      119  H   -10.805567363830    13.956080964183     1.235370659412      119
      120  H   -11.866195048504    12.159008111505    -0.652579122596      120
      121  O   -14.944672288988    11.359276015589    -1.057811992748      121
      122  H   -15.358125467781     9.734772952607    -0.212669778059      122
      123  H   -16.433530810749    11.509565934276    -2.128530814926      123
      124  O   -18.879573409125    -4.110418882586     0.810220075907      124
      125  H   -19.238640270053    -2.380790355295     1.432601375033      125
      126  H   -17.937715011380    -4.767249888963     2.292634631584      126
      127  O   -19.787303353060    -8.448606454967    -1.922229413908      127
      128  H   -18.209608806183    -8.091674984559    -2.833512042957      128
      129  H   -19.933946100326    -6.857116907381    -0.955823473805      129
      130  O   -18.796368767860   -12.915068636682     0.343665593013      130
      131  H   -20.348022888740   -13.888901200455     0.216600408398      131
      132  H   -19.334902918839   -11.335011932150    -0.506408806861      132
      133  O   -14.519105965736    -7.959979970938    -2.612848723391      133
      134  H   -14.683720008447    -8.469865873868    -0.826433926056      134
      135  H   -13.219163364647    -9.201492240255    -3.097166631856      135
      136  O   -14.417022960487   -10.771552293588     1.914953968328      136
      137  H   -13.135070552104   -11.726903335862     0.962607590592      137
      138  H   -15.917881243139   -11.852059897092     1.617700048934      138
      139  O   -10.536659336305   -11.364359378864    -1.605908157917      139
      140  H    -9.075050665260   -12.023080111365    -2.547653172094      140
      141  H    -9.671807278136    -9.957382690081    -0.736407373482      141
      142  O    -5.420490415702   -10.723931195249    -3.093065926166      142
      143  H    -3.614630336546   -10.371705142892    -2.896250950292      143
      144  H    -6.131084130323    -9.234052221381    -2.242254533103      144
      145  O     7.816455271777   -11.109643194534    -2.887350340245      145
      146  H     7.985207814701   -11.366702639259    -1.047324012756      146
      147  H     7.908088091557   -12.839120543736    -3.513492194359      147
      148  O    16.550523755121    -5.929563736399    -0.400470760318      148
      149  H    15.028387156306    -6.975092509337    -0.729831126568      149
      150  H    17.655748976334    -6.585374290668    -1.717477588311      150
     ==============================================================================

  - Cholesky decomposition of AO overlap to get linearly independent AOs:

     Linear dependence threshold:             0.10E-05
     Number of atomic orbitals:               1200
     Number of orthonormal atomic orbitals:   1200

  - Molecular orbital details:

     Number of occupied orbitals:       250
     Number of virtual orbitals:        950
     Number of molecular orbitals:     1200


  Generating initial SAD density
  ==============================


  Determining reference state
  ===========================

  - Setting initial AO density to sad

     Energy of initial guess:             -3790.469462431977
     Number of electrons in guess:          500.000000000000

  - Screening and integral thresholds:

     Coulomb screening threshold:    0.1000E-15
     Exchange screening threshold:   0.1000E-13
     ERI cutoff:                     0.1000E-15
     One-electron integral  cutoff:  0.1000E-20
     Cumulative Fock threshold:      0.1000E+01

  - SCF solver settings:

     Maximum iterations:                  1000
     Acceleration type:                   diis

  - Convergence thresholds

     Residual threshold:            0.1000E-09

  - DIIS tool settings:

     DIIS dimension:   8

     Storage (solver scf_errors): memory
     Storage (solver scf_parameters): memory

  Iteration       Energy (a.u.)      Max(grad.)    Delta E (a.u.)
  ---------------------------------------------------------------
     1         -3798.983800753861     0.8239E-01     0.3799E+04
     2         -3800.714282281987     0.5580E-01     0.1730E+01
     3         -3800.981544722829     0.3432E-01     0.2673E+00
     4         -3801.067545593311     0.1563E-01     0.8600E-01
     5         -3801.082934720284     0.6390E-02     0.1539E-01
     6         -3801.085355366520     0.2193E-02     0.2421E-02
     7         -3801.085856697556     0.1215E-02     0.5013E-03
     8         -3801.085974437974     0.7302E-03     0.1177E-03
     9         -3801.086008830661     0.4492E-03     0.3439E-04
    10         -3801.086019664603     0.2679E-03     0.1083E-04
    11         -3801.086022765269     0.1573E-03     0.3101E-05
    12         -3801.086023652376     0.8827E-04     0.8871E-06
    13         -3801.086023884942     0.4846E-04     0.2326E-06
    14         -3801.086023948184     0.2883E-04     0.6324E-07
    15         -3801.086023971786     0.1715E-04     0.2360E-07
    16         -3801.086023979527     0.9648E-05     0.7742E-08
    17         -3801.086023982019     0.5073E-05     0.2492E-08
    18         -3801.086023982762     0.3054E-05     0.7421E-09
    19         -3801.086023983007     0.1956E-05     0.2451E-09
    20         -3801.086023983096     0.1172E-05     0.8959E-10
    21         -3801.086023983132     0.7059E-06     0.3547E-10
    22         -3801.086023983142     0.4743E-06     0.1046E-10
    23         -3801.086023983149     0.2989E-06     0.6366E-11
    24         -3801.086023983154     0.1825E-06     0.5002E-11
    25         -3801.086023983153     0.1062E-06     0.9095E-12
    26         -3801.086023983147     0.5806E-07     0.5457E-11
    27         -3801.086023983151     0.2941E-07     0.3638E-11
    28         -3801.086023983153     0.1591E-07     0.1819E-11
    29         -3801.086023983152     0.1055E-07     0.9095E-12
    30         -3801.086023983150     0.7339E-08     0.1819E-11
    31         -3801.086023983147     0.5303E-08     0.2728E-11
    32         -3801.086023983150     0.3477E-08     0.2728E-11
    33         -3801.086023983149     0.2125E-08     0.9095E-12
    34         -3801.086023983152     0.1140E-08     0.3183E-11
    35         -3801.086023983151     0.6741E-09     0.1364E-11
    36         -3801.086023983155     0.4583E-09     0.4547E-11
    37         -3801.086023983151     0.2917E-09     0.4547E-11
    38         -3801.086023983151     0.1714E-09     0.0000E+00
    39         -3801.086023983152     0.9365E-10     0.9095E-12
  ---------------------------------------------------------------
  Convergence criterion met in 39 iterations!

  - Summary of QED-RHF wavefunction energetics (a.u.):

     HOMO-LUMO gap:                  0.639724949055
     Nuclear repulsion energy:    9712.639332800756
     Electronic energy:         -13513.725356783907
     Total energy:               -3801.086023983152

  - QED Parameters and properties

     Optimize photons?   :    True
     Complete basis?     :    False

     Mode 1
      Frequency          :    0.500000000000
      Polarization       :    0.000000000000    1.000000000000    0.000000000000
      Coupling
       sqrt(1/eps V)     :    0.100000000000
       Bilinear          :    0.050000000000
       Quadratic         :    0.005000000000
      Coherent state     :   -0.043651778612

                                                      QEDHF Molecular Gradient
  =====================================================================================================================================
                 1                         2                         3                         4                         5
   1        0.0325430324263566       -0.0208797438150819       -0.0134934570314866        0.0196277648882334        0.0057821539694211
   2        0.0393761696766705       -0.0174236643662374       -0.0186766634545651       -0.0492831747079153        0.0344120085945119
   3       -0.0051491606644460        0.0145428544924017       -0.0139264278572542       -0.0325552711636953        0.0135386778432810

                 6                         7                         8                         9                        10
   1       -0.0238960480132968       -0.0345202446356041        0.0269209987713659        0.0097329207200770       -0.0437378057783575
   2        0.0147831195421570       -0.0282013544544698       -0.0076807035719642        0.0348095157336061       -0.0384774722753783
   3        0.0129523875127922        0.0214946161489960       -0.0171000456993015       -0.0128240364607627        0.0076795079521395

                11                        12                        13                        14                        15
   1        0.0312233417171004        0.0126521149680105        0.0127014979525529        0.0013310362355065       -0.0138357154837946
   2        0.0073884136306846        0.0318690695276667       -0.0519932173381464        0.0358226546312157        0.0204493542180678
   3       -0.0113580221807036        0.0106509882403463        0.0095684547738048        0.0058523731077515       -0.0169640184930819

                16                        17                        18                        19                        20
   1       -0.0363400336179887        0.0204337748771307        0.0170941721062507       -0.0340764614011762        0.0283503661890882
   2        0.0126497759378049        0.0133520729017152       -0.0284436406115739        0.0316485105058115       -0.0154655955445019
   3        0.0357221016680715       -0.0224223500187637       -0.0174046184898123       -0.0211711827896682       -0.0043545802948727

                21                        22                        23                        24                        25
   1        0.0068815823251712       -0.0527672975937522        0.0259680917885565        0.0273410383303692        0.0006184743060890
   2       -0.0123765432073439       -0.0005650275186057        0.0227472471042084       -0.0219166578811442       -0.0588664043481863
   3        0.0271902322416901       -0.0134382600021083        0.0068246873146899       -0.0013399730529934       -0.0169761721953072

                26                        27                        28                        29                        30
   1        0.0151599519361169       -0.0164621741037712       -0.0428231810416329        0.0330025408059082        0.0111514563903732
   2        0.0323596490156088        0.0294751315509721        0.0357392961243736        0.0016729478560139       -0.0362205916496016
   3        0.0085897709323917        0.0077803737956298        0.0293362666653357       -0.0101497167336555       -0.0106635809050016

                31                        32                        33                        34                        35
   1       -0.0404527404939366        0.0309339737088721        0.0119104914243952       -0.0404273098751300        0.0179580122924877
   2        0.0311919730305122        0.0036641543089210       -0.0386430856624587        0.0323306325843324       -0.0037526953778839
   3        0.0041936916073676       -0.0050673313486131       -0.0087065684833327       -0.0175038134486661        0.0250885943863110

                36                        37                        38                        39                        40
   1        0.0222192312253293       -0.0314019929855645        0.0212748344491594        0.0094733084020388       -0.0457116535331125
   2       -0.0298663931201230        0.0401364127490632        0.0000327846480444       -0.0390651351519715        0.0020099719080521
   3       -0.0016387748579252       -0.0252106152774533        0.0243187467934861        0.0081511173677290       -0.0321264771526202

                41                        42                        43                        44                        45
   1        0.0223019155947294        0.0253865614848370       -0.0299665721816006        0.0297417205630288        0.0021619817598209
   2        0.0167037801778929       -0.0205029238465263       -0.0254499948336276        0.0100715286684999        0.0154760302497109
   3        0.0140033300483972        0.0185454976914619        0.0249613441138673       -0.0058099450927354       -0.0265278451568829

                46                        47                        48                        49                        50
   1       -0.0420888665539608        0.0331684916616847        0.0037261127798388       -0.0547959930657439        0.0245443119288973
   2        0.0444678965826714       -0.0067740061226374       -0.0378469187473252       -0.0121901058339061        0.0187776290664632
   3        0.0008482078213075        0.0060530493700651        0.0000908933805545       -0.0037481328865351       -0.0125058328740733

                51                        52                        53                        54                        55
   1        0.0263755055066860       -0.0510588167284926        0.0270410470668229        0.0223242006396040       -0.0532095909928488
   2       -0.0046062212443686        0.0129658125591999       -0.0251366201675721        0.0119201216484481       -0.0161970594939589
   3        0.0169275615657717        0.0240969867291289       -0.0027203878392624       -0.0186535871246659        0.0078331968844268

                56                        57                        58                        59                        60
   1        0.0308749117092583        0.0205528201634551       -0.0344949917063822        0.0075782111316680        0.0229649997934660
   2       -0.0079243354652357        0.0258457098247592        0.0413234682436607       -0.0242075118172718       -0.0166875830237201
   3        0.0038040060035815       -0.0113620419183965        0.0025937487278154       -0.0172096425765259        0.0112162159524651

                61                        62                        63                        64                        65
   1       -0.0536208921327128        0.0301367620314952        0.0246070394187388        0.0267285252193915       -0.0247902126496064
   2        0.0154416567390179       -0.0206381172201740        0.0034383836615709        0.0473352224032128       -0.0113272796711127
   3       -0.0059717065384705       -0.0071490014701698        0.0188997349766389        0.0077163253226669        0.0045504662347767

                66                        67                        68                        69                        70
   1       -0.0044455488327696       -0.0272608161093882        0.0330104331091624       -0.0016136278168741        0.0348225008548507
   2       -0.0377278646616742        0.0473782261224134       -0.0145672280106520       -0.0382219245421000        0.0111650814984924
   3       -0.0108159068483268        0.0134487195006460       -0.0074244313887054        0.0024479390254596       -0.0439391587145273

                71                        72                        73                        74                        75
   1       -0.0065814332369751       -0.0289382543339677       -0.0335610943812365        0.0308711246834037       -0.0015075435804766
   2       -0.0227591714067744        0.0109442904012417       -0.0402736028927183        0.0075889957599539        0.0302529236677078
   3        0.0260129991006089        0.0156119029016281       -0.0174131313706063        0.0045869082624751        0.0186732296239314

                76                        77                        78                        79                        80
   1       -0.0058026552596478        0.0148000709309031       -0.0151183987206385        0.0402980144121425       -0.0124297145004673
   2       -0.0462412859910224        0.0134797402703455        0.0322968957718152       -0.0358651617519759        0.0332003776597372
   3        0.0313730494114081       -0.0232734278923809       -0.0045716384144094       -0.0116235542781524        0.0080365556413233

                81                        82                        83                        84                        85
   1       -0.0262991109148654       -0.0220371795828722        0.0278128170073861       -0.0090881050029854       -0.0460520851696521
   2       -0.0023890002589381       -0.0540115095974454        0.0172050701941407        0.0352238353029755        0.0169619883814452
   3        0.0009101346231627        0.0061652791010445       -0.0010785159697898       -0.0075164250311108        0.0029591435125226

                86                        87                        88                        89                        90
   1        0.0292863771673742        0.0173272525321483       -0.0202764367565101        0.0098015931764392        0.0177008167273963
   2        0.0140621511830105       -0.0317263974275664        0.0466542307963244       -0.0364026051549306       -0.0126571904132154
   3       -0.0138525585297590        0.0012266836786709       -0.0073610106086351       -0.0142492641360321        0.0203860536268860

                91                        92                        93                        94                        95
   1       -0.0194891137370279        0.0203016338354360        0.0005216365605826       -0.0060156422999990        0.0227474648548588
   2       -0.0523318232982392        0.0140272730946203        0.0331078010450276       -0.0561793984331736        0.0294040059055416
   3        0.0056766256959907       -0.0213002270718584        0.0111816958966003       -0.0287927237307399        0.0118609864657887

                96                        97                        98                        99                       100
   1       -0.0145963790519910       -0.0487772691580662        0.0275701413971695        0.0171667182583610        0.0171986912929528
   2        0.0222175866568155        0.0255335366396151        0.0088263086065110       -0.0294056594507746       -0.0257960924169729
   3        0.0154254416059924       -0.0008406608614165       -0.0084698826844179        0.0071773601929285       -0.0448758434865282

               101                       102                       103                       104                       105
   1       -0.0053272662974668       -0.0111526339326649        0.0480681598320123       -0.0230171607629318       -0.0268966799367724
   2       -0.0011671524461864        0.0293190167637971        0.0230460321417911       -0.0122254050156660       -0.0082804883938985
   3        0.0301126342880043        0.0074427270270330       -0.0021278074945204        0.0199144735323722       -0.0172165440004824

               106                       107                       108                       109                       110
   1       -0.0450295328960567        0.0225189658121488        0.0206387751742911        0.0350742657469017       -0.0087262174307792
   2        0.0098210133800999        0.0025479100586304       -0.0128541594242434       -0.0414808433039219        0.0355866458579326
   3       -0.0127314166279067        0.0185591802310545       -0.0127762397802870       -0.0115537369557359       -0.0022303884956335

               111                       112                       113                       114                       115
   1       -0.0258632360518441        0.0383536492985135       -0.0096618820597345       -0.0276961536190772        0.0411165063939276
   2        0.0000954935851096       -0.0045946832203653       -0.0075524963996075        0.0093377474807595       -0.0061631524383154
   3        0.0160625944997847        0.0381479678865919       -0.0298289946606620       -0.0102219394141780        0.0339774433890635

               116                       117                       118                       119                       120
   1       -0.0113559320169173       -0.0330914294535029        0.0472040865974264       -0.0170387060440517       -0.0263534105255153
   2       -0.0086957232326905        0.0115040805541743       -0.0276074261098038        0.0255778021193902       -0.0037830849392123
   3       -0.0288826118700299       -0.0086192363039944       -0.0068010987309301        0.0131591037580234       -0.0040714669106194

               121                       122                       123                       124                       125
   1        0.0414996637160003       -0.0124373377961368       -0.0275017011489786       -0.0036077735002625        0.0002325954429493
   2        0.0280527776411706       -0.0235001361374663       -0.0052480920774851       -0.0336305377833005        0.0353798873714255
   3        0.0044763833486651        0.0097790977116947       -0.0118900316684271       -0.0473693005355503        0.0193233685148968

               126                       127                       128                       129                       130
   1        0.0083011523283717       -0.0243112347862728        0.0267263757479314        0.0045497948685427        0.0457387951244130
   2       -0.0021243302124315       -0.0484842911919353        0.0156662484398704        0.0345009856332201       -0.0082706434681621
   3        0.0289731284459734        0.0033419803196087       -0.0117799828065114        0.0137684115303018        0.0209867690945568

               131                       132                       133                       134                       135
   1       -0.0282963066970908       -0.0149260531504749       -0.0265083315410761        0.0028004109131015        0.0222391634349390
   2       -0.0109359121448389        0.0225603632413548        0.0423187779251056       -0.0136255401442562       -0.0267007394597326
   3       -0.0072777824156145       -0.0145762325838152       -0.0213224883194518        0.0282777477684795       -0.0015369099644584

               136                       137                       138                       139                       140
   1        0.0031404895511504        0.0157948328533033       -0.0208523611726057       -0.0499320916550843        0.0294765930483580
   2        0.0576021220069694       -0.0247063849621282       -0.0247990892168841       -0.0144871060789985       -0.0075256272826949
   3        0.0270695107649975       -0.0200121312393794       -0.0109051034667610        0.0039138525612265       -0.0148059259704163

               141                       142                       143                       144                       145
   1        0.0196486246684871       -0.0244591401567021        0.0316782875508327       -0.0058295113473441       -0.0078363617755827
   2        0.0282787385872716       -0.0421065549994026        0.0135247342311264        0.0319455940392221        0.0497160172843963
   3        0.0128028208479853       -0.0194212351055941        0.0088421664231059        0.0190124697699398       -0.0218267147515300

               146                       147                       148                       149                       150
   1        0.0052525549206325        0.0025391840202405        0.0072813869044722       -0.0211549018432994        0.0099926700632502
   2       -0.0092892361988677       -0.0350940750646470        0.0420460769106288       -0.0226598030638402       -0.0190911619615020
   3        0.0291568913498489       -0.0024323943368471        0.0362462796206244       -0.0091361255090936       -0.0236623962311037
  =====================================================================================================================================

  Peak memory usage during the execution of eT: 171.252140 GB

  Total wall time in eT (sec):           5588.71666
  Total cpu time in eT (sec):          165408.41929

  Calculation end:2022-06-29 02:49:14 UTC +02:00

  - Implementation references:

     eT: https://doi.org/10.1063/5.0004713
     QED-HF: https://doi.org/10.1103/PhysRevX.10.041043

  eT terminated successfully!
