


                     eT 1.8 - an electronic structure program

  ------------------------------------------------------------------------
   Author list in alphabetical order:
  ------------------------------------------------------------------------
   J. H. Andersen, A. Balbi, S. Coriani, S. D. Folkestad, T. Giovannini, 
   L. Goletto, T. S. Haugland, A. Hutcheson, I-M. Høyvik, E. F. Kjønstad, 
   H. Koch, R. Matveeva, T. Moitra, R. H. Myhre, A. C. Paul, S. Roet, 
   E. Ronca, M. Scavino, A. K. Schnack-Petersen, A. S. Skeidsvoll, Å. 
   H. Tveten
  ------------------------------------------------------------------------
   J. Chem. Phys. 152, 184103 (2020); https://doi.org/10.1063/5.0004713


   This is eT 1.8.0 Ibiza (development)
  ------------------------------------------------------------
  Configuration date: 2022-06-27 13:39:14 UTC +02:00
  Git branch:         qed_hf_grad_debug
  Git hash:           5319614efd0ad404db53106547522f391ae25557
  Fortran compiler:   GNU 12.1.0
  C compiler:         GNU 12.1.0
  C++ compiler:       GNU 12.1.0
  LAPACK type:        MKL
  BLAS type:          MKL
  64-bit integers:    ON
  OpenMP:             ON
  PCM:                OFF
  Forced batching:    OFF
  Runtime checks:     OFF
  ------------------------------------------------------------


  :: Input file
  ================

     Note: geometry section is excluded from this print

     system
         name: gradient
         charge: 0
     end system

     do
         ground state
     end do

     memory
         available: 8
     end memory

     method
         qed-hf
     end method

     solver scf
         gradient threshold: 1d-10
         max iterations: 1000
     end solver scf

     qed
         modes:        1
         frequency:    {0.5}
         polarization: {0, 1, 0}
         coupling:     {0.1}
     end qed


  Calculation start:2022-06-27 18:19:23 UTC +02:00

  Running on 44 OMP threads
  Memory available for calculation: 8.000000 GB


  :: QED-RHF wavefunction
  =======================

     ==============================================================================
                                     Geometry (angstrom)
     ==============================================================================
        Atom           X                  Y                  Z         # in input
     ==============================================================================
        Basis: aug-cc-pvtz
        1  O    -4.850100000000    -0.780850000000    -0.545260000000        1
        2  H    -5.236970000000    -1.607240000000    -0.213960000000        2
        3  H    -4.511280000000    -0.369960000000     0.281560000000        3
        4  O    -4.500950000000     2.553520000000    -0.231370000000        4
        5  H    -5.312420000000     2.955070000000     0.118990000000        5
        6  H    -4.239180000000     1.952480000000     0.500910000000        6
        7  O    -1.340670000000     0.436780000000     0.016790000000        7
        8  H    -0.441220000000     0.402630000000    -0.352300000000        8
        9  H    -1.859450000000     0.590350000000    -0.815300000000        9
       10  O    -3.548020000000     0.566130000000     1.556840000000       10
       11  H    -2.678480000000     0.503550000000     1.077810000000       11
       12  H    -3.228010000000     0.522910000000     2.476170000000       12
       13  O    -3.137740000000     0.882800000000    -1.938460000000       13
       14  H    -3.622460000000     1.676990000000    -1.608950000000       14
       15  H    -3.828250000000     0.202120000000    -1.754990000000       15
     ==============================================================================

     ==============================================================================
                                     Geometry (a.u.)
     ==============================================================================
        Atom           X                  Y                  Z         # in input
     ==============================================================================
        Basis: aug-cc-pvtz
        1  O    -9.165360676753    -1.475592644367    -1.030392066680        1
        2  H    -9.896439022563    -3.037243416446    -0.404325801612        2
        3  H    -8.525083671228    -0.699123077044     0.532071287633        3
        4  O    -8.505562800361     4.825453453599    -0.437225933441        4
        5  H   -10.039018858662     5.584272978918     0.224858511562        5
        6  H    -8.010889192734     3.689652463691     0.946582713056        6
        7  O    -2.533499123421     0.825394576688     0.031728501631        7
        8  H    -0.833784960681     0.760860429534    -0.665750513684        8
        9  H    -3.513851242323     1.115599817637    -1.540693709358        9
       10  O    -6.704786084479     1.069830650900     2.942001219768       10
       11  H    -5.061593630125     0.951571590025     2.036765714317       11
       12  H    -6.100054827357     0.988156687796     4.679283137864       12
       13  O    -5.929469250093     1.668250222766    -3.663158503424       13
       14  H    -6.845457297192     3.169051813634    -3.040474848119       14
       15  H    -7.234344036366     0.381951444297    -3.316450451350       15
     ==============================================================================

  - Cholesky decomposition of AO overlap to get linearly independent AOs:

     Linear dependence threshold:             0.10E-05
     Number of atomic orbitals:               460
     Number of orthonormal atomic orbitals:   460

  - Molecular orbital details:

     Number of occupied orbitals:        25
     Number of virtual orbitals:        435
     Number of molecular orbitals:      460


  Generating initial SAD density
  ==============================


  Determining reference state
  ===========================

  - Setting initial AO density to sad

     Energy of initial guess:              -379.395093489377
     Number of electrons in guess:           50.000000000000

  - Screening and integral thresholds:

     Coulomb screening threshold:    0.1000E-15
     Exchange screening threshold:   0.1000E-13
     ERI cutoff:                     0.1000E-15
     One-electron integral  cutoff:  0.1000E-20
     Cumulative Fock threshold:      0.1000E+01

  - SCF solver settings:

     Maximum iterations:                  1000
     Acceleration type:                   diis

  - Convergence thresholds

     Residual threshold:            0.1000E-09

  - DIIS tool settings:

     DIIS dimension:   8

     Storage (solver scf_errors): memory
     Storage (solver scf_parameters): memory

  Iteration       Energy (a.u.)      Max(grad.)    Delta E (a.u.)
  ---------------------------------------------------------------
     1          -380.027091802525     0.8174E-01     0.3800E+03
     2          -380.175485493849     0.4169E-01     0.1484E+00
     3          -380.217953652682     0.6583E-02     0.4247E-01
     4          -380.219263693254     0.1607E-02     0.1310E-02
     5          -380.219374051654     0.6763E-03     0.1104E-03
     6          -380.219389656568     0.1647E-03     0.1560E-04
     7          -380.219391780399     0.4437E-04     0.2124E-05
     8          -380.219391906604     0.1953E-04     0.1262E-06
     9          -380.219391918304     0.8551E-05     0.1170E-07
    10          -380.219391921269     0.2592E-05     0.2966E-08
    11          -380.219391921592     0.9656E-06     0.3229E-09
    12          -380.219391921621     0.3020E-06     0.2825E-10
    13          -380.219391921626     0.1351E-06     0.5343E-11
    14          -380.219391921627     0.4067E-07     0.7958E-12
    15          -380.219391921626     0.1202E-07     0.3411E-12
    16          -380.219391921626     0.4962E-08     0.2842E-12
    17          -380.219391921626     0.2559E-08     0.2274E-12
    18          -380.219391921626     0.1140E-08     0.1705E-12
    19          -380.219391921626     0.3544E-09     0.3979E-12
    20          -380.219391921625     0.1681E-09     0.1080E-11
    21          -380.219391921626     0.6996E-10     0.3411E-12
  ---------------------------------------------------------------
  Convergence criterion met in 21 iterations!

  - Summary of QED-RHF wavefunction energetics (a.u.):

     HOMO-LUMO gap:                  0.530884646112
     Nuclear repulsion energy:     219.426329337683
     Electronic energy:           -599.645721259309
     Total energy:                -380.219391921626

  - QED Parameters and properties

     Optimize photons?   :    True
     Complete basis?     :    False

     Mode 1
      Frequency          :    0.500000000000
      Polarization       :    0.000000000000    1.000000000000    0.000000000000
      Coupling
       sqrt(1/eps V)     :    0.100000000000
       Bilinear          :    0.050000000000
       Quadratic         :    0.005000000000
      Coherent state     :    0.033352284880

                                                              Only HF
  =====================================================================================================================================
                 1                         2                         3                         4                         5
   1        0.0066443048413328       -0.0119284018329454        0.0119286749841297        0.0242108506138735       -0.0260318061550693
   2        0.0194156638015138       -0.0252831287050806        0.0133220692058148        0.0043031993856076        0.0093319418915204
   3       -0.0520052106461525        0.0185096267854886        0.0322521118698987       -0.0495972740171995        0.0182748945655125

                 6                         7                         8                         9                        10
   1        0.0056553650609692       -0.0252658944189144        0.0266196211555346       -0.0051516105876801       -0.0549483641888373
   2       -0.0215936134421193       -0.0038947930895619        0.0004440339596829        0.0040389689709525        0.0041703975360543
   3        0.0279209127697250        0.0537317822795152       -0.0238622659921319       -0.0283075864345509       -0.0235065821282747

                11                        12                        13                        14                        15
   1        0.0314747017878277        0.0208234606295636        0.0547000047823892       -0.0252344706812734       -0.0334964361402556
   2       -0.0021603678216849       -0.0019712407551430       -0.0068251701017862        0.0262776227167204       -0.0195753699697795
   3       -0.0126004902586433        0.0286960182889356       -0.0179174151602108        0.0168547454883375        0.0115572753028566
  =====================================================================================================================================

                                                            After First
  =====================================================================================================================================
                 1                         2                         3                         4                         5
   1        0.0108133674099759       -0.0148414782242654        0.0107220185933050        0.0280347462414519       -0.0284551805580490
   2        0.0260748716310775       -0.0284062713861199        0.0085954074153410       -0.0036653394038509        0.0127903092426726
   3       -0.0518660073040023        0.0195970087125477        0.0329455141386649       -0.0487552521985238        0.0182094239022486

                 6                         7                         8                         9                        10
   1        0.0036386012996332       -0.0268520433123371        0.0271666858094850       -0.0038864792965748       -0.0557008590238276
   2       -0.0160472938924869       -0.0042391230053777        0.0003419420590043        0.0042806903325063        0.0042920014954337
   3        0.0283144310712609        0.0547972583638917       -0.0244774061935651       -0.0294835108094224       -0.0263210380823416

                11                        12                        13                        14                        15
   1        0.0311346416818002        0.0211568226179524        0.0544264519401561       -0.0243079356690149       -0.0330493596590458
   2       -0.0017476659496936       -0.0021532594848496       -0.0072978378832707        0.0253800531685884       -0.0181982707562635
   3       -0.0107404594894216        0.0293019071059685       -0.0178678289581366        0.0157708383680411        0.0105756640858962
  =====================================================================================================================================

                                                      QEDHF Molecular Gradient
  =====================================================================================================================================
                 1                         2                         3                         4                         5
   1        0.0065856466831577       -0.0124006969390215        0.0123014222949505        0.0243361337878823       -0.0266066608131177
   2        0.0224241065922223       -0.0304761080511261        0.0151302696916589        0.0056906594751380        0.0114453077629103
   3       -0.0531478468520264        0.0190334211957918        0.0327462466604458       -0.0504500220561648        0.0185653215532494

                 6                         7                         8                         9                        10
   1        0.0059309952416444       -0.0251850337653653        0.0269656424689920       -0.0055474580813201       -0.0553155833709498
   2       -0.0249771233156950       -0.0044232925251045        0.0002732646051921        0.0045699471553382        0.0047046439050065
   3        0.0284727138767595        0.0542053719014772       -0.0240817189428137       -0.0285245640041052       -0.0233507091827651

                11                        12                        13                        14                        15
   1        0.0314260408893776        0.0210788679626140        0.0559653404953630       -0.0255374293153582       -0.0339972276882040
   2       -0.0021459867332657       -0.0023328339876003       -0.0073576333167560        0.0303326584279128       -0.0228576661031201
   3       -0.0127447840165122        0.0289946734141437       -0.0191059287849850        0.0173623779215440        0.0120259900290671
  =====================================================================================================================================

  Peak memory usage during the execution of eT: 3.606210 GB

  Total wall time in eT (sec):            393.76379
  Total cpu time in eT (sec):           17142.72228

  Calculation end:2022-06-27 18:25:57 UTC +02:00

  - Implementation references:

     eT: https://doi.org/10.1063/5.0004713
     QED-HF: https://doi.org/10.1103/PhysRevX.10.041043

  eT terminated successfully!
