


                     eT 1.8 - an electronic structure program

  ------------------------------------------------------------------------
   Author list in alphabetical order:
  ------------------------------------------------------------------------
   J. H. Andersen, A. Balbi, S. Coriani, S. D. Folkestad, T. Giovannini, 
   L. Goletto, T. S. Haugland, A. Hutcheson, I-M. Høyvik, E. F. Kjønstad, 
   H. Koch, R. Matveeva, T. Moitra, R. H. Myhre, A. C. Paul, S. Roet, 
   E. Ronca, M. Scavino, A. K. Schnack-Petersen, A. S. Skeidsvoll, Å. 
   H. Tveten
  ------------------------------------------------------------------------
   J. Chem. Phys. 152, 184103 (2020); https://doi.org/10.1063/5.0004713


   This is eT 1.8.0 Ibiza (development)
  ------------------------------------------------------------
  Configuration date: 2022-06-27 13:39:14 UTC +02:00
  Git branch:         qed_hf_grad_debug
  Git hash:           5319614efd0ad404db53106547522f391ae25557
  Fortran compiler:   GNU 12.1.0
  C compiler:         GNU 12.1.0
  C++ compiler:       GNU 12.1.0
  LAPACK type:        MKL
  BLAS type:          MKL
  64-bit integers:    ON
  OpenMP:             ON
  PCM:                OFF
  Forced batching:    OFF
  Runtime checks:     OFF
  ------------------------------------------------------------


  :: Input file
  ================

     Note: geometry section is excluded from this print

     system
         name: gradient
         charge: 0
     end system

     do
         ground state
     end do

     memory
         available: 8
     end memory

     method
         qed-hf
     end method

     solver scf
         gradient threshold: 1d-10
         max iterations: 1000
     end solver scf

     qed
         modes:        1
         frequency:    {0.5}
         polarization: {0, 1, 0}
         coupling:     {0.1}
     end qed


  Calculation start:2022-06-27 17:25:24 UTC +02:00

  Running on 44 OMP threads
  Memory available for calculation: 8.000000 GB


  :: QED-RHF wavefunction
  =======================

     ==============================================================================
                                     Geometry (angstrom)
     ==============================================================================
        Atom           X                  Y                  Z         # in input
     ==============================================================================
        Basis: cc-pvdz
        1  O    -4.850100000000    -0.780850000000    -0.545260000000        1
        2  H    -5.236970000000    -1.607240000000    -0.213960000000        2
        3  H    -4.511280000000    -0.369960000000     0.281560000000        3
        4  O    -4.500950000000     2.553520000000    -0.231370000000        4
        5  H    -5.312420000000     2.955070000000     0.118990000000        5
        6  H    -4.239180000000     1.952480000000     0.500910000000        6
        7  O    -1.340670000000     0.436780000000     0.016790000000        7
        8  H    -0.441220000000     0.402630000000    -0.352300000000        8
        9  H    -1.859450000000     0.590350000000    -0.815300000000        9
       10  O    -3.548020000000     0.566130000000     1.556840000000       10
       11  H    -2.678480000000     0.503550000000     1.077810000000       11
       12  H    -3.228010000000     0.522910000000     2.476170000000       12
       13  O    -3.137740000000     0.882800000000    -1.938460000000       13
       14  H    -3.622460000000     1.676990000000    -1.608950000000       14
       15  H    -3.828250000000     0.202120000000    -1.754990000000       15
     ==============================================================================

     ==============================================================================
                                     Geometry (a.u.)
     ==============================================================================
        Atom           X                  Y                  Z         # in input
     ==============================================================================
        Basis: cc-pvdz
        1  O    -9.165360676753    -1.475592644367    -1.030392066680        1
        2  H    -9.896439022563    -3.037243416446    -0.404325801612        2
        3  H    -8.525083671228    -0.699123077044     0.532071287633        3
        4  O    -8.505562800361     4.825453453599    -0.437225933441        4
        5  H   -10.039018858662     5.584272978918     0.224858511562        5
        6  H    -8.010889192734     3.689652463691     0.946582713056        6
        7  O    -2.533499123421     0.825394576688     0.031728501631        7
        8  H    -0.833784960681     0.760860429534    -0.665750513684        8
        9  H    -3.513851242323     1.115599817637    -1.540693709358        9
       10  O    -6.704786084479     1.069830650900     2.942001219768       10
       11  H    -5.061593630125     0.951571590025     2.036765714317       11
       12  H    -6.100054827357     0.988156687796     4.679283137864       12
       13  O    -5.929469250093     1.668250222766    -3.663158503424       13
       14  H    -6.845457297192     3.169051813634    -3.040474848119       14
       15  H    -7.234344036366     0.381951444297    -3.316450451350       15
     ==============================================================================

  - Cholesky decomposition of AO overlap to get linearly independent AOs:

     Linear dependence threshold:             0.10E-05
     Number of atomic orbitals:               120
     Number of orthonormal atomic orbitals:   120

  - Molecular orbital details:

     Number of occupied orbitals:        25
     Number of virtual orbitals:         95
     Number of molecular orbitals:      120


  Generating initial SAD density
  ==============================


  Determining reference state
  ===========================

  - Setting initial AO density to sad

     Energy of initial guess:              -379.516675694285
     Number of electrons in guess:           50.000000000000

  - Screening and integral thresholds:

     Coulomb screening threshold:    0.1000E-15
     Exchange screening threshold:   0.1000E-13
     ERI cutoff:                     0.1000E-15
     One-electron integral  cutoff:  0.1000E-20
     Cumulative Fock threshold:      0.1000E+01

  - SCF solver settings:

     Maximum iterations:                  1000
     Acceleration type:                   diis

  - Convergence thresholds

     Residual threshold:            0.1000E-09

  - DIIS tool settings:

     DIIS dimension:   8

     Storage (solver scf_errors): memory
     Storage (solver scf_parameters): memory

  Iteration       Energy (a.u.)      Max(grad.)    Delta E (a.u.)
  ---------------------------------------------------------------
     1          -379.946257496404     0.7346E-01     0.3799E+03
     2          -380.069384539765     0.4186E-01     0.1231E+00
     3          -380.095785291176     0.6213E-02     0.2640E-01
     4          -380.096953170020     0.1473E-02     0.1168E-02
     5          -380.097037565397     0.5892E-03     0.8440E-04
     6          -380.097047062641     0.1892E-03     0.9497E-05
     7          -380.097048405346     0.3895E-04     0.1343E-05
     8          -380.097048472231     0.1652E-04     0.6688E-07
     9          -380.097048480237     0.7164E-05     0.8006E-08
    10          -380.097048481790     0.2841E-05     0.1553E-08
    11          -380.097048482035     0.1112E-05     0.2450E-09
    12          -380.097048482058     0.3023E-06     0.2302E-10
    13          -380.097048482060     0.1229E-06     0.2046E-11
    14          -380.097048482060     0.3378E-07     0.2842E-12
    15          -380.097048482060     0.9894E-08     0.1137E-12
    16          -380.097048482061     0.4036E-08     0.3979E-12
    17          -380.097048482060     0.1819E-08     0.2842E-12
    18          -380.097048482060     0.9684E-09     0.1705E-12
    19          -380.097048482060     0.3660E-09     0.1705E-12
    20          -380.097048482060     0.1559E-09     0.5684E-13
    21          -380.097048482060     0.6163E-10     0.2842E-12
  ---------------------------------------------------------------
  Convergence criterion met in 21 iterations!

  - Summary of QED-RHF wavefunction energetics (a.u.):

     HOMO-LUMO gap:                  0.638044274945
     Nuclear repulsion energy:     219.426329337683
     Electronic energy:           -599.523377819743
     Total energy:                -380.097048482060

  - QED Parameters and properties

     Optimize photons?   :    True
     Complete basis?     :    False

     Mode 1
      Frequency          :    0.500000000000
      Polarization       :    0.000000000000    1.000000000000    0.000000000000
      Coupling
       sqrt(1/eps V)     :    0.100000000000
       Bilinear          :    0.050000000000
       Quadratic         :    0.005000000000
      Coherent state     :    0.034578992395

                                                              Only HF
  =====================================================================================================================================
                 1                         2                         3                         4                         5
   1        0.0051964795265842       -0.0105315437418934        0.0109406236031994        0.0190630579048773       -0.0214007170739265
   2        0.0153285838001259       -0.0217482327058557        0.0123059382382421        0.0045430125273999        0.0082810955059463
   3       -0.0439088531450648        0.0155416746709617        0.0272818517179761       -0.0411565533188384        0.0151782654018577

                 6                         7                         8                         9                        10
   1        0.0049880208881558       -0.0211119369122690        0.0222113607695757       -0.0040703881605867       -0.0461454664578862
   2       -0.0197078848902376       -0.0032908955551087        0.0003832272459100        0.0035185944202903        0.0035651947476930
   3        0.0230188993743161        0.0452737846502179       -0.0207327811826109       -0.0235350023679685       -0.0190691106357597

                11                        12                        13                        14                        15
   1        0.0255524851667591        0.0177058757799561        0.0472989257158970       -0.0211558766844913       -0.0285409003230931
   2       -0.0014441165034984       -0.0017486854649512       -0.0062869950485818        0.0226771833649642       -0.0163760196807166
   3       -0.0106108653176761        0.0232582136496002       -0.0149604848615645        0.0145207091606874        0.0099002522041358
  =====================================================================================================================================

                                                            After First
  =====================================================================================================================================
                 1                         2                         3                         4                         5
   1        0.0099993138310755       -0.0146503901727404        0.0101877092534757        0.0280336602258141       -0.0313896730811957
   2        0.0046995674813711       -0.0244436969060732        0.0230462638440936        0.0339197102007829       -0.0001808786656910
   3       -0.0462665574655843        0.0194791620408713        0.0274476654670423       -0.0342555608254304        0.0134628975174813

                 6                         7                         8                         9                        10
   1        0.0053550277200462       -0.0229853949234769        0.0244062843208860       -0.0048778247847969       -0.0514330472003219
   2       -0.0381505775141486       -0.0096067875832393        0.0029237054557016        0.0069609130639300        0.0021136746104358
   3        0.0207441197808079        0.0481515980134852       -0.0215568819393240       -0.0252541554964871       -0.0232330659498986

                11                        12                        13                        14                        15
   1        0.0284610374731047        0.0190140852242284        0.0469799574240887       -0.0198494593899903       -0.0272512859193389
   2       -0.0007416558284021       -0.0005604782226834       -0.0053123914243901        0.0260793923037772       -0.0207467608138430
   3       -0.0117642196266512        0.0261678978727661       -0.0148654583065989        0.0128583895147162        0.0088841694030743
  =====================================================================================================================================

                                                      QEDHF Molecular Gradient
  =====================================================================================================================================
                 1                         2                         3                         4                         5
   1        0.0051111576785613       -0.0102955683672310        0.0112387001202808        0.0194891639393478       -0.0215222909694506
   2        0.0178603518025635       -0.0267044619456536        0.0143802393550793        0.0055703215378367        0.0107876352064634
   3       -0.0443953966830846        0.0156121890780228        0.0277785388672166       -0.0418706570865582        0.0154331749863940

                 6                         7                         8                         9                        10
   1        0.0051492265873361       -0.0216996584429982        0.0223326866219111       -0.0040949768061447       -0.0472494646734011
   2       -0.0229506486549222       -0.0039430135350332        0.0001920736494261        0.0041007389746003        0.0043823657277035
   3        0.0237385200378339        0.0460955833323936       -0.0211330506518324       -0.0238634741964763       -0.0202762326285926

                11                        12                        13                        14                        15
   1        0.0259766135764987        0.0181086996625991        0.0475800756843740       -0.0213500948112462       -0.0287742697995790
   2       -0.0017924151247858       -0.0020659369015548       -0.0066051108502247        0.0268813384559664       -0.0200934776958430
   3       -0.0105650753677754        0.0233802882522052       -0.0146712730559440        0.0146152842648241        0.0101215808516432
  =====================================================================================================================================

  Peak memory usage during the execution of eT: 245.462248 MB

  Total wall time in eT (sec):              5.39827
  Total cpu time in eT (sec):             202.40274

  Calculation end:2022-06-27 17:25:29 UTC +02:00

  - Implementation references:

     eT: https://doi.org/10.1063/5.0004713
     QED-HF: https://doi.org/10.1103/PhysRevX.10.041043

  eT terminated successfully!
