


                     eT 1.8 - an electronic structure program

  ------------------------------------------------------------------------
   Author list in alphabetical order:
  ------------------------------------------------------------------------
   J. H. Andersen, A. Balbi, S. Coriani, S. D. Folkestad, T. Giovannini, 
   L. Goletto, T. S. Haugland, A. Hutcheson, I-M. Høyvik, E. F. Kjønstad, 
   H. Koch, R. Matveeva, T. Moitra, R. H. Myhre, A. C. Paul, S. Roet, 
   E. Ronca, M. Scavino, A. K. Schnack-Petersen, A. S. Skeidsvoll, Å. 
   H. Tveten
  ------------------------------------------------------------------------
   J. Chem. Phys. 152, 184103 (2020); https://doi.org/10.1063/5.0004713


   This is eT 1.8.0 Ibiza (development)
  ------------------------------------------------------------
  Configuration date: 2022-06-27 13:39:14 UTC +02:00
  Git branch:         qed_hf_grad_debug
  Git hash:           5319614efd0ad404db53106547522f391ae25557
  Fortran compiler:   GNU 12.1.0
  C compiler:         GNU 12.1.0
  C++ compiler:       GNU 12.1.0
  LAPACK type:        MKL
  BLAS type:          MKL
  64-bit integers:    ON
  OpenMP:             ON
  PCM:                OFF
  Forced batching:    OFF
  Runtime checks:     OFF
  ------------------------------------------------------------


  :: Input file
  ================

     Note: geometry section is excluded from this print

     system
         name: gradient
         charge: 0
     end system

     do
         ground state
     end do

     memory
         available: 8
     end memory

     method
         qed-hf
     end method

     solver scf
         gradient threshold: 1d-10
         max iterations: 1000
     end solver scf

     qed
         modes:        1
         frequency:    {0.5}
         polarization: {0, 1, 0}
         coupling:     {0.1}
     end qed


  Calculation start:2022-06-27 15:45:50 UTC +02:00

  Running on 44 OMP threads
  Memory available for calculation: 8.000000 GB


  :: QED-RHF wavefunction
  =======================

     ==============================================================================
                                     Geometry (angstrom)
     ==============================================================================
        Atom           X                  Y                  Z         # in input
     ==============================================================================
        Basis: aug-cc-pvqz
        1  O     0.000000000000     0.000000000000     0.000000000000        1
        2  H     1.000000000000     0.000000000000     0.000000000000        2
        3  H     0.000000000000     1.000000000000     0.000000000000        3
     ==============================================================================

     ==============================================================================
                                     Geometry (a.u.)
     ==============================================================================
        Atom           X                  Y                  Z         # in input
     ==============================================================================
        Basis: aug-cc-pvqz
        1  O     0.000000000000     0.000000000000     0.000000000000        1
        2  H     1.889726124565     0.000000000000     0.000000000000        2
        3  H     0.000000000000     1.889726124565     0.000000000000        3
     ==============================================================================

  - Cholesky decomposition of AO overlap to get linearly independent AOs:

     Linear dependence threshold:             0.10E-05
     Number of atomic orbitals:               172
     Number of orthonormal atomic orbitals:   172

  - Molecular orbital details:

     Number of occupied orbitals:         5
     Number of virtual orbitals:        167
     Number of molecular orbitals:      172


  Generating initial SAD density
  ==============================


  Determining reference state
  ===========================

  - Setting initial AO density to sad

     Energy of initial guess:               -75.761705009808
     Number of electrons in guess:           10.000000000000

  - Screening and integral thresholds:

     Coulomb screening threshold:    0.1000E-15
     Exchange screening threshold:   0.1000E-13
     ERI cutoff:                     0.1000E-15
     One-electron integral  cutoff:  0.1000E-20
     Cumulative Fock threshold:      0.1000E+01

  - SCF solver settings:

     Maximum iterations:                  1000
     Acceleration type:                   diis

  - Convergence thresholds

     Residual threshold:            0.1000E-09

  - DIIS tool settings:

     DIIS dimension:   8

     Storage (solver scf_errors): memory
     Storage (solver scf_parameters): memory

  Iteration       Energy (a.u.)      Max(grad.)    Delta E (a.u.)
  ---------------------------------------------------------------
     1           -75.979111650334     0.6067E-01     0.7598E+02
     2           -76.011969157646     0.6515E-01     0.3286E-01
     3           -76.031411436517     0.2405E-02     0.1944E-01
     4           -76.031617834313     0.9602E-03     0.2064E-03
     5           -76.031645583283     0.1923E-03     0.2775E-04
     6           -76.031647997156     0.4767E-04     0.2414E-05
     7           -76.031648108081     0.5665E-05     0.1109E-06
     8           -76.031648109397     0.7761E-06     0.1316E-08
     9           -76.031648109428     0.1722E-06     0.3065E-10
    10           -76.031648109430     0.7713E-07     0.2004E-11
    11           -76.031648109430     0.2100E-07     0.2132E-12
    12           -76.031648109430     0.3579E-08     0.4263E-13
    13           -76.031648109430     0.7558E-09     0.1421E-13
    14           -76.031648109430     0.5459E-10     0.9948E-13
  ---------------------------------------------------------------
  Convergence criterion met in 14 iterations!

  - Summary of QED-RHF wavefunction energetics (a.u.):

     HOMO-LUMO gap:                  0.572947997979
     Nuclear repulsion energy:       8.841020169011
     Electronic energy:            -84.872668278441
     Total energy:                 -76.031648109430

  - QED Parameters and properties

     Optimize photons?   :    True
     Complete basis?     :    False

     Mode 1
      Frequency          :    0.500000000000
      Polarization       :    0.000000000000    1.000000000000    0.000000000000
      Coupling
       sqrt(1/eps V)     :    0.100000000000
       Bilinear          :    0.050000000000
       Quadratic         :    0.005000000000
      Coherent state     :   -0.064261103618

                                    Only HF
  =================================================================================
                1                         2                         3
   1       -0.0753101155058909        0.0507927678451058        0.0245173476607853
   2       -0.0769481857305049        0.0244572492971835        0.0524909364333266
   3        0.0000000000000002        0.0000000000000002       -0.0000000000000004
  =================================================================================

                                  After First
  =================================================================================
                1                         2                         3
   1       -0.0751687222380786        0.0504679873172076        0.0247007349208713
   2       -0.0869335081595309        0.0250560811155274        0.0618774270440087
   3       -0.0000000000000000        0.0000000000000001       -0.0000000000000001
  =================================================================================

                            QEDHF Molecular Gradient
  =================================================================================
                1                         2                         3
   1       -0.0759163825176362        0.0511765177942181        0.0247398647234184
   2       -0.0831191923569632        0.0248205430383729        0.0582986493185955
   3        0.0000000000000001        0.0000000000000002       -0.0000000000000003
  =================================================================================

  Peak memory usage during the execution of eT: 103.719256 MB

  Total wall time in eT (sec):             16.79472
  Total cpu time in eT (sec):             610.50142

  Calculation end:2022-06-27 15:46:07 UTC +02:00

  - Implementation references:

     eT: https://doi.org/10.1063/5.0004713
     QED-HF: https://doi.org/10.1103/PhysRevX.10.041043

  eT terminated successfully!
