


                     eT 1.8 - an electronic structure program

  ------------------------------------------------------------------------
   Author list in alphabetical order:
  ------------------------------------------------------------------------
   J. H. Andersen, A. Balbi, S. Coriani, S. D. Folkestad, T. Giovannini, 
   L. Goletto, T. S. Haugland, A. Hutcheson, I-M. Høyvik, E. F. Kjønstad, 
   H. Koch, R. Matveeva, T. Moitra, R. H. Myhre, A. C. Paul, S. Roet, 
   E. Ronca, M. Scavino, A. K. Schnack-Petersen, A. S. Skeidsvoll, Å. 
   H. Tveten
  ------------------------------------------------------------------------
   J. Chem. Phys. 152, 184103 (2020); https://doi.org/10.1063/5.0004713


   This is eT 1.8.0 Ibiza (development)
  ------------------------------------------------------------
  Configuration date: 2022-06-27 13:39:14 UTC +02:00
  Git branch:         qed_hf_grad_debug
  Git hash:           5319614efd0ad404db53106547522f391ae25557
  Fortran compiler:   GNU 12.1.0
  C compiler:         GNU 12.1.0
  C++ compiler:       GNU 12.1.0
  LAPACK type:        MKL
  BLAS type:          MKL
  64-bit integers:    ON
  OpenMP:             ON
  PCM:                OFF
  Forced batching:    OFF
  Runtime checks:     OFF
  ------------------------------------------------------------


  :: Input file
  ================

     Note: geometry section is excluded from this print

     system
         name: gradient
         charge: 0
     end system

     do
         ground state
     end do

     memory
         available: 8
     end memory

     method
         qed-hf
     end method

     solver scf
         gradient threshold: 1d-10
         max iterations: 1000
     end solver scf

     qed
         modes:        1
         frequency:    {0.5}
         polarization: {0, 1, 0}
         coupling:     {0.1}
     end qed


  Calculation start:2022-06-27 15:22:43 UTC +02:00

  Running on 44 OMP threads
  Memory available for calculation: 8.000000 GB


  :: QED-RHF wavefunction
  =======================

     ==============================================================================
                                     Geometry (angstrom)
     ==============================================================================
        Atom           X                  Y                  Z         # in input
     ==============================================================================
        Basis: aug-cc-pvtz
        1  O     0.000000000000     0.000000000000     0.000000000000        1
        2  H     1.000000000000     0.000000000000     0.000000000000        2
        3  H     0.000000000000     1.000000000000     0.000000000000        3
     ==============================================================================

     ==============================================================================
                                     Geometry (a.u.)
     ==============================================================================
        Atom           X                  Y                  Z         # in input
     ==============================================================================
        Basis: aug-cc-pvtz
        1  O     0.000000000000     0.000000000000     0.000000000000        1
        2  H     1.889726124565     0.000000000000     0.000000000000        2
        3  H     0.000000000000     1.889726124565     0.000000000000        3
     ==============================================================================

  - Cholesky decomposition of AO overlap to get linearly independent AOs:

     Linear dependence threshold:             0.10E-05
     Number of atomic orbitals:               92
     Number of orthonormal atomic orbitals:   92

  - Molecular orbital details:

     Number of occupied orbitals:         5
     Number of virtual orbitals:         87
     Number of molecular orbitals:       92


  Generating initial SAD density
  ==============================


  Determining reference state
  ===========================

  - Setting initial AO density to sad

     Energy of initial guess:               -75.758837518692
     Number of electrons in guess:           10.000000000000

  - Screening and integral thresholds:

     Coulomb screening threshold:    0.1000E-15
     Exchange screening threshold:   0.1000E-13
     ERI cutoff:                     0.1000E-15
     One-electron integral  cutoff:  0.1000E-20
     Cumulative Fock threshold:      0.1000E+01

  - SCF solver settings:

     Maximum iterations:                  1000
     Acceleration type:                   diis

  - Convergence thresholds

     Residual threshold:            0.1000E-09

  - DIIS tool settings:

     DIIS dimension:   8

     Storage (solver scf_errors): memory
     Storage (solver scf_parameters): memory

  Iteration       Energy (a.u.)      Max(grad.)    Delta E (a.u.)
  ---------------------------------------------------------------
     1           -75.974263808132     0.8160E-01     0.7597E+02
     2           -76.006990219340     0.6312E-01     0.3273E-01
     3           -76.026241296162     0.2670E-02     0.1925E-01
     4           -76.026446739184     0.8685E-03     0.2054E-03
     5           -76.026473796839     0.2562E-03     0.2706E-04
     6           -76.026476116094     0.5759E-04     0.2319E-05
     7           -76.026476212202     0.6411E-05     0.9611E-07
     8           -76.026476213263     0.1010E-05     0.1062E-08
     9           -76.026476213290     0.2597E-06     0.2619E-10
    10           -76.026476213291     0.9414E-07     0.1805E-11
    11           -76.026476213292     0.2251E-07     0.2132E-12
    12           -76.026476213292     0.6598E-08     0.1563E-12
    13           -76.026476213292     0.6156E-09     0.4263E-13
    14           -76.026476213292     0.6294E-10     0.1421E-13
  ---------------------------------------------------------------
  Convergence criterion met in 14 iterations!

  - Summary of QED-RHF wavefunction energetics (a.u.):

     HOMO-LUMO gap:                  0.571432546511
     Nuclear repulsion energy:       8.841020169011
     Electronic energy:            -84.867496382303
     Total energy:                 -76.026476213292

  - QED Parameters and properties

     Optimize photons?   :    True
     Complete basis?     :    False

     Mode 1
      Frequency          :    0.500000000000
      Polarization       :    0.000000000000    1.000000000000    0.000000000000
      Coupling
       sqrt(1/eps V)     :    0.100000000000
       Bilinear          :    0.050000000000
       Quadratic         :    0.005000000000
      Coherent state     :   -0.064399414559

                                    Only HF
  =================================================================================
                1                         2                         3
   1       -0.0741244434122609        0.0496251344987806        0.0244993089134822
   2       -0.0753128148971968        0.0244779616108671        0.0508348532863329
   3        0.0000000000000002       -0.0000000000000002        0.0000000000000001
  =================================================================================

                                  After First
  =================================================================================
                1                         2                         3
   1       -0.0734038562837116        0.0486423552124367        0.0247615010712767
   2       -0.0829687138934624        0.0260364732704201        0.0569322406230454
   3        0.0000000000000001       -0.0000000000000002        0.0000000000000000
  =================================================================================

                            QEDHF Molecular Gradient
  =================================================================================
                1                         2                         3
   1       -0.0747728609695509        0.0499999099799872        0.0247729509895655
   2       -0.0819610706338131        0.0248476591611025        0.0571134114727137
   3        0.0000000000000002       -0.0000000000000002        0.0000000000000001
  =================================================================================

  Peak memory usage during the execution of eT: 29.685336 MB

  Total wall time in eT (sec):              2.26548
  Total cpu time in eT (sec):              72.14891

  Calculation end:2022-06-27 15:22:45 UTC +02:00

  - Implementation references:

     eT: https://doi.org/10.1063/5.0004713
     QED-HF: https://doi.org/10.1103/PhysRevX.10.041043

  eT terminated successfully!
